CRITICAL - 2023-06-17 05:27:15 --> Invalid file: "ebook/index .php"
in SYSTEMPATH\Exceptions\FrameworkException.php on line 33.
 1 SYSTEMPATH\View\View.php(201): CodeIgniter\Exceptions\FrameworkException::forInvalidFile('ebook/index .php')
 2 SYSTEMPATH\Common.php(1184): CodeIgniter\View\View->render('ebook/index ', [], true)
 3 APPPATH\Controllers\Home.php(9): view('ebook/index ')
 4 SYSTEMPATH\CodeIgniter.php(934): App\Controllers\Home->index()
 5 SYSTEMPATH\CodeIgniter.php(499): CodeIgniter\CodeIgniter->runController(Object(App\Controllers\Home))
 6 SYSTEMPATH\CodeIgniter.php(368): CodeIgniter\CodeIgniter->handleRequest(null, Object(Config\Cache), false)
 7 FCPATH\index.php(67): CodeIgniter\CodeIgniter->run()
CRITICAL - 2023-06-17 08:20:51 --> Invalid file: "ebook/category/category.php"
in SYSTEMPATH\Exceptions\FrameworkException.php on line 33.
 1 SYSTEMPATH\View\View.php(201): CodeIgniter\Exceptions\FrameworkException::forInvalidFile('ebook/category/category.php')
 2 SYSTEMPATH\Common.php(1184): CodeIgniter\View\View->render('ebook/category/category', [], true)
 3 APPPATH\Controllers\Home.php(31): view('ebook/category/category')
 4 SYSTEMPATH\CodeIgniter.php(934): App\Controllers\Home->category()
 5 SYSTEMPATH\CodeIgniter.php(499): CodeIgniter\CodeIgniter->runController(Object(App\Controllers\Home))
 6 SYSTEMPATH\CodeIgniter.php(368): CodeIgniter\CodeIgniter->handleRequest(null, Object(Config\Cache), false)
 7 FCPATH\index.php(67): CodeIgniter\CodeIgniter->run()
CRITICAL - 2023-06-17 08:29:32 --> Cannot redeclare App\Controllers\Home::category()
in APPPATH\Controllers\Home.php on line 42.
 1 [internal function]: CodeIgniter\Debug\Exceptions->shutdownHandler()
CRITICAL - 2023-06-17 08:29:45 --> Cannot redeclare App\Controllers\Home::category()
in APPPATH\Controllers\Home.php on line 42.
 1 [internal function]: CodeIgniter\Debug\Exceptions->shutdownHandler()
CRITICAL - 2023-06-17 08:29:48 --> Cannot redeclare App\Controllers\Home::category()
in APPPATH\Controllers\Home.php on line 42.
 1 [internal function]: CodeIgniter\Debug\Exceptions->shutdownHandler()
CRITICAL - 2023-06-17 08:30:05 --> Cannot redeclare App\Controllers\Home::category()
in APPPATH\Controllers\Home.php on line 42.
 1 [internal function]: CodeIgniter\Debug\Exceptions->shutdownHandler()
CRITICAL - 2023-06-17 08:33:15 --> Invalid file: "ebook/category/ebook.php"
in SYSTEMPATH\Exceptions\FrameworkException.php on line 33.
 1 SYSTEMPATH\View\View.php(201): CodeIgniter\Exceptions\FrameworkException::forInvalidFile('ebook/category/ebook.php')
 2 SYSTEMPATH\Common.php(1184): CodeIgniter\View\View->render('ebook/category/ebook', [], true)
 3 APPPATH\Controllers\Home.php(31): view('ebook/category/ebook')
 4 SYSTEMPATH\CodeIgniter.php(934): App\Controllers\Home->category()
 5 SYSTEMPATH\CodeIgniter.php(499): CodeIgniter\CodeIgniter->runController(Object(App\Controllers\Home))
 6 SYSTEMPATH\CodeIgniter.php(368): CodeIgniter\CodeIgniter->handleRequest(null, Object(Config\Cache), false)
 7 FCPATH\index.php(67): CodeIgniter\CodeIgniter->run()
CRITICAL - 2023-06-17 12:32:18 --> Call to undefined method App\Models\AuthorModel::all
in SYSTEMPATH\Model.php on line 842.
 1 APPPATH\Controllers\Home.php(40): CodeIgniter\Model->__call('all', [])
 2 SYSTEMPATH\CodeIgniter.php(934): App\Controllers\Home->author()
 3 SYSTEMPATH\CodeIgniter.php(499): CodeIgniter\CodeIgniter->runController(Object(App\Controllers\Home))
 4 SYSTEMPATH\CodeIgniter.php(368): CodeIgniter\CodeIgniter->handleRequest(null, Object(Config\Cache), false)
 5 FCPATH\index.php(67): CodeIgniter\CodeIgniter->run()
CRITICAL - 2023-06-17 12:33:44 --> Call to undefined method App\Models\AuthorModel::all
in SYSTEMPATH\Model.php on line 842.
 1 APPPATH\Controllers\Home.php(40): CodeIgniter\Model->__call('all', [])
 2 SYSTEMPATH\CodeIgniter.php(934): App\Controllers\Home->author()
 3 SYSTEMPATH\CodeIgniter.php(499): CodeIgniter\CodeIgniter->runController(Object(App\Controllers\Home))
 4 SYSTEMPATH\CodeIgniter.php(368): CodeIgniter\CodeIgniter->handleRequest(null, Object(Config\Cache), false)
 5 FCPATH\index.php(67): CodeIgniter\CodeIgniter->run()
CRITICAL - 2023-06-17 12:34:44 --> Call to undefined method App\Models\AuthorModel::all
in SYSTEMPATH\Model.php on line 842.
 1 APPPATH\Controllers\Home.php(40): CodeIgniter\Model->__call('all', [])
 2 SYSTEMPATH\CodeIgniter.php(934): App\Controllers\Home->author()
 3 SYSTEMPATH\CodeIgniter.php(499): CodeIgniter\CodeIgniter->runController(Object(App\Controllers\Home))
 4 SYSTEMPATH\CodeIgniter.php(368): CodeIgniter\CodeIgniter->handleRequest(null, Object(Config\Cache), false)
 5 FCPATH\index.php(67): CodeIgniter\CodeIgniter->run()
CRITICAL - 2023-06-17 12:39:30 --> Undefined variable $data
in APPPATH\Views\ebook\index.php on line 167.
 1 APPPATH\Views\ebook\index.php(167): CodeIgniter\Debug\Exceptions->errorHandler(2, 'Undefined variable $data', 'C:\\xampp\\htdocs\\ebook\\app\\Views\\ebook\\index.php', 167)
 2 SYSTEMPATH\View\View.php(213): include('C:\\xampp\\htdocs\\ebook\\app\\Views\\ebook\\index.php')
 3 SYSTEMPATH\View\View.php(216): CodeIgniter\View\View->CodeIgniter\View\{closure}()
 4 SYSTEMPATH\Common.php(1184): CodeIgniter\View\View->render('ebook/index', [], true)
 5 APPPATH\Controllers\Home.php(13): view('ebook/index')
 6 SYSTEMPATH\CodeIgniter.php(934): App\Controllers\Home->index()
 7 SYSTEMPATH\CodeIgniter.php(499): CodeIgniter\CodeIgniter->runController(Object(App\Controllers\Home))
 8 SYSTEMPATH\CodeIgniter.php(368): CodeIgniter\CodeIgniter->handleRequest(null, Object(Config\Cache), false)
 9 FCPATH\index.php(67): CodeIgniter\CodeIgniter->run()
CRITICAL - 2023-06-17 12:39:32 --> Undefined variable $data
in APPPATH\Views\ebook\index.php on line 167.
 1 APPPATH\Views\ebook\index.php(167): CodeIgniter\Debug\Exceptions->errorHandler(2, 'Undefined variable $data', 'C:\\xampp\\htdocs\\ebook\\app\\Views\\ebook\\index.php', 167)
 2 SYSTEMPATH\View\View.php(213): include('C:\\xampp\\htdocs\\ebook\\app\\Views\\ebook\\index.php')
 3 SYSTEMPATH\View\View.php(216): CodeIgniter\View\View->CodeIgniter\View\{closure}()
 4 SYSTEMPATH\Common.php(1184): CodeIgniter\View\View->render('ebook/index', [], true)
 5 APPPATH\Controllers\Home.php(13): view('ebook/index')
 6 SYSTEMPATH\CodeIgniter.php(934): App\Controllers\Home->index()
 7 SYSTEMPATH\CodeIgniter.php(499): CodeIgniter\CodeIgniter->runController(Object(App\Controllers\Home))
 8 SYSTEMPATH\CodeIgniter.php(368): CodeIgniter\CodeIgniter->handleRequest(null, Object(Config\Cache), false)
 9 FCPATH\index.php(67): CodeIgniter\CodeIgniter->run()
CRITICAL - 2023-06-17 12:46:39 --> Call to undefined method App\Models\AuthorModel::all
in SYSTEMPATH\Model.php on line 842.
 1 APPPATH\Controllers\Home.php(40): CodeIgniter\Model->__call('all', [])
 2 SYSTEMPATH\CodeIgniter.php(934): App\Controllers\Home->author()
 3 SYSTEMPATH\CodeIgniter.php(499): CodeIgniter\CodeIgniter->runController(Object(App\Controllers\Home))
 4 SYSTEMPATH\CodeIgniter.php(368): CodeIgniter\CodeIgniter->handleRequest(null, Object(Config\Cache), false)
 5 FCPATH\index.php(67): CodeIgniter\CodeIgniter->run()
