INFO - 2023-07-02 04:27:06 --> Session: Class initialized using 'CodeIgniter\Session\Handlers\FileHandler' driver.
INFO - 2023-07-02 04:27:50 --> Session: Class initialized using 'CodeIgniter\Session\Handlers\FileHandler' driver.
INFO - 2023-07-02 04:32:04 --> Session: Class initialized using 'CodeIgniter\Session\Handlers\FileHandler' driver.
INFO - 2023-07-02 04:33:01 --> Session: Class initialized using 'CodeIgniter\Session\Handlers\FileHandler' driver.
INFO - 2023-07-02 04:40:07 --> Session: Class initialized using 'CodeIgniter\Session\Handlers\FileHandler' driver.
CRITICAL - 2023-07-02 04:45:43 --> Undefined property: App\Controllers\EbookController::$db
in APPPATH\Controllers\EbookController.php on line 115.
 1 APPPATH\Controllers\EbookController.php(115): CodeIgniter\Debug\Exceptions->errorHandler(2, 'Undefined property: App\\Controllers\\EbookController::$db', 'C:\\xampp\\htdocs\\ebook\\app\\Controllers\\EbookController.php', 115)
 2 SYSTEMPATH\CodeIgniter.php(934): App\Controllers\EbookController->addebook()
 3 SYSTEMPATH\CodeIgniter.php(499): CodeIgniter\CodeIgniter->runController(Object(App\Controllers\EbookController))
 4 SYSTEMPATH\CodeIgniter.php(368): CodeIgniter\CodeIgniter->handleRequest(null, Object(Config\Cache), false)
 5 FCPATH\index.php(67): CodeIgniter\CodeIgniter->run()
CRITICAL - 2023-07-02 04:50:24 --> Object of class App\Models\EbookModel could not be converted to string
in APPPATH\Controllers\EbookController.php on line 115.
 1 SYSTEMPATH\CodeIgniter.php(934): App\Controllers\EbookController->addebook()
 2 SYSTEMPATH\CodeIgniter.php(499): CodeIgniter\CodeIgniter->runController(Object(App\Controllers\EbookController))
 3 SYSTEMPATH\CodeIgniter.php(368): CodeIgniter\CodeIgniter->handleRequest(null, Object(Config\Cache), false)
 4 FCPATH\index.php(67): CodeIgniter\CodeIgniter->run()
CRITICAL - 2023-07-02 04:51:15 --> Undefined property: App\Controllers\EbookController::$db
in APPPATH\Controllers\EbookController.php on line 115.
 1 APPPATH\Controllers\EbookController.php(115): CodeIgniter\Debug\Exceptions->errorHandler(2, 'Undefined property: App\\Controllers\\EbookController::$db', 'C:\\xampp\\htdocs\\ebook\\app\\Controllers\\EbookController.php', 115)
 2 SYSTEMPATH\CodeIgniter.php(934): App\Controllers\EbookController->addebook()
 3 SYSTEMPATH\CodeIgniter.php(499): CodeIgniter\CodeIgniter->runController(Object(App\Controllers\EbookController))
 4 SYSTEMPATH\CodeIgniter.php(368): CodeIgniter\CodeIgniter->handleRequest(null, Object(Config\Cache), false)
 5 FCPATH\index.php(67): CodeIgniter\CodeIgniter->run()
CRITICAL - 2023-07-02 04:55:28 --> Call to undefined method CodeIgniter\Database\MySQLi\Connection::last_query()
in APPPATH\Controllers\EbookController.php on line 120.
 1 SYSTEMPATH\CodeIgniter.php(934): App\Controllers\EbookController->addebook()
 2 SYSTEMPATH\CodeIgniter.php(499): CodeIgniter\CodeIgniter->runController(Object(App\Controllers\EbookController))
 3 SYSTEMPATH\CodeIgniter.php(368): CodeIgniter\CodeIgniter->handleRequest(null, Object(Config\Cache), false)
 4 FCPATH\index.php(67): CodeIgniter\CodeIgniter->run()
CRITICAL - 2023-07-02 04:55:47 --> Call to undefined method CodeIgniter\Database\MySQLi\Connection::last_query()
in APPPATH\Controllers\EbookController.php on line 120.
 1 SYSTEMPATH\CodeIgniter.php(934): App\Controllers\EbookController->addebook()
 2 SYSTEMPATH\CodeIgniter.php(499): CodeIgniter\CodeIgniter->runController(Object(App\Controllers\EbookController))
 3 SYSTEMPATH\CodeIgniter.php(368): CodeIgniter\CodeIgniter->handleRequest(null, Object(Config\Cache), false)
 4 FCPATH\index.php(67): CodeIgniter\CodeIgniter->run()
CRITICAL - 2023-07-02 04:59:41 --> Undefined variable $db
in APPPATH\Controllers\EbookController.php on line 120.
 1 APPPATH\Controllers\EbookController.php(120): CodeIgniter\Debug\Exceptions->errorHandler(2, 'Undefined variable $db', 'C:\\xampp\\htdocs\\ebook\\app\\Controllers\\EbookController.php', 120)
 2 SYSTEMPATH\CodeIgniter.php(934): App\Controllers\EbookController->addebook()
 3 SYSTEMPATH\CodeIgniter.php(499): CodeIgniter\CodeIgniter->runController(Object(App\Controllers\EbookController))
 4 SYSTEMPATH\CodeIgniter.php(368): CodeIgniter\CodeIgniter->handleRequest(null, Object(Config\Cache), false)
 5 FCPATH\index.php(67): CodeIgniter\CodeIgniter->run()
INFO - 2023-07-02 05:06:05 --> Session: Class initialized using 'CodeIgniter\Session\Handlers\FileHandler' driver.
INFO - 2023-07-02 05:06:37 --> Session: Class initialized using 'CodeIgniter\Session\Handlers\FileHandler' driver.
INFO - 2023-07-02 05:06:58 --> Session: Class initialized using 'CodeIgniter\Session\Handlers\FileHandler' driver.
