ERROR - 2023-07-31 03:34:12 --> Error connecting to the database: mysqli_sql_exception: No connection could be made because the target machine actively refused it in C:\xampp\htdocs\variant\system\Database\MySQLi\Connection.php:174
Stack trace:
#0 C:\xampp\htdocs\variant\system\Database\MySQLi\Connection.php(174): mysqli->real_connect('localhost', 'root', '', 'variant', 3306, '', 0)
#1 C:\xampp\htdocs\variant\system\Database\BaseConnection.php(391): CodeIgniter\Database\MySQLi\Connection->connect(false)
#2 C:\xampp\htdocs\variant\system\Database\BaseConnection.php(574): CodeIgniter\Database\BaseConnection->initialize()
#3 C:\xampp\htdocs\variant\system\Database\BaseBuilder.php(1616): CodeIgniter\Database\BaseConnection->query('SELECT *\nFROM `...', Array, false)
#4 C:\xampp\htdocs\variant\system\Model.php(241): CodeIgniter\Database\BaseBuilder->get()
#5 C:\xampp\htdocs\variant\system\BaseModel.php(618): CodeIgniter\Model->doFindAll(0, 0)
#6 C:\xampp\htdocs\variant\app\Controllers\VariantHomeController.php(20): CodeIgniter\BaseModel->findAll()
#7 C:\xampp\htdocs\variant\system\CodeIgniter.php(934): App\Controllers\VariantHomeController->language()
#8 C:\xampp\htdocs\variant\system\CodeIgniter.php(499): CodeIgniter\CodeIgniter->runController(Object(App\Controllers\VariantHomeController))
#9 C:\xampp\htdocs\variant\system\CodeIgniter.php(368): CodeIgniter\CodeIgniter->handleRequest(NULL, Object(Config\Cache), false)
#10 C:\xampp\htdocs\variant\index.php(67): CodeIgniter\CodeIgniter->run()
#11 {main}

Next CodeIgniter\Database\Exceptions\DatabaseException: No connection could be made because the target machine actively refused it in C:\xampp\htdocs\variant\system\Database\MySQLi\Connection.php:218
Stack trace:
#0 C:\xampp\htdocs\variant\system\Database\BaseConnection.php(391): CodeIgniter\Database\MySQLi\Connection->connect(false)
#1 C:\xampp\htdocs\variant\system\Database\BaseConnection.php(574): CodeIgniter\Database\BaseConnection->initialize()
#2 C:\xampp\htdocs\variant\system\Database\BaseBuilder.php(1616): CodeIgniter\Database\BaseConnection->query('SELECT *\nFROM `...', Array, false)
#3 C:\xampp\htdocs\variant\system\Model.php(241): CodeIgniter\Database\BaseBuilder->get()
#4 C:\xampp\htdocs\variant\system\BaseModel.php(618): CodeIgniter\Model->doFindAll(0, 0)
#5 C:\xampp\htdocs\variant\app\Controllers\VariantHomeController.php(20): CodeIgniter\BaseModel->findAll()
#6 C:\xampp\htdocs\variant\system\CodeIgniter.php(934): App\Controllers\VariantHomeController->language()
#7 C:\xampp\htdocs\variant\system\CodeIgniter.php(499): CodeIgniter\CodeIgniter->runController(Object(App\Controllers\VariantHomeController))
#8 C:\xampp\htdocs\variant\system\CodeIgniter.php(368): CodeIgniter\CodeIgniter->handleRequest(NULL, Object(Config\Cache), false)
#9 C:\xampp\htdocs\variant\index.php(67): CodeIgniter\CodeIgniter->run()
#10 {main}
CRITICAL - 2023-07-31 03:34:12 --> Unable to connect to the database.
Main connection [MySQLi]: No connection could be made because the target machine actively refused it
in SYSTEMPATH\Database\BaseConnection.php on line 427.
 1 SYSTEMPATH\Database\BaseConnection.php(574): CodeIgniter\Database\BaseConnection->initialize()
 2 SYSTEMPATH\Database\BaseBuilder.php(1616): CodeIgniter\Database\BaseConnection->query('SELECT *
FROM `languagetable`', [], false)
 3 SYSTEMPATH\Model.php(241): CodeIgniter\Database\BaseBuilder->get()
 4 SYSTEMPATH\BaseModel.php(618): CodeIgniter\Model->doFindAll(0, 0)
 5 APPPATH\Controllers\VariantHomeController.php(20): CodeIgniter\BaseModel->findAll()
 6 SYSTEMPATH\CodeIgniter.php(934): App\Controllers\VariantHomeController->language()
 7 SYSTEMPATH\CodeIgniter.php(499): CodeIgniter\CodeIgniter->runController(Object(App\Controllers\VariantHomeController))
 8 SYSTEMPATH\CodeIgniter.php(368): CodeIgniter\CodeIgniter->handleRequest(null, Object(Config\Cache), false)
 9 FCPATH\index.php(67): CodeIgniter\CodeIgniter->run()
ERROR - 2023-07-31 03:34:16 --> Error connecting to the database: mysqli_sql_exception: No connection could be made because the target machine actively refused it in C:\xampp\htdocs\variant\system\Database\MySQLi\Connection.php:174
Stack trace:
#0 C:\xampp\htdocs\variant\system\Database\MySQLi\Connection.php(174): mysqli->real_connect('localhost', 'root', '', 'variant', 3306, '', 0)
#1 C:\xampp\htdocs\variant\system\Database\BaseConnection.php(391): CodeIgniter\Database\MySQLi\Connection->connect(false)
#2 C:\xampp\htdocs\variant\system\Database\BaseConnection.php(574): CodeIgniter\Database\BaseConnection->initialize()
#3 C:\xampp\htdocs\variant\system\Database\BaseBuilder.php(1616): CodeIgniter\Database\BaseConnection->query('SELECT *\nFROM `...', Array, false)
#4 C:\xampp\htdocs\variant\system\Model.php(241): CodeIgniter\Database\BaseBuilder->get()
#5 C:\xampp\htdocs\variant\system\BaseModel.php(618): CodeIgniter\Model->doFindAll(0, 0)
#6 C:\xampp\htdocs\variant\app\Controllers\VariantHomeController.php(20): CodeIgniter\BaseModel->findAll()
#7 C:\xampp\htdocs\variant\system\CodeIgniter.php(934): App\Controllers\VariantHomeController->language()
#8 C:\xampp\htdocs\variant\system\CodeIgniter.php(499): CodeIgniter\CodeIgniter->runController(Object(App\Controllers\VariantHomeController))
#9 C:\xampp\htdocs\variant\system\CodeIgniter.php(368): CodeIgniter\CodeIgniter->handleRequest(NULL, Object(Config\Cache), false)
#10 C:\xampp\htdocs\variant\index.php(67): CodeIgniter\CodeIgniter->run()
#11 {main}

Next CodeIgniter\Database\Exceptions\DatabaseException: No connection could be made because the target machine actively refused it in C:\xampp\htdocs\variant\system\Database\MySQLi\Connection.php:218
Stack trace:
#0 C:\xampp\htdocs\variant\system\Database\BaseConnection.php(391): CodeIgniter\Database\MySQLi\Connection->connect(false)
#1 C:\xampp\htdocs\variant\system\Database\BaseConnection.php(574): CodeIgniter\Database\BaseConnection->initialize()
#2 C:\xampp\htdocs\variant\system\Database\BaseBuilder.php(1616): CodeIgniter\Database\BaseConnection->query('SELECT *\nFROM `...', Array, false)
#3 C:\xampp\htdocs\variant\system\Model.php(241): CodeIgniter\Database\BaseBuilder->get()
#4 C:\xampp\htdocs\variant\system\BaseModel.php(618): CodeIgniter\Model->doFindAll(0, 0)
#5 C:\xampp\htdocs\variant\app\Controllers\VariantHomeController.php(20): CodeIgniter\BaseModel->findAll()
#6 C:\xampp\htdocs\variant\system\CodeIgniter.php(934): App\Controllers\VariantHomeController->language()
#7 C:\xampp\htdocs\variant\system\CodeIgniter.php(499): CodeIgniter\CodeIgniter->runController(Object(App\Controllers\VariantHomeController))
#8 C:\xampp\htdocs\variant\system\CodeIgniter.php(368): CodeIgniter\CodeIgniter->handleRequest(NULL, Object(Config\Cache), false)
#9 C:\xampp\htdocs\variant\index.php(67): CodeIgniter\CodeIgniter->run()
#10 {main}
CRITICAL - 2023-07-31 03:34:16 --> Unable to connect to the database.
Main connection [MySQLi]: No connection could be made because the target machine actively refused it
in SYSTEMPATH\Database\BaseConnection.php on line 427.
 1 SYSTEMPATH\Database\BaseConnection.php(574): CodeIgniter\Database\BaseConnection->initialize()
 2 SYSTEMPATH\Database\BaseBuilder.php(1616): CodeIgniter\Database\BaseConnection->query('SELECT *
FROM `languagetable`', [], false)
 3 SYSTEMPATH\Model.php(241): CodeIgniter\Database\BaseBuilder->get()
 4 SYSTEMPATH\BaseModel.php(618): CodeIgniter\Model->doFindAll(0, 0)
 5 APPPATH\Controllers\VariantHomeController.php(20): CodeIgniter\BaseModel->findAll()
 6 SYSTEMPATH\CodeIgniter.php(934): App\Controllers\VariantHomeController->language()
 7 SYSTEMPATH\CodeIgniter.php(499): CodeIgniter\CodeIgniter->runController(Object(App\Controllers\VariantHomeController))
 8 SYSTEMPATH\CodeIgniter.php(368): CodeIgniter\CodeIgniter->handleRequest(null, Object(Config\Cache), false)
 9 FCPATH\index.php(67): CodeIgniter\CodeIgniter->run()
ERROR - 2023-07-31 03:34:59 --> Error connecting to the database: mysqli_sql_exception: No connection could be made because the target machine actively refused it in C:\xampp\htdocs\variant\system\Database\MySQLi\Connection.php:174
Stack trace:
#0 C:\xampp\htdocs\variant\system\Database\MySQLi\Connection.php(174): mysqli->real_connect('localhost', 'root', '', 'variant', 3306, '', 0)
#1 C:\xampp\htdocs\variant\system\Database\BaseConnection.php(391): CodeIgniter\Database\MySQLi\Connection->connect(false)
#2 C:\xampp\htdocs\variant\system\Database\BaseConnection.php(574): CodeIgniter\Database\BaseConnection->initialize()
#3 C:\xampp\htdocs\variant\system\Database\BaseBuilder.php(1616): CodeIgniter\Database\BaseConnection->query('SELECT *\nFROM `...', Array, false)
#4 C:\xampp\htdocs\variant\system\Model.php(241): CodeIgniter\Database\BaseBuilder->get()
#5 C:\xampp\htdocs\variant\system\BaseModel.php(618): CodeIgniter\Model->doFindAll(0, 0)
#6 C:\xampp\htdocs\variant\app\Controllers\VariantHomeController.php(20): CodeIgniter\BaseModel->findAll()
#7 C:\xampp\htdocs\variant\system\CodeIgniter.php(934): App\Controllers\VariantHomeController->language()
#8 C:\xampp\htdocs\variant\system\CodeIgniter.php(499): CodeIgniter\CodeIgniter->runController(Object(App\Controllers\VariantHomeController))
#9 C:\xampp\htdocs\variant\system\CodeIgniter.php(368): CodeIgniter\CodeIgniter->handleRequest(NULL, Object(Config\Cache), false)
#10 C:\xampp\htdocs\variant\index.php(67): CodeIgniter\CodeIgniter->run()
#11 {main}

Next CodeIgniter\Database\Exceptions\DatabaseException: No connection could be made because the target machine actively refused it in C:\xampp\htdocs\variant\system\Database\MySQLi\Connection.php:218
Stack trace:
#0 C:\xampp\htdocs\variant\system\Database\BaseConnection.php(391): CodeIgniter\Database\MySQLi\Connection->connect(false)
#1 C:\xampp\htdocs\variant\system\Database\BaseConnection.php(574): CodeIgniter\Database\BaseConnection->initialize()
#2 C:\xampp\htdocs\variant\system\Database\BaseBuilder.php(1616): CodeIgniter\Database\BaseConnection->query('SELECT *\nFROM `...', Array, false)
#3 C:\xampp\htdocs\variant\system\Model.php(241): CodeIgniter\Database\BaseBuilder->get()
#4 C:\xampp\htdocs\variant\system\BaseModel.php(618): CodeIgniter\Model->doFindAll(0, 0)
#5 C:\xampp\htdocs\variant\app\Controllers\VariantHomeController.php(20): CodeIgniter\BaseModel->findAll()
#6 C:\xampp\htdocs\variant\system\CodeIgniter.php(934): App\Controllers\VariantHomeController->language()
#7 C:\xampp\htdocs\variant\system\CodeIgniter.php(499): CodeIgniter\CodeIgniter->runController(Object(App\Controllers\VariantHomeController))
#8 C:\xampp\htdocs\variant\system\CodeIgniter.php(368): CodeIgniter\CodeIgniter->handleRequest(NULL, Object(Config\Cache), false)
#9 C:\xampp\htdocs\variant\index.php(67): CodeIgniter\CodeIgniter->run()
#10 {main}
CRITICAL - 2023-07-31 03:34:59 --> Unable to connect to the database.
Main connection [MySQLi]: No connection could be made because the target machine actively refused it
in SYSTEMPATH\Database\BaseConnection.php on line 427.
 1 SYSTEMPATH\Database\BaseConnection.php(574): CodeIgniter\Database\BaseConnection->initialize()
 2 SYSTEMPATH\Database\BaseBuilder.php(1616): CodeIgniter\Database\BaseConnection->query('SELECT *
FROM `languagetable`', [], false)
 3 SYSTEMPATH\Model.php(241): CodeIgniter\Database\BaseBuilder->get()
 4 SYSTEMPATH\BaseModel.php(618): CodeIgniter\Model->doFindAll(0, 0)
 5 APPPATH\Controllers\VariantHomeController.php(20): CodeIgniter\BaseModel->findAll()
 6 SYSTEMPATH\CodeIgniter.php(934): App\Controllers\VariantHomeController->language()
 7 SYSTEMPATH\CodeIgniter.php(499): CodeIgniter\CodeIgniter->runController(Object(App\Controllers\VariantHomeController))
 8 SYSTEMPATH\CodeIgniter.php(368): CodeIgniter\CodeIgniter->handleRequest(null, Object(Config\Cache), false)
 9 FCPATH\index.php(67): CodeIgniter\CodeIgniter->run()
ERROR - 2023-07-31 03:35:14 --> Error connecting to the database: mysqli_sql_exception: No connection could be made because the target machine actively refused it in C:\xampp\htdocs\variant\system\Database\MySQLi\Connection.php:174
Stack trace:
#0 C:\xampp\htdocs\variant\system\Database\MySQLi\Connection.php(174): mysqli->real_connect('localhost', 'root', '', 'variant', 3306, '', 0)
#1 C:\xampp\htdocs\variant\system\Database\BaseConnection.php(391): CodeIgniter\Database\MySQLi\Connection->connect(false)
#2 C:\xampp\htdocs\variant\system\Database\BaseConnection.php(574): CodeIgniter\Database\BaseConnection->initialize()
#3 C:\xampp\htdocs\variant\system\Database\BaseBuilder.php(1616): CodeIgniter\Database\BaseConnection->query('SELECT *\nFROM `...', Array, false)
#4 C:\xampp\htdocs\variant\system\Model.php(241): CodeIgniter\Database\BaseBuilder->get()
#5 C:\xampp\htdocs\variant\system\BaseModel.php(618): CodeIgniter\Model->doFindAll(0, 0)
#6 C:\xampp\htdocs\variant\app\Controllers\VariantHomeController.php(20): CodeIgniter\BaseModel->findAll()
#7 C:\xampp\htdocs\variant\system\CodeIgniter.php(934): App\Controllers\VariantHomeController->language()
#8 C:\xampp\htdocs\variant\system\CodeIgniter.php(499): CodeIgniter\CodeIgniter->runController(Object(App\Controllers\VariantHomeController))
#9 C:\xampp\htdocs\variant\system\CodeIgniter.php(368): CodeIgniter\CodeIgniter->handleRequest(NULL, Object(Config\Cache), false)
#10 C:\xampp\htdocs\variant\index.php(67): CodeIgniter\CodeIgniter->run()
#11 {main}

Next CodeIgniter\Database\Exceptions\DatabaseException: No connection could be made because the target machine actively refused it in C:\xampp\htdocs\variant\system\Database\MySQLi\Connection.php:218
Stack trace:
#0 C:\xampp\htdocs\variant\system\Database\BaseConnection.php(391): CodeIgniter\Database\MySQLi\Connection->connect(false)
#1 C:\xampp\htdocs\variant\system\Database\BaseConnection.php(574): CodeIgniter\Database\BaseConnection->initialize()
#2 C:\xampp\htdocs\variant\system\Database\BaseBuilder.php(1616): CodeIgniter\Database\BaseConnection->query('SELECT *\nFROM `...', Array, false)
#3 C:\xampp\htdocs\variant\system\Model.php(241): CodeIgniter\Database\BaseBuilder->get()
#4 C:\xampp\htdocs\variant\system\BaseModel.php(618): CodeIgniter\Model->doFindAll(0, 0)
#5 C:\xampp\htdocs\variant\app\Controllers\VariantHomeController.php(20): CodeIgniter\BaseModel->findAll()
#6 C:\xampp\htdocs\variant\system\CodeIgniter.php(934): App\Controllers\VariantHomeController->language()
#7 C:\xampp\htdocs\variant\system\CodeIgniter.php(499): CodeIgniter\CodeIgniter->runController(Object(App\Controllers\VariantHomeController))
#8 C:\xampp\htdocs\variant\system\CodeIgniter.php(368): CodeIgniter\CodeIgniter->handleRequest(NULL, Object(Config\Cache), false)
#9 C:\xampp\htdocs\variant\index.php(67): CodeIgniter\CodeIgniter->run()
#10 {main}
CRITICAL - 2023-07-31 03:35:14 --> Unable to connect to the database.
Main connection [MySQLi]: No connection could be made because the target machine actively refused it
in SYSTEMPATH\Database\BaseConnection.php on line 427.
 1 SYSTEMPATH\Database\BaseConnection.php(574): CodeIgniter\Database\BaseConnection->initialize()
 2 SYSTEMPATH\Database\BaseBuilder.php(1616): CodeIgniter\Database\BaseConnection->query('SELECT *
FROM `languagetable`', [], false)
 3 SYSTEMPATH\Model.php(241): CodeIgniter\Database\BaseBuilder->get()
 4 SYSTEMPATH\BaseModel.php(618): CodeIgniter\Model->doFindAll(0, 0)
 5 APPPATH\Controllers\VariantHomeController.php(20): CodeIgniter\BaseModel->findAll()
 6 SYSTEMPATH\CodeIgniter.php(934): App\Controllers\VariantHomeController->language()
 7 SYSTEMPATH\CodeIgniter.php(499): CodeIgniter\CodeIgniter->runController(Object(App\Controllers\VariantHomeController))
 8 SYSTEMPATH\CodeIgniter.php(368): CodeIgniter\CodeIgniter->handleRequest(null, Object(Config\Cache), false)
 9 FCPATH\index.php(67): CodeIgniter\CodeIgniter->run()
CRITICAL - 2023-07-31 07:33:02 --> Undefined variable $value
in APPPATH\Views\addpost\editpost.php on line 24.
 1 APPPATH\Views\addpost\editpost.php(24): CodeIgniter\Debug\Exceptions->errorHandler(2, 'Undefined variable $value', 'C:\\xampp\\htdocs\\variant\\app\\Views\\addpost\\editpost.php', 24)
 2 SYSTEMPATH\View\View.php(213): include('C:\\xampp\\htdocs\\variant\\app\\Views\\addpost\\editpost.php')
 3 SYSTEMPATH\View\View.php(216): CodeIgniter\View\View->CodeIgniter\View\{closure}()
 4 SYSTEMPATH\Common.php(1184): CodeIgniter\View\View->render('addpost/editpost', [], true)
 5 APPPATH\Controllers\PostController.php(78): view('addpost/editpost', [...])
 6 SYSTEMPATH\CodeIgniter.php(934): App\Controllers\PostController->editpost('14')
 7 SYSTEMPATH\CodeIgniter.php(499): CodeIgniter\CodeIgniter->runController(Object(App\Controllers\PostController))
 8 SYSTEMPATH\CodeIgniter.php(368): CodeIgniter\CodeIgniter->handleRequest(null, Object(Config\Cache), false)
 9 FCPATH\index.php(67): CodeIgniter\CodeIgniter->run()
CRITICAL - 2023-07-31 07:41:16 --> Undefined variable $fileNameAdditionalImages
in APPPATH\Controllers\PostController.php on line 106.
 1 APPPATH\Controllers\PostController.php(106): CodeIgniter\Debug\Exceptions->errorHandler(2, 'Undefined variable $fileNameAdditionalImages', 'C:\\xampp\\htdocs\\variant\\app\\Controllers\\PostController.php', 106)
 2 SYSTEMPATH\CodeIgniter.php(934): App\Controllers\PostController->updatepost('14')
 3 SYSTEMPATH\CodeIgniter.php(499): CodeIgniter\CodeIgniter->runController(Object(App\Controllers\PostController))
 4 SYSTEMPATH\CodeIgniter.php(368): CodeIgniter\CodeIgniter->handleRequest(null, Object(Config\Cache), false)
 5 FCPATH\index.php(67): CodeIgniter\CodeIgniter->run()
CRITICAL - 2023-07-31 07:42:46 --> Call to a member function getRandomName() on null
in APPPATH\Controllers\PostController.php on line 93.
 1 SYSTEMPATH\CodeIgniter.php(934): App\Controllers\PostController->updatepost('14')
 2 SYSTEMPATH\CodeIgniter.php(499): CodeIgniter\CodeIgniter->runController(Object(App\Controllers\PostController))
 3 SYSTEMPATH\CodeIgniter.php(368): CodeIgniter\CodeIgniter->handleRequest(null, Object(Config\Cache), false)
 4 FCPATH\index.php(67): CodeIgniter\CodeIgniter->run()
CRITICAL - 2023-07-31 07:44:28 --> Call to a member function getRandomName() on null
in APPPATH\Controllers\PostController.php on line 93.
 1 SYSTEMPATH\CodeIgniter.php(934): App\Controllers\PostController->updatepost('14')
 2 SYSTEMPATH\CodeIgniter.php(499): CodeIgniter\CodeIgniter->runController(Object(App\Controllers\PostController))
 3 SYSTEMPATH\CodeIgniter.php(368): CodeIgniter\CodeIgniter->handleRequest(null, Object(Config\Cache), false)
 4 FCPATH\index.php(67): CodeIgniter\CodeIgniter->run()
CRITICAL - 2023-07-31 07:46:06 --> Call to a member function getRandomName() on null
in APPPATH\Controllers\PostController.php on line 93.
 1 SYSTEMPATH\CodeIgniter.php(934): App\Controllers\PostController->updatepost('14')
 2 SYSTEMPATH\CodeIgniter.php(499): CodeIgniter\CodeIgniter->runController(Object(App\Controllers\PostController))
 3 SYSTEMPATH\CodeIgniter.php(368): CodeIgniter\CodeIgniter->handleRequest(null, Object(Config\Cache), false)
 4 FCPATH\index.php(67): CodeIgniter\CodeIgniter->run()
CRITICAL - 2023-07-31 07:47:30 --> Call to a member function getRandomName() on null
in APPPATH\Controllers\PostController.php on line 93.
 1 SYSTEMPATH\CodeIgniter.php(934): App\Controllers\PostController->updatepost('14')
 2 SYSTEMPATH\CodeIgniter.php(499): CodeIgniter\CodeIgniter->runController(Object(App\Controllers\PostController))
 3 SYSTEMPATH\CodeIgniter.php(368): CodeIgniter\CodeIgniter->handleRequest(null, Object(Config\Cache), false)
 4 FCPATH\index.php(67): CodeIgniter\CodeIgniter->run()
CRITICAL - 2023-07-31 08:05:32 --> Call to a member function getRandomName() on null
in APPPATH\Controllers\PostController.php on line 97.
 1 SYSTEMPATH\CodeIgniter.php(934): App\Controllers\PostController->updatepost('16')
 2 SYSTEMPATH\CodeIgniter.php(499): CodeIgniter\CodeIgniter->runController(Object(App\Controllers\PostController))
 3 SYSTEMPATH\CodeIgniter.php(368): CodeIgniter\CodeIgniter->handleRequest(null, Object(Config\Cache), false)
 4 FCPATH\index.php(67): CodeIgniter\CodeIgniter->run()
CRITICAL - 2023-07-31 09:14:18 --> Call to a member function isValid() on null
in APPPATH\Controllers\PostController.php on line 93.
 1 SYSTEMPATH\CodeIgniter.php(934): App\Controllers\PostController->updatepost('16')
 2 SYSTEMPATH\CodeIgniter.php(499): CodeIgniter\CodeIgniter->runController(Object(App\Controllers\PostController))
 3 SYSTEMPATH\CodeIgniter.php(368): CodeIgniter\CodeIgniter->handleRequest(null, Object(Config\Cache), false)
 4 FCPATH\index.php(67): CodeIgniter\CodeIgniter->run()
CRITICAL - 2023-07-31 09:15:41 --> Call to a member function getRandomName() on null
in APPPATH\Controllers\PostController.php on line 98.
 1 SYSTEMPATH\CodeIgniter.php(934): App\Controllers\PostController->updatepost('16')
 2 SYSTEMPATH\CodeIgniter.php(499): CodeIgniter\CodeIgniter->runController(Object(App\Controllers\PostController))
 3 SYSTEMPATH\CodeIgniter.php(368): CodeIgniter\CodeIgniter->handleRequest(null, Object(Config\Cache), false)
 4 FCPATH\index.php(67): CodeIgniter\CodeIgniter->run()
CRITICAL - 2023-07-31 09:21:32 --> Call to a member function getRandomName() on null
in APPPATH\Controllers\PostController.php on line 98.
 1 SYSTEMPATH\CodeIgniter.php(934): App\Controllers\PostController->updatepost('16')
 2 SYSTEMPATH\CodeIgniter.php(499): CodeIgniter\CodeIgniter->runController(Object(App\Controllers\PostController))
 3 SYSTEMPATH\CodeIgniter.php(368): CodeIgniter\CodeIgniter->handleRequest(null, Object(Config\Cache), false)
 4 FCPATH\index.php(67): CodeIgniter\CodeIgniter->run()
CRITICAL - 2023-07-31 10:04:30 --> Undefined variable $statusValue
in APPPATH\Views\variantcategory\editCategory.php on line 79.
 1 APPPATH\Views\variantcategory\editCategory.php(79): CodeIgniter\Debug\Exceptions->errorHandler(2, 'Undefined variable $statusValue', 'C:\\xampp\\htdocs\\variant\\app\\Views\\variantcategory\\editCategory.php', 79)
 2 SYSTEMPATH\View\View.php(213): include('C:\\xampp\\htdocs\\variant\\app\\Views\\variantcategory\\editCategory.php')
 3 SYSTEMPATH\View\View.php(216): CodeIgniter\View\View->CodeIgniter\View\{closure}()
 4 SYSTEMPATH\Common.php(1184): CodeIgniter\View\View->render('variantcategory/editCategory', [], true)
 5 APPPATH\Controllers\VcategoriesController.php(87): view('variantcategory/editCategory', [...])
 6 SYSTEMPATH\CodeIgniter.php(934): App\Controllers\VcategoriesController->editcategory('8')
 7 SYSTEMPATH\CodeIgniter.php(499): CodeIgniter\CodeIgniter->runController(Object(App\Controllers\VcategoriesController))
 8 SYSTEMPATH\CodeIgniter.php(368): CodeIgniter\CodeIgniter->handleRequest(null, Object(Config\Cache), false)
 9 FCPATH\index.php(67): CodeIgniter\CodeIgniter->run()
CRITICAL - 2023-07-31 10:23:24 --> Undefined variable $data
in APPPATH\Controllers\PostController.php on line 72.
 1 APPPATH\Controllers\PostController.php(72): CodeIgniter\Debug\Exceptions->errorHandler(2, 'Undefined variable $data', 'C:\\xampp\\htdocs\\variant\\app\\Controllers\\PostController.php', 72)
 2 SYSTEMPATH\CodeIgniter.php(934): App\Controllers\PostController->editpost('6')
 3 SYSTEMPATH\CodeIgniter.php(499): CodeIgniter\CodeIgniter->runController(Object(App\Controllers\PostController))
 4 SYSTEMPATH\CodeIgniter.php(368): CodeIgniter\CodeIgniter->handleRequest(null, Object(Config\Cache), false)
 5 FCPATH\index.php(67): CodeIgniter\CodeIgniter->run()
CRITICAL - 2023-07-31 10:37:08 --> Undefined array key "datePublished"
in APPPATH\Views\addpost\editpost.php on line 155.
 1 APPPATH\Views\addpost\editpost.php(155): CodeIgniter\Debug\Exceptions->errorHandler(2, 'Undefined array key "datePublished"', 'C:\\xampp\\htdocs\\variant\\app\\Views\\addpost\\editpost.php', 155)
 2 SYSTEMPATH\View\View.php(213): include('C:\\xampp\\htdocs\\variant\\app\\Views\\addpost\\editpost.php')
 3 SYSTEMPATH\View\View.php(216): CodeIgniter\View\View->CodeIgniter\View\{closure}()
 4 SYSTEMPATH\Common.php(1184): CodeIgniter\View\View->render('addpost/editpost', [], true)
 5 APPPATH\Controllers\PostController.php(90): view('addpost/editpost', [...])
 6 SYSTEMPATH\CodeIgniter.php(934): App\Controllers\PostController->editpost('6')
 7 SYSTEMPATH\CodeIgniter.php(499): CodeIgniter\CodeIgniter->runController(Object(App\Controllers\PostController))
 8 SYSTEMPATH\CodeIgniter.php(368): CodeIgniter\CodeIgniter->handleRequest(null, Object(Config\Cache), false)
 9 FCPATH\index.php(67): CodeIgniter\CodeIgniter->run()
CRITICAL - 2023-07-31 10:39:33 --> Undefined array key "datePublished"
in APPPATH\Views\addpost\editpost.php on line 155.
 1 APPPATH\Views\addpost\editpost.php(155): CodeIgniter\Debug\Exceptions->errorHandler(2, 'Undefined array key "datePublished"', 'C:\\xampp\\htdocs\\variant\\app\\Views\\addpost\\editpost.php', 155)
 2 SYSTEMPATH\View\View.php(213): include('C:\\xampp\\htdocs\\variant\\app\\Views\\addpost\\editpost.php')
 3 SYSTEMPATH\View\View.php(216): CodeIgniter\View\View->CodeIgniter\View\{closure}()
 4 SYSTEMPATH\Common.php(1184): CodeIgniter\View\View->render('addpost/editpost', [], true)
 5 APPPATH\Controllers\PostController.php(90): view('addpost/editpost', [...])
 6 SYSTEMPATH\CodeIgniter.php(934): App\Controllers\PostController->editpost('6')
 7 SYSTEMPATH\CodeIgniter.php(499): CodeIgniter\CodeIgniter->runController(Object(App\Controllers\PostController))
 8 SYSTEMPATH\CodeIgniter.php(368): CodeIgniter\CodeIgniter->handleRequest(null, Object(Config\Cache), false)
 9 FCPATH\index.php(67): CodeIgniter\CodeIgniter->run()
CRITICAL - 2023-07-31 11:12:16 --> Undefined variable $articledata
in APPPATH\Views\addpost\allpost.php on line 93.
 1 APPPATH\Views\addpost\allpost.php(93): CodeIgniter\Debug\Exceptions->errorHandler(2, 'Undefined variable $articledata', 'C:\\xampp\\htdocs\\variant\\app\\Views\\addpost\\allpost.php', 93)
 2 SYSTEMPATH\View\View.php(213): include('C:\\xampp\\htdocs\\variant\\app\\Views\\addpost\\allpost.php')
 3 SYSTEMPATH\View\View.php(216): CodeIgniter\View\View->CodeIgniter\View\{closure}()
 4 SYSTEMPATH\Common.php(1184): CodeIgniter\View\View->render('addpost/allpost', [], true)
 5 APPPATH\Controllers\PostController.php(165): view('addpost/allpost', [...])
 6 SYSTEMPATH\CodeIgniter.php(934): App\Controllers\PostController->updatepost('6')
 7 SYSTEMPATH\CodeIgniter.php(499): CodeIgniter\CodeIgniter->runController(Object(App\Controllers\PostController))
 8 SYSTEMPATH\CodeIgniter.php(368): CodeIgniter\CodeIgniter->handleRequest(null, Object(Config\Cache), false)
 9 FCPATH\index.php(67): CodeIgniter\CodeIgniter->run()
