CRITICAL - 2023-06-20 04:58:31 --> Undefined variable $categories
in APPPATH\Views\category\edit_category.php on line 175.
 1 APPPATH\Views\category\edit_category.php(175): CodeIgniter\Debug\Exceptions->errorHandler(2, 'Undefined variable $categories', 'C:\\xampp\\htdocs\\ebook\\app\\Views\\category\\edit_category.php', 175)
 2 SYSTEMPATH\View\View.php(213): include('C:\\xampp\\htdocs\\ebook\\app\\Views\\category\\edit_category.php')
 3 SYSTEMPATH\View\View.php(216): CodeIgniter\View\View->CodeIgniter\View\{closure}()
 4 SYSTEMPATH\Common.php(1184): CodeIgniter\View\View->render('category/edit_category', [], true)
 5 APPPATH\Controllers\CategoryController.php(78): view('category/edit_category')
 6 SYSTEMPATH\CodeIgniter.php(934): App\Controllers\CategoryController->editcategory()
 7 SYSTEMPATH\CodeIgniter.php(499): CodeIgniter\CodeIgniter->runController(Object(App\Controllers\CategoryController))
 8 SYSTEMPATH\CodeIgniter.php(368): CodeIgniter\CodeIgniter->handleRequest(null, Object(Config\Cache), false)
 9 FCPATH\index.php(67): CodeIgniter\CodeIgniter->run()
CRITICAL - 2023-06-20 04:59:20 --> Undefined variable $value
in APPPATH\Views\category\edit_category.php on line 180.
 1 APPPATH\Views\category\edit_category.php(180): CodeIgniter\Debug\Exceptions->errorHandler(2, 'Undefined variable $value', 'C:\\xampp\\htdocs\\ebook\\app\\Views\\category\\edit_category.php', 180)
 2 SYSTEMPATH\View\View.php(213): include('C:\\xampp\\htdocs\\ebook\\app\\Views\\category\\edit_category.php')
 3 SYSTEMPATH\View\View.php(216): CodeIgniter\View\View->CodeIgniter\View\{closure}()
 4 SYSTEMPATH\Common.php(1184): CodeIgniter\View\View->render('category/edit_category', [], true)
 5 APPPATH\Controllers\CategoryController.php(78): view('category/edit_category')
 6 SYSTEMPATH\CodeIgniter.php(934): App\Controllers\CategoryController->editcategory()
 7 SYSTEMPATH\CodeIgniter.php(499): CodeIgniter\CodeIgniter->runController(Object(App\Controllers\CategoryController))
 8 SYSTEMPATH\CodeIgniter.php(368): CodeIgniter\CodeIgniter->handleRequest(null, Object(Config\Cache), false)
 9 FCPATH\index.php(67): CodeIgniter\CodeIgniter->run()
CRITICAL - 2023-06-20 04:59:36 --> syntax error, unexpected token ";"
in APPPATH\Views\category\edit_category.php on line 180.
 1 SYSTEMPATH\View\View.php(216): CodeIgniter\View\View->CodeIgniter\View\{closure}()
 2 SYSTEMPATH\Common.php(1184): CodeIgniter\View\View->render('category/edit_category', [], true)
 3 APPPATH\Controllers\CategoryController.php(78): view('category/edit_category')
 4 SYSTEMPATH\CodeIgniter.php(934): App\Controllers\CategoryController->editcategory()
 5 SYSTEMPATH\CodeIgniter.php(499): CodeIgniter\CodeIgniter->runController(Object(App\Controllers\CategoryController))
 6 SYSTEMPATH\CodeIgniter.php(368): CodeIgniter\CodeIgniter->handleRequest(null, Object(Config\Cache), false)
 7 FCPATH\index.php(67): CodeIgniter\CodeIgniter->run()
ERROR - 2023-06-20 05:15:53 --> mysqli_sql_exception: Column 'category_name' cannot be null in C:\xampp\htdocs\ebook\system\Database\MySQLi\Connection.php:295
Stack trace:
#0 C:\xampp\htdocs\ebook\system\Database\MySQLi\Connection.php(295): mysqli->query('INSERT INTO `ca...', 0)
#1 C:\xampp\htdocs\ebook\system\Database\BaseConnection.php(692): CodeIgniter\Database\MySQLi\Connection->execute('INSERT INTO `ca...')
#2 C:\xampp\htdocs\ebook\system\Database\BaseConnection.php(606): CodeIgniter\Database\BaseConnection->simpleQuery('INSERT INTO `ca...')
#3 C:\xampp\htdocs\ebook\system\Database\BaseBuilder.php(2309): CodeIgniter\Database\BaseConnection->query('INSERT INTO `ca...', Array, false)
#4 C:\xampp\htdocs\ebook\system\Model.php(330): CodeIgniter\Database\BaseBuilder->insert()
#5 C:\xampp\htdocs\ebook\system\BaseModel.php(782): CodeIgniter\Model->doInsert(Array)
#6 C:\xampp\htdocs\ebook\system\Model.php(730): CodeIgniter\BaseModel->insert(Array, true)
#7 C:\xampp\htdocs\ebook\app\Controllers\CategoryController.php(47): CodeIgniter\Model->insert(Array)
#8 C:\xampp\htdocs\ebook\system\CodeIgniter.php(934): App\Controllers\CategoryController->addcategory()
#9 C:\xampp\htdocs\ebook\system\CodeIgniter.php(499): CodeIgniter\CodeIgniter->runController(Object(App\Controllers\CategoryController))
#10 C:\xampp\htdocs\ebook\system\CodeIgniter.php(368): CodeIgniter\CodeIgniter->handleRequest(NULL, Object(Config\Cache), false)
#11 C:\xampp\htdocs\ebook\index.php(67): CodeIgniter\CodeIgniter->run()
#12 {main}
CRITICAL - 2023-06-20 05:15:53 --> Column 'category_name' cannot be null
in SYSTEMPATH\Database\MySQLi\Connection.php on line 295.
 1 SYSTEMPATH\Database\MySQLi\Connection.php(295): mysqli->query('INSERT INTO `categorytable` (`category_name`, `searchable`, `status`) VALUES (NULL, 0, 0)', 0)
 2 SYSTEMPATH\Database\BaseConnection.php(692): CodeIgniter\Database\MySQLi\Connection->execute('INSERT INTO `categorytable` (`category_name`, `searchable`, `status`) VALUES (NULL, 0, 0)')
 3 SYSTEMPATH\Database\BaseConnection.php(606): CodeIgniter\Database\BaseConnection->simpleQuery('INSERT INTO `categorytable` (`category_name`, `searchable`, `status`) VALUES (NULL, 0, 0)')
 4 SYSTEMPATH\Database\BaseBuilder.php(2309): CodeIgniter\Database\BaseConnection->query('INSERT INTO `categorytable` (`category_name`, `searchable`, `status`) VALUES (:category_name:, :searchable:, :status:)', [...], false)
 5 SYSTEMPATH\Model.php(330): CodeIgniter\Database\BaseBuilder->insert()
 6 SYSTEMPATH\BaseModel.php(782): CodeIgniter\Model->doInsert([...])
 7 SYSTEMPATH\Model.php(730): CodeIgniter\BaseModel->insert([...], true)
 8 APPPATH\Controllers\CategoryController.php(47): CodeIgniter\Model->insert([...])
 9 SYSTEMPATH\CodeIgniter.php(934): App\Controllers\CategoryController->addcategory()
10 SYSTEMPATH\CodeIgniter.php(499): CodeIgniter\CodeIgniter->runController(Object(App\Controllers\CategoryController))
11 SYSTEMPATH\CodeIgniter.php(368): CodeIgniter\CodeIgniter->handleRequest(null, Object(Config\Cache), false)
12 FCPATH\index.php(67): CodeIgniter\CodeIgniter->run()
CRITICAL - 2023-06-20 05:39:42 --> Invalid file: "category/addcategory.php"
in SYSTEMPATH\Exceptions\FrameworkException.php on line 33.
 1 SYSTEMPATH\View\View.php(201): CodeIgniter\Exceptions\FrameworkException::forInvalidFile('category/addcategory.php')
 2 SYSTEMPATH\Common.php(1184): CodeIgniter\View\View->render('category/addcategory', [], true)
 3 APPPATH\Controllers\CategoryController.php(92): view('category/addcategory')
 4 SYSTEMPATH\CodeIgniter.php(934): App\Controllers\CategoryController->deletecategory('5')
 5 SYSTEMPATH\CodeIgniter.php(499): CodeIgniter\CodeIgniter->runController(Object(App\Controllers\CategoryController))
 6 SYSTEMPATH\CodeIgniter.php(368): CodeIgniter\CodeIgniter->handleRequest(null, Object(Config\Cache), false)
 7 FCPATH\index.php(67): CodeIgniter\CodeIgniter->run()
CRITICAL - 2023-06-20 05:41:15 --> Undefined variable $categories
in APPPATH\Views\category\add_category.php on line 175.
 1 APPPATH\Views\category\add_category.php(175): CodeIgniter\Debug\Exceptions->errorHandler(2, 'Undefined variable $categories', 'C:\\xampp\\htdocs\\ebook\\app\\Views\\category\\add_category.php', 175)
 2 SYSTEMPATH\View\View.php(213): include('C:\\xampp\\htdocs\\ebook\\app\\Views\\category\\add_category.php')
 3 SYSTEMPATH\View\View.php(216): CodeIgniter\View\View->CodeIgniter\View\{closure}()
 4 SYSTEMPATH\Common.php(1184): CodeIgniter\View\View->render('category/add_category', [], true)
 5 APPPATH\Controllers\CategoryController.php(92): view('category/add_category')
 6 SYSTEMPATH\CodeIgniter.php(934): App\Controllers\CategoryController->deletecategory('5')
 7 SYSTEMPATH\CodeIgniter.php(499): CodeIgniter\CodeIgniter->runController(Object(App\Controllers\CategoryController))
 8 SYSTEMPATH\CodeIgniter.php(368): CodeIgniter\CodeIgniter->handleRequest(null, Object(Config\Cache), false)
 9 FCPATH\index.php(67): CodeIgniter\CodeIgniter->run()
CRITICAL - 2023-06-20 05:42:30 --> Undefined variable $categories
in APPPATH\Views\category\add_category.php on line 175.
 1 APPPATH\Views\category\add_category.php(175): CodeIgniter\Debug\Exceptions->errorHandler(2, 'Undefined variable $categories', 'C:\\xampp\\htdocs\\ebook\\app\\Views\\category\\add_category.php', 175)
 2 SYSTEMPATH\View\View.php(213): include('C:\\xampp\\htdocs\\ebook\\app\\Views\\category\\add_category.php')
 3 SYSTEMPATH\View\View.php(216): CodeIgniter\View\View->CodeIgniter\View\{closure}()
 4 SYSTEMPATH\Common.php(1184): CodeIgniter\View\View->render('category/add_category', [], true)
 5 APPPATH\Controllers\CategoryController.php(92): view('category/add_category')
 6 SYSTEMPATH\CodeIgniter.php(934): App\Controllers\CategoryController->deletecategory('4')
 7 SYSTEMPATH\CodeIgniter.php(499): CodeIgniter\CodeIgniter->runController(Object(App\Controllers\CategoryController))
 8 SYSTEMPATH\CodeIgniter.php(368): CodeIgniter\CodeIgniter->handleRequest(null, Object(Config\Cache), false)
 9 FCPATH\index.php(67): CodeIgniter\CodeIgniter->run()
CRITICAL - 2023-06-20 06:29:19 --> Undefined constant "editcat"
in APPPATH\Views\category\edit_category.php on line 218.
 1 SYSTEMPATH\View\View.php(213): include()
 2 SYSTEMPATH\View\View.php(216): CodeIgniter\View\View->CodeIgniter\View\{closure}()
 3 SYSTEMPATH\Common.php(1184): CodeIgniter\View\View->render('category/edit_category', [], true)
 4 APPPATH\Controllers\CategoryController.php(84): view('category/edit_category', [...])
 5 SYSTEMPATH\CodeIgniter.php(934): App\Controllers\CategoryController->editcategory('3')
 6 SYSTEMPATH\CodeIgniter.php(499): CodeIgniter\CodeIgniter->runController(Object(App\Controllers\CategoryController))
 7 SYSTEMPATH\CodeIgniter.php(368): CodeIgniter\CodeIgniter->handleRequest(null, Object(Config\Cache), false)
 8 FCPATH\index.php(67): CodeIgniter\CodeIgniter->run()
CRITICAL - 2023-06-20 06:29:35 --> Undefined variable $editcat
in APPPATH\Views\category\edit_category.php on line 218.
 1 APPPATH\Views\category\edit_category.php(218): CodeIgniter\Debug\Exceptions->errorHandler(2, 'Undefined variable $editcat', 'C:\\xampp\\htdocs\\ebook\\app\\Views\\category\\edit_category.php', 218)
 2 SYSTEMPATH\View\View.php(213): include('C:\\xampp\\htdocs\\ebook\\app\\Views\\category\\edit_category.php')
 3 SYSTEMPATH\View\View.php(216): CodeIgniter\View\View->CodeIgniter\View\{closure}()
 4 SYSTEMPATH\Common.php(1184): CodeIgniter\View\View->render('category/edit_category', [], true)
 5 APPPATH\Controllers\CategoryController.php(84): view('category/edit_category', [...])
 6 SYSTEMPATH\CodeIgniter.php(934): App\Controllers\CategoryController->editcategory('3')
 7 SYSTEMPATH\CodeIgniter.php(499): CodeIgniter\CodeIgniter->runController(Object(App\Controllers\CategoryController))
 8 SYSTEMPATH\CodeIgniter.php(368): CodeIgniter\CodeIgniter->handleRequest(null, Object(Config\Cache), false)
 9 FCPATH\index.php(67): CodeIgniter\CodeIgniter->run()
CRITICAL - 2023-06-20 06:31:05 --> Undefined array key "categoryname"
in APPPATH\Views\category\edit_category.php on line 218.
 1 APPPATH\Views\category\edit_category.php(218): CodeIgniter\Debug\Exceptions->errorHandler(2, 'Undefined array key "categoryname"', 'C:\\xampp\\htdocs\\ebook\\app\\Views\\category\\edit_category.php', 218)
 2 SYSTEMPATH\View\View.php(213): include('C:\\xampp\\htdocs\\ebook\\app\\Views\\category\\edit_category.php')
 3 SYSTEMPATH\View\View.php(216): CodeIgniter\View\View->CodeIgniter\View\{closure}()
 4 SYSTEMPATH\Common.php(1184): CodeIgniter\View\View->render('category/edit_category', [], true)
 5 APPPATH\Controllers\CategoryController.php(84): view('category/edit_category', [...])
 6 SYSTEMPATH\CodeIgniter.php(934): App\Controllers\CategoryController->editcategory('3')
 7 SYSTEMPATH\CodeIgniter.php(499): CodeIgniter\CodeIgniter->runController(Object(App\Controllers\CategoryController))
 8 SYSTEMPATH\CodeIgniter.php(368): CodeIgniter\CodeIgniter->handleRequest(null, Object(Config\Cache), false)
 9 FCPATH\index.php(67): CodeIgniter\CodeIgniter->run()
CRITICAL - 2023-06-20 07:07:13 --> Undefined variable $sl
in APPPATH\Views\category\add_category.php on line 180.
 1 APPPATH\Views\category\add_category.php(180): CodeIgniter\Debug\Exceptions->errorHandler(2, 'Undefined variable $sl', 'C:\\xampp\\htdocs\\ebook\\app\\Views\\category\\add_category.php', 180)
 2 SYSTEMPATH\View\View.php(213): include('C:\\xampp\\htdocs\\ebook\\app\\Views\\category\\add_category.php')
 3 SYSTEMPATH\View\View.php(216): CodeIgniter\View\View->CodeIgniter\View\{closure}()
 4 SYSTEMPATH\Common.php(1184): CodeIgniter\View\View->render('category/add_category', [], true)
 5 APPPATH\Controllers\CategoryController.php(62): view('category/add_category', [...])
 6 SYSTEMPATH\CodeIgniter.php(934): App\Controllers\CategoryController->addcategory()
 7 SYSTEMPATH\CodeIgniter.php(499): CodeIgniter\CodeIgniter->runController(Object(App\Controllers\CategoryController))
 8 SYSTEMPATH\CodeIgniter.php(368): CodeIgniter\CodeIgniter->handleRequest(null, Object(Config\Cache), false)
 9 FCPATH\index.php(67): CodeIgniter\CodeIgniter->run()
CRITICAL - 2023-06-20 07:58:57 --> Undefined variable $categories
in APPPATH\Views\category\add_sub_category.php on line 171.
 1 APPPATH\Views\category\add_sub_category.php(171): CodeIgniter\Debug\Exceptions->errorHandler(2, 'Undefined variable $categories', 'C:\\xampp\\htdocs\\ebook\\app\\Views\\category\\add_sub_category.php', 171)
 2 SYSTEMPATH\View\View.php(213): include('C:\\xampp\\htdocs\\ebook\\app\\Views\\category\\add_sub_category.php')
 3 SYSTEMPATH\View\View.php(216): CodeIgniter\View\View->CodeIgniter\View\{closure}()
 4 SYSTEMPATH\Common.php(1184): CodeIgniter\View\View->render('category/add_sub_category', [], true)
 5 APPPATH\Controllers\CategoryController.php(153): view('category/add_sub_category')
 6 SYSTEMPATH\CodeIgniter.php(934): App\Controllers\CategoryController->addSubCategory()
 7 SYSTEMPATH\CodeIgniter.php(499): CodeIgniter\CodeIgniter->runController(Object(App\Controllers\CategoryController))
 8 SYSTEMPATH\CodeIgniter.php(368): CodeIgniter\CodeIgniter->handleRequest(null, Object(Config\Cache), false)
 9 FCPATH\index.php(67): CodeIgniter\CodeIgniter->run()
CRITICAL - 2023-06-20 08:00:56 --> syntax error, unexpected token ";"
in APPPATH\Views\category\add_sub_category.php on line 175.
 1 SYSTEMPATH\View\View.php(216): CodeIgniter\View\View->CodeIgniter\View\{closure}()
 2 SYSTEMPATH\Common.php(1184): CodeIgniter\View\View->render('category/add_sub_category', [], true)
 3 APPPATH\Controllers\CategoryController.php(153): view('category/add_sub_category')
 4 SYSTEMPATH\CodeIgniter.php(934): App\Controllers\CategoryController->addSubCategory()
 5 SYSTEMPATH\CodeIgniter.php(499): CodeIgniter\CodeIgniter->runController(Object(App\Controllers\CategoryController))
 6 SYSTEMPATH\CodeIgniter.php(368): CodeIgniter\CodeIgniter->handleRequest(null, Object(Config\Cache), false)
 7 FCPATH\index.php(67): CodeIgniter\CodeIgniter->run()
ERROR - 2023-06-20 13:01:35 --> mysqli_sql_exception: Column 'category_name' cannot be null in C:\xampp\htdocs\ebook\system\Database\MySQLi\Connection.php:295
Stack trace:
#0 C:\xampp\htdocs\ebook\system\Database\MySQLi\Connection.php(295): mysqli->query('INSERT INTO `ca...', 0)
#1 C:\xampp\htdocs\ebook\system\Database\BaseConnection.php(692): CodeIgniter\Database\MySQLi\Connection->execute('INSERT INTO `ca...')
#2 C:\xampp\htdocs\ebook\system\Database\BaseConnection.php(606): CodeIgniter\Database\BaseConnection->simpleQuery('INSERT INTO `ca...')
#3 C:\xampp\htdocs\ebook\system\Database\BaseBuilder.php(2309): CodeIgniter\Database\BaseConnection->query('INSERT INTO `ca...', Array, false)
#4 C:\xampp\htdocs\ebook\system\Model.php(330): CodeIgniter\Database\BaseBuilder->insert()
#5 C:\xampp\htdocs\ebook\system\BaseModel.php(782): CodeIgniter\Model->doInsert(Array)
#6 C:\xampp\htdocs\ebook\system\Model.php(730): CodeIgniter\BaseModel->insert(Array, true)
#7 C:\xampp\htdocs\ebook\app\Controllers\CategoryController.php(47): CodeIgniter\Model->insert(Array)
#8 C:\xampp\htdocs\ebook\system\CodeIgniter.php(934): App\Controllers\CategoryController->addcategory()
#9 C:\xampp\htdocs\ebook\system\CodeIgniter.php(499): CodeIgniter\CodeIgniter->runController(Object(App\Controllers\CategoryController))
#10 C:\xampp\htdocs\ebook\system\CodeIgniter.php(368): CodeIgniter\CodeIgniter->handleRequest(NULL, Object(Config\Cache), false)
#11 C:\xampp\htdocs\ebook\index.php(67): CodeIgniter\CodeIgniter->run()
#12 {main}
CRITICAL - 2023-06-20 13:01:35 --> Column 'category_name' cannot be null
in SYSTEMPATH\Database\MySQLi\Connection.php on line 295.
 1 SYSTEMPATH\Database\MySQLi\Connection.php(295): mysqli->query('INSERT INTO `categorytable` (`category_name`, `searchable`, `status`) VALUES (NULL, 0, 0)', 0)
 2 SYSTEMPATH\Database\BaseConnection.php(692): CodeIgniter\Database\MySQLi\Connection->execute('INSERT INTO `categorytable` (`category_name`, `searchable`, `status`) VALUES (NULL, 0, 0)')
 3 SYSTEMPATH\Database\BaseConnection.php(606): CodeIgniter\Database\BaseConnection->simpleQuery('INSERT INTO `categorytable` (`category_name`, `searchable`, `status`) VALUES (NULL, 0, 0)')
 4 SYSTEMPATH\Database\BaseBuilder.php(2309): CodeIgniter\Database\BaseConnection->query('INSERT INTO `categorytable` (`category_name`, `searchable`, `status`) VALUES (:category_name:, :searchable:, :status:)', [...], false)
 5 SYSTEMPATH\Model.php(330): CodeIgniter\Database\BaseBuilder->insert()
 6 SYSTEMPATH\BaseModel.php(782): CodeIgniter\Model->doInsert([...])
 7 SYSTEMPATH\Model.php(730): CodeIgniter\BaseModel->insert([...], true)
 8 APPPATH\Controllers\CategoryController.php(47): CodeIgniter\Model->insert([...])
 9 SYSTEMPATH\CodeIgniter.php(934): App\Controllers\CategoryController->addcategory()
10 SYSTEMPATH\CodeIgniter.php(499): CodeIgniter\CodeIgniter->runController(Object(App\Controllers\CategoryController))
11 SYSTEMPATH\CodeIgniter.php(368): CodeIgniter\CodeIgniter->handleRequest(null, Object(Config\Cache), false)
12 FCPATH\index.php(67): CodeIgniter\CodeIgniter->run()
ERROR - 2023-06-20 13:03:37 --> mysqli_sql_exception: Column 'category_name' cannot be null in C:\xampp\htdocs\ebook\system\Database\MySQLi\Connection.php:295
Stack trace:
#0 C:\xampp\htdocs\ebook\system\Database\MySQLi\Connection.php(295): mysqli->query('INSERT INTO `ca...', 0)
#1 C:\xampp\htdocs\ebook\system\Database\BaseConnection.php(692): CodeIgniter\Database\MySQLi\Connection->execute('INSERT INTO `ca...')
#2 C:\xampp\htdocs\ebook\system\Database\BaseConnection.php(606): CodeIgniter\Database\BaseConnection->simpleQuery('INSERT INTO `ca...')
#3 C:\xampp\htdocs\ebook\system\Database\BaseBuilder.php(2309): CodeIgniter\Database\BaseConnection->query('INSERT INTO `ca...', Array, false)
#4 C:\xampp\htdocs\ebook\system\Model.php(330): CodeIgniter\Database\BaseBuilder->insert()
#5 C:\xampp\htdocs\ebook\system\BaseModel.php(782): CodeIgniter\Model->doInsert(Array)
#6 C:\xampp\htdocs\ebook\system\Model.php(730): CodeIgniter\BaseModel->insert(Array, true)
#7 C:\xampp\htdocs\ebook\app\Controllers\CategoryController.php(47): CodeIgniter\Model->insert(Array)
#8 C:\xampp\htdocs\ebook\system\CodeIgniter.php(934): App\Controllers\CategoryController->addcategory()
#9 C:\xampp\htdocs\ebook\system\CodeIgniter.php(499): CodeIgniter\CodeIgniter->runController(Object(App\Controllers\CategoryController))
#10 C:\xampp\htdocs\ebook\system\CodeIgniter.php(368): CodeIgniter\CodeIgniter->handleRequest(NULL, Object(Config\Cache), false)
#11 C:\xampp\htdocs\ebook\index.php(67): CodeIgniter\CodeIgniter->run()
#12 {main}
CRITICAL - 2023-06-20 13:03:37 --> Column 'category_name' cannot be null
in SYSTEMPATH\Database\MySQLi\Connection.php on line 295.
 1 SYSTEMPATH\Database\MySQLi\Connection.php(295): mysqli->query('INSERT INTO `categorytable` (`category_name`, `searchable`, `status`) VALUES (NULL, 0, 0)', 0)
 2 SYSTEMPATH\Database\BaseConnection.php(692): CodeIgniter\Database\MySQLi\Connection->execute('INSERT INTO `categorytable` (`category_name`, `searchable`, `status`) VALUES (NULL, 0, 0)')
 3 SYSTEMPATH\Database\BaseConnection.php(606): CodeIgniter\Database\BaseConnection->simpleQuery('INSERT INTO `categorytable` (`category_name`, `searchable`, `status`) VALUES (NULL, 0, 0)')
 4 SYSTEMPATH\Database\BaseBuilder.php(2309): CodeIgniter\Database\BaseConnection->query('INSERT INTO `categorytable` (`category_name`, `searchable`, `status`) VALUES (:category_name:, :searchable:, :status:)', [...], false)
 5 SYSTEMPATH\Model.php(330): CodeIgniter\Database\BaseBuilder->insert()
 6 SYSTEMPATH\BaseModel.php(782): CodeIgniter\Model->doInsert([...])
 7 SYSTEMPATH\Model.php(730): CodeIgniter\BaseModel->insert([...], true)
 8 APPPATH\Controllers\CategoryController.php(47): CodeIgniter\Model->insert([...])
 9 SYSTEMPATH\CodeIgniter.php(934): App\Controllers\CategoryController->addcategory()
10 SYSTEMPATH\CodeIgniter.php(499): CodeIgniter\CodeIgniter->runController(Object(App\Controllers\CategoryController))
11 SYSTEMPATH\CodeIgniter.php(368): CodeIgniter\CodeIgniter->handleRequest(null, Object(Config\Cache), false)
12 FCPATH\index.php(67): CodeIgniter\CodeIgniter->run()
CRITICAL - 2023-06-20 13:07:28 --> Class "App\Controllers\subCategoryModel" not found
in APPPATH\Controllers\SubcategoryController.php on line 15.
 1 SYSTEMPATH\CodeIgniter.php(934): App\Controllers\SubcategoryController->addSubCategory()
 2 SYSTEMPATH\CodeIgniter.php(499): CodeIgniter\CodeIgniter->runController(Object(App\Controllers\SubcategoryController))
 3 SYSTEMPATH\CodeIgniter.php(368): CodeIgniter\CodeIgniter->handleRequest(null, Object(Config\Cache), false)
 4 FCPATH\index.php(67): CodeIgniter\CodeIgniter->run()
CRITICAL - 2023-06-20 13:09:31 --> Class "App\Models\SubCategoryModel" not found
in APPPATH\Controllers\SubcategoryController.php on line 15.
 1 SYSTEMPATH\CodeIgniter.php(934): App\Controllers\SubcategoryController->addSubCategory()
 2 SYSTEMPATH\CodeIgniter.php(499): CodeIgniter\CodeIgniter->runController(Object(App\Controllers\SubcategoryController))
 3 SYSTEMPATH\CodeIgniter.php(368): CodeIgniter\CodeIgniter->handleRequest(null, Object(Config\Cache), false)
 4 FCPATH\index.php(67): CodeIgniter\CodeIgniter->run()
CRITICAL - 2023-06-20 13:14:07 --> Class "App\Models\SubCategoryModel" not found
in APPPATH\Controllers\SubcategoryController.php on line 16.
 1 SYSTEMPATH\CodeIgniter.php(934): App\Controllers\SubcategoryController->addSubCategory()
 2 SYSTEMPATH\CodeIgniter.php(499): CodeIgniter\CodeIgniter->runController(Object(App\Controllers\SubcategoryController))
 3 SYSTEMPATH\CodeIgniter.php(368): CodeIgniter\CodeIgniter->handleRequest(null, Object(Config\Cache), false)
 4 FCPATH\index.php(67): CodeIgniter\CodeIgniter->run()
CRITICAL - 2023-06-20 13:19:24 --> Undefined variable $subcategoryname
in APPPATH\Controllers\SubcategoryController.php on line 28.
 1 APPPATH\Controllers\SubcategoryController.php(28): CodeIgniter\Debug\Exceptions->errorHandler(2, 'Undefined variable $subcategoryname', 'C:\\xampp\\htdocs\\ebook\\app\\Controllers\\SubcategoryController.php', 28)
 2 SYSTEMPATH\CodeIgniter.php(934): App\Controllers\SubcategoryController->addSubCategory()
 3 SYSTEMPATH\CodeIgniter.php(499): CodeIgniter\CodeIgniter->runController(Object(App\Controllers\SubcategoryController))
 4 SYSTEMPATH\CodeIgniter.php(368): CodeIgniter\CodeIgniter->handleRequest(null, Object(Config\Cache), false)
 5 FCPATH\index.php(67): CodeIgniter\CodeIgniter->run()
CRITICAL - 2023-06-20 13:25:20 --> There is no data to insert.
in SYSTEMPATH\BaseModel.php on line 762.
 1 SYSTEMPATH\BaseModel.php(762): CodeIgniter\Database\Exceptions\DataException::forEmptyDataset('insert')
 2 SYSTEMPATH\Model.php(730): CodeIgniter\BaseModel->insert([], true)
 3 APPPATH\Controllers\SubcategoryController.php(42): CodeIgniter\Model->insert([...])
 4 SYSTEMPATH\CodeIgniter.php(934): App\Controllers\SubcategoryController->addSubCategory()
 5 SYSTEMPATH\CodeIgniter.php(499): CodeIgniter\CodeIgniter->runController(Object(App\Controllers\SubcategoryController))
 6 SYSTEMPATH\CodeIgniter.php(368): CodeIgniter\CodeIgniter->handleRequest(null, Object(Config\Cache), false)
 7 FCPATH\index.php(67): CodeIgniter\CodeIgniter->run()
CRITICAL - 2023-06-20 13:44:50 --> There is no data to insert.
in SYSTEMPATH\BaseModel.php on line 762.
 1 SYSTEMPATH\BaseModel.php(762): CodeIgniter\Database\Exceptions\DataException::forEmptyDataset('insert')
 2 SYSTEMPATH\Model.php(730): CodeIgniter\BaseModel->insert([], true)
 3 APPPATH\Controllers\SubcategoryController.php(42): CodeIgniter\Model->insert([...])
 4 SYSTEMPATH\CodeIgniter.php(934): App\Controllers\SubcategoryController->addSubCategory()
 5 SYSTEMPATH\CodeIgniter.php(499): CodeIgniter\CodeIgniter->runController(Object(App\Controllers\SubcategoryController))
 6 SYSTEMPATH\CodeIgniter.php(368): CodeIgniter\CodeIgniter->handleRequest(null, Object(Config\Cache), false)
 7 FCPATH\index.php(67): CodeIgniter\CodeIgniter->run()
CRITICAL - 2023-06-20 13:48:28 --> There is no data to insert.
in SYSTEMPATH\BaseModel.php on line 762.
 1 SYSTEMPATH\BaseModel.php(762): CodeIgniter\Database\Exceptions\DataException::forEmptyDataset('insert')
 2 SYSTEMPATH\Model.php(730): CodeIgniter\BaseModel->insert([], true)
 3 APPPATH\Controllers\SubcategoryController.php(44): CodeIgniter\Model->insert([...])
 4 SYSTEMPATH\CodeIgniter.php(934): App\Controllers\SubcategoryController->addSubCategory()
 5 SYSTEMPATH\CodeIgniter.php(499): CodeIgniter\CodeIgniter->runController(Object(App\Controllers\SubcategoryController))
 6 SYSTEMPATH\CodeIgniter.php(368): CodeIgniter\CodeIgniter->handleRequest(null, Object(Config\Cache), false)
 7 FCPATH\index.php(67): CodeIgniter\CodeIgniter->run()
ERROR - 2023-06-20 13:51:06 --> mysqli_sql_exception: Table 'ebook.subcategorytable' doesn't exist in C:\xampp\htdocs\ebook\system\Database\MySQLi\Connection.php:295
Stack trace:
#0 C:\xampp\htdocs\ebook\system\Database\MySQLi\Connection.php(295): mysqli->query('INSERT INTO `su...', 0)
#1 C:\xampp\htdocs\ebook\system\Database\BaseConnection.php(692): CodeIgniter\Database\MySQLi\Connection->execute('INSERT INTO `su...')
#2 C:\xampp\htdocs\ebook\system\Database\BaseConnection.php(606): CodeIgniter\Database\BaseConnection->simpleQuery('INSERT INTO `su...')
#3 C:\xampp\htdocs\ebook\system\Database\BaseBuilder.php(2309): CodeIgniter\Database\BaseConnection->query('INSERT INTO `su...', Array, false)
#4 C:\xampp\htdocs\ebook\system\Model.php(330): CodeIgniter\Database\BaseBuilder->insert()
#5 C:\xampp\htdocs\ebook\system\BaseModel.php(782): CodeIgniter\Model->doInsert(Array)
#6 C:\xampp\htdocs\ebook\system\Model.php(730): CodeIgniter\BaseModel->insert(Array, true)
#7 C:\xampp\htdocs\ebook\app\Controllers\SubcategoryController.php(44): CodeIgniter\Model->insert(Array)
#8 C:\xampp\htdocs\ebook\system\CodeIgniter.php(934): App\Controllers\SubcategoryController->addSubCategory()
#9 C:\xampp\htdocs\ebook\system\CodeIgniter.php(499): CodeIgniter\CodeIgniter->runController(Object(App\Controllers\SubcategoryController))
#10 C:\xampp\htdocs\ebook\system\CodeIgniter.php(368): CodeIgniter\CodeIgniter->handleRequest(NULL, Object(Config\Cache), false)
#11 C:\xampp\htdocs\ebook\index.php(67): CodeIgniter\CodeIgniter->run()
#12 {main}
CRITICAL - 2023-06-20 13:51:06 --> Table 'ebook.subcategorytable' doesn't exist
in SYSTEMPATH\Database\MySQLi\Connection.php on line 295.
 1 SYSTEMPATH\Database\MySQLi\Connection.php(295): mysqli->query('INSERT INTO `subcategorytable` (`subcategoryname`) VALUES (\'science\')', 0)
 2 SYSTEMPATH\Database\BaseConnection.php(692): CodeIgniter\Database\MySQLi\Connection->execute('INSERT INTO `subcategorytable` (`subcategoryname`) VALUES (\'science\')')
 3 SYSTEMPATH\Database\BaseConnection.php(606): CodeIgniter\Database\BaseConnection->simpleQuery('INSERT INTO `subcategorytable` (`subcategoryname`) VALUES (\'science\')')
 4 SYSTEMPATH\Database\BaseBuilder.php(2309): CodeIgniter\Database\BaseConnection->query('INSERT INTO `subcategorytable` (`subcategoryname`) VALUES (:subcategoryname:)', [...], false)
 5 SYSTEMPATH\Model.php(330): CodeIgniter\Database\BaseBuilder->insert()
 6 SYSTEMPATH\BaseModel.php(782): CodeIgniter\Model->doInsert([...])
 7 SYSTEMPATH\Model.php(730): CodeIgniter\BaseModel->insert([...], true)
 8 APPPATH\Controllers\SubcategoryController.php(44): CodeIgniter\Model->insert([...])
 9 SYSTEMPATH\CodeIgniter.php(934): App\Controllers\SubcategoryController->addSubCategory()
10 SYSTEMPATH\CodeIgniter.php(499): CodeIgniter\CodeIgniter->runController(Object(App\Controllers\SubcategoryController))
11 SYSTEMPATH\CodeIgniter.php(368): CodeIgniter\CodeIgniter->handleRequest(null, Object(Config\Cache), false)
12 FCPATH\index.php(67): CodeIgniter\CodeIgniter->run()
ERROR - 2023-06-20 13:51:59 --> mysqli_sql_exception: Cannot add or update a child row: a foreign key constraint fails (`ebook`.`subcategory`, CONSTRAINT `subcategory_ibfk_1` FOREIGN KEY (`category_id`) REFERENCES `categorytable` (`id`) ON DELETE CASCADE ON UPDATE CASCADE) in C:\xampp\htdocs\ebook\system\Database\MySQLi\Connection.php:295
Stack trace:
#0 C:\xampp\htdocs\ebook\system\Database\MySQLi\Connection.php(295): mysqli->query('INSERT INTO `su...', 0)
#1 C:\xampp\htdocs\ebook\system\Database\BaseConnection.php(692): CodeIgniter\Database\MySQLi\Connection->execute('INSERT INTO `su...')
#2 C:\xampp\htdocs\ebook\system\Database\BaseConnection.php(606): CodeIgniter\Database\BaseConnection->simpleQuery('INSERT INTO `su...')
#3 C:\xampp\htdocs\ebook\system\Database\BaseBuilder.php(2309): CodeIgniter\Database\BaseConnection->query('INSERT INTO `su...', Array, false)
#4 C:\xampp\htdocs\ebook\system\Model.php(330): CodeIgniter\Database\BaseBuilder->insert()
#5 C:\xampp\htdocs\ebook\system\BaseModel.php(782): CodeIgniter\Model->doInsert(Array)
#6 C:\xampp\htdocs\ebook\system\Model.php(730): CodeIgniter\BaseModel->insert(Array, true)
#7 C:\xampp\htdocs\ebook\app\Controllers\SubcategoryController.php(44): CodeIgniter\Model->insert(Array)
#8 C:\xampp\htdocs\ebook\system\CodeIgniter.php(934): App\Controllers\SubcategoryController->addSubCategory()
#9 C:\xampp\htdocs\ebook\system\CodeIgniter.php(499): CodeIgniter\CodeIgniter->runController(Object(App\Controllers\SubcategoryController))
#10 C:\xampp\htdocs\ebook\system\CodeIgniter.php(368): CodeIgniter\CodeIgniter->handleRequest(NULL, Object(Config\Cache), false)
#11 C:\xampp\htdocs\ebook\index.php(67): CodeIgniter\CodeIgniter->run()
#12 {main}
CRITICAL - 2023-06-20 13:51:59 --> Cannot add or update a child row: a foreign key constraint fails (`ebook`.`subcategory`, CONSTRAINT `subcategory_ibfk_1` FOREIGN KEY (`category_id`) REFERENCES `categorytable` (`id`) ON DELETE CASCADE ON UPDATE CASCADE)
in SYSTEMPATH\Database\MySQLi\Connection.php on line 295.
 1 SYSTEMPATH\Database\MySQLi\Connection.php(295): mysqli->query('INSERT INTO `subcategory` (`subcategoryname`) VALUES (\'science\')', 0)
 2 SYSTEMPATH\Database\BaseConnection.php(692): CodeIgniter\Database\MySQLi\Connection->execute('INSERT INTO `subcategory` (`subcategoryname`) VALUES (\'science\')')
 3 SYSTEMPATH\Database\BaseConnection.php(606): CodeIgniter\Database\BaseConnection->simpleQuery('INSERT INTO `subcategory` (`subcategoryname`) VALUES (\'science\')')
 4 SYSTEMPATH\Database\BaseBuilder.php(2309): CodeIgniter\Database\BaseConnection->query('INSERT INTO `subcategory` (`subcategoryname`) VALUES (:subcategoryname:)', [...], false)
 5 SYSTEMPATH\Model.php(330): CodeIgniter\Database\BaseBuilder->insert()
 6 SYSTEMPATH\BaseModel.php(782): CodeIgniter\Model->doInsert([...])
 7 SYSTEMPATH\Model.php(730): CodeIgniter\BaseModel->insert([...], true)
 8 APPPATH\Controllers\SubcategoryController.php(44): CodeIgniter\Model->insert([...])
 9 SYSTEMPATH\CodeIgniter.php(934): App\Controllers\SubcategoryController->addSubCategory()
10 SYSTEMPATH\CodeIgniter.php(499): CodeIgniter\CodeIgniter->runController(Object(App\Controllers\SubcategoryController))
11 SYSTEMPATH\CodeIgniter.php(368): CodeIgniter\CodeIgniter->handleRequest(null, Object(Config\Cache), false)
12 FCPATH\index.php(67): CodeIgniter\CodeIgniter->run()
ERROR - 2023-06-20 14:04:41 --> mysqli_sql_exception: Cannot add or update a child row: a foreign key constraint fails (`ebook`.`subcategory`, CONSTRAINT `subcategory_ibfk_1` FOREIGN KEY (`category_id`) REFERENCES `categorytable` (`id`) ON DELETE CASCADE ON UPDATE CASCADE) in C:\xampp\htdocs\ebook\system\Database\MySQLi\Connection.php:295
Stack trace:
#0 C:\xampp\htdocs\ebook\system\Database\MySQLi\Connection.php(295): mysqli->query('INSERT INTO `su...', 0)
#1 C:\xampp\htdocs\ebook\system\Database\BaseConnection.php(692): CodeIgniter\Database\MySQLi\Connection->execute('INSERT INTO `su...')
#2 C:\xampp\htdocs\ebook\system\Database\BaseConnection.php(606): CodeIgniter\Database\BaseConnection->simpleQuery('INSERT INTO `su...')
#3 C:\xampp\htdocs\ebook\system\Database\BaseBuilder.php(2309): CodeIgniter\Database\BaseConnection->query('INSERT INTO `su...', Array, false)
#4 C:\xampp\htdocs\ebook\system\Model.php(330): CodeIgniter\Database\BaseBuilder->insert()
#5 C:\xampp\htdocs\ebook\system\BaseModel.php(782): CodeIgniter\Model->doInsert(Array)
#6 C:\xampp\htdocs\ebook\system\Model.php(730): CodeIgniter\BaseModel->insert(Array, true)
#7 C:\xampp\htdocs\ebook\app\Controllers\SubcategoryController.php(44): CodeIgniter\Model->insert(Array)
#8 C:\xampp\htdocs\ebook\system\CodeIgniter.php(934): App\Controllers\SubcategoryController->addSubCategory()
#9 C:\xampp\htdocs\ebook\system\CodeIgniter.php(499): CodeIgniter\CodeIgniter->runController(Object(App\Controllers\SubcategoryController))
#10 C:\xampp\htdocs\ebook\system\CodeIgniter.php(368): CodeIgniter\CodeIgniter->handleRequest(NULL, Object(Config\Cache), false)
#11 C:\xampp\htdocs\ebook\index.php(67): CodeIgniter\CodeIgniter->run()
#12 {main}
CRITICAL - 2023-06-20 14:04:41 --> Cannot add or update a child row: a foreign key constraint fails (`ebook`.`subcategory`, CONSTRAINT `subcategory_ibfk_1` FOREIGN KEY (`category_id`) REFERENCES `categorytable` (`id`) ON DELETE CASCADE ON UPDATE CASCADE)
in SYSTEMPATH\Database\MySQLi\Connection.php on line 295.
 1 SYSTEMPATH\Database\MySQLi\Connection.php(295): mysqli->query('INSERT INTO `subcategory` (`subcategoryname`) VALUES (\'science\')', 0)
 2 SYSTEMPATH\Database\BaseConnection.php(692): CodeIgniter\Database\MySQLi\Connection->execute('INSERT INTO `subcategory` (`subcategoryname`) VALUES (\'science\')')
 3 SYSTEMPATH\Database\BaseConnection.php(606): CodeIgniter\Database\BaseConnection->simpleQuery('INSERT INTO `subcategory` (`subcategoryname`) VALUES (\'science\')')
 4 SYSTEMPATH\Database\BaseBuilder.php(2309): CodeIgniter\Database\BaseConnection->query('INSERT INTO `subcategory` (`subcategoryname`) VALUES (:subcategoryname:)', [...], false)
 5 SYSTEMPATH\Model.php(330): CodeIgniter\Database\BaseBuilder->insert()
 6 SYSTEMPATH\BaseModel.php(782): CodeIgniter\Model->doInsert([...])
 7 SYSTEMPATH\Model.php(730): CodeIgniter\BaseModel->insert([...], true)
 8 APPPATH\Controllers\SubcategoryController.php(44): CodeIgniter\Model->insert([...])
 9 SYSTEMPATH\CodeIgniter.php(934): App\Controllers\SubcategoryController->addSubCategory()
10 SYSTEMPATH\CodeIgniter.php(499): CodeIgniter\CodeIgniter->runController(Object(App\Controllers\SubcategoryController))
11 SYSTEMPATH\CodeIgniter.php(368): CodeIgniter\CodeIgniter->handleRequest(null, Object(Config\Cache), false)
12 FCPATH\index.php(67): CodeIgniter\CodeIgniter->run()
