CRITICAL - 2023-08-07 07:15:16 --> Undefined variable $request
in APPPATH\Controllers\PostController.php on line 697.
 1 APPPATH\Controllers\PostController.php(697): CodeIgniter\Debug\Exceptions->errorHandler(2, 'Undefined variable $request', 'C:\\xampp\\htdocs\\variant\\app\\Controllers\\PostController.php', 697)
 2 SYSTEMPATH\CodeIgniter.php(934): App\Controllers\PostController->quizeform()
 3 SYSTEMPATH\CodeIgniter.php(499): CodeIgniter\CodeIgniter->runController(Object(App\Controllers\PostController))
 4 SYSTEMPATH\CodeIgniter.php(368): CodeIgniter\CodeIgniter->handleRequest(null, Object(Config\Cache), false)
 5 FCPATH\index.php(67): CodeIgniter\CodeIgniter->run()
CRITICAL - 2023-08-07 07:15:58 --> Undefined variable $request
in APPPATH\Controllers\PostController.php on line 697.
 1 APPPATH\Controllers\PostController.php(697): CodeIgniter\Debug\Exceptions->errorHandler(2, 'Undefined variable $request', 'C:\\xampp\\htdocs\\variant\\app\\Controllers\\PostController.php', 697)
 2 SYSTEMPATH\CodeIgniter.php(934): App\Controllers\PostController->quizeform()
 3 SYSTEMPATH\CodeIgniter.php(499): CodeIgniter\CodeIgniter->runController(Object(App\Controllers\PostController))
 4 SYSTEMPATH\CodeIgniter.php(368): CodeIgniter\CodeIgniter->handleRequest(null, Object(Config\Cache), false)
 5 FCPATH\index.php(67): CodeIgniter\CodeIgniter->run()
CRITICAL - 2023-08-07 07:16:57 --> Call to undefined function App\Controllers\getFileMultiple()
in APPPATH\Controllers\PostController.php on line 697.
 1 SYSTEMPATH\CodeIgniter.php(934): App\Controllers\PostController->quizeform()
 2 SYSTEMPATH\CodeIgniter.php(499): CodeIgniter\CodeIgniter->runController(Object(App\Controllers\PostController))
 3 SYSTEMPATH\CodeIgniter.php(368): CodeIgniter\CodeIgniter->handleRequest(null, Object(Config\Cache), false)
 4 FCPATH\index.php(67): CodeIgniter\CodeIgniter->run()
CRITICAL - 2023-08-07 07:17:42 --> Call to undefined function App\Controllers\getFileMultiple()
in APPPATH\Controllers\PostController.php on line 698.
 1 SYSTEMPATH\CodeIgniter.php(934): App\Controllers\PostController->quizeform()
 2 SYSTEMPATH\CodeIgniter.php(499): CodeIgniter\CodeIgniter->runController(Object(App\Controllers\PostController))
 3 SYSTEMPATH\CodeIgniter.php(368): CodeIgniter\CodeIgniter->handleRequest(null, Object(Config\Cache), false)
 4 FCPATH\index.php(67): CodeIgniter\CodeIgniter->run()
CRITICAL - 2023-08-07 07:23:54 --> Too few arguments to function CodeIgniter\HTTP\IncomingRequest::getFileMultiple(), 0 passed in C:\xampp\htdocs\variant\app\Controllers\PostController.php on line 697 and exactly 1 expected
in SYSTEMPATH\HTTP\IncomingRequest.php on line 919.
 1 APPPATH\Controllers\PostController.php(697): CodeIgniter\HTTP\IncomingRequest->getFileMultiple()
 2 SYSTEMPATH\CodeIgniter.php(934): App\Controllers\PostController->quizeform()
 3 SYSTEMPATH\CodeIgniter.php(499): CodeIgniter\CodeIgniter->runController(Object(App\Controllers\PostController))
 4 SYSTEMPATH\CodeIgniter.php(368): CodeIgniter\CodeIgniter->handleRequest(null, Object(Config\Cache), false)
 5 FCPATH\index.php(67): CodeIgniter\CodeIgniter->run()
CRITICAL - 2023-08-07 09:18:13 --> Cannot use [] for reading
in APPPATH\Controllers\PostController.php on line 728.
 1 SYSTEMPATH\CodeIgniter.php(934): App\Controllers\PostController->quizeform()
 2 SYSTEMPATH\CodeIgniter.php(499): CodeIgniter\CodeIgniter->runController(Object(App\Controllers\PostController))
 3 SYSTEMPATH\CodeIgniter.php(368): CodeIgniter\CodeIgniter->handleRequest(null, Object(Config\Cache), false)
 4 FCPATH\index.php(67): CodeIgniter\CodeIgniter->run()
CRITICAL - 2023-08-07 09:47:54 --> Attempt to read property "2" on string
in APPPATH\Controllers\PostController.php on line 760.
 1 APPPATH\Controllers\PostController.php(760): CodeIgniter\Debug\Exceptions->errorHandler(2, 'Attempt to read property "2" on string', 'C:\\xampp\\htdocs\\variant\\app\\Controllers\\PostController.php', 760)
 2 SYSTEMPATH\CodeIgniter.php(934): App\Controllers\PostController->quizeform()
 3 SYSTEMPATH\CodeIgniter.php(499): CodeIgniter\CodeIgniter->runController(Object(App\Controllers\PostController))
 4 SYSTEMPATH\CodeIgniter.php(368): CodeIgniter\CodeIgniter->handleRequest(null, Object(Config\Cache), false)
 5 FCPATH\index.php(67): CodeIgniter\CodeIgniter->run()
CRITICAL - 2023-08-07 09:52:59 --> Call to a member function json_encode() on string
in APPPATH\Controllers\PostController.php on line 760.
 1 SYSTEMPATH\CodeIgniter.php(934): App\Controllers\PostController->quizeform()
 2 SYSTEMPATH\CodeIgniter.php(499): CodeIgniter\CodeIgniter->runController(Object(App\Controllers\PostController))
 3 SYSTEMPATH\CodeIgniter.php(368): CodeIgniter\CodeIgniter->handleRequest(null, Object(Config\Cache), false)
 4 FCPATH\index.php(67): CodeIgniter\CodeIgniter->run()
CRITICAL - 2023-08-07 09:59:07 --> Attempt to read property "5" on string
in APPPATH\Controllers\PostController.php on line 762.
 1 APPPATH\Controllers\PostController.php(762): CodeIgniter\Debug\Exceptions->errorHandler(2, 'Attempt to read property "5" on string', 'C:\\xampp\\htdocs\\variant\\app\\Controllers\\PostController.php', 762)
 2 SYSTEMPATH\CodeIgniter.php(934): App\Controllers\PostController->quizeform()
 3 SYSTEMPATH\CodeIgniter.php(499): CodeIgniter\CodeIgniter->runController(Object(App\Controllers\PostController))
 4 SYSTEMPATH\CodeIgniter.php(368): CodeIgniter\CodeIgniter->handleRequest(null, Object(Config\Cache), false)
 5 FCPATH\index.php(67): CodeIgniter\CodeIgniter->run()
CRITICAL - 2023-08-07 10:38:53 --> Attempt to read property "7" on string
in APPPATH\Controllers\PostController.php on line 762.
 1 APPPATH\Controllers\PostController.php(762): CodeIgniter\Debug\Exceptions->errorHandler(2, 'Attempt to read property "7" on string', 'C:\\xampp\\htdocs\\variant\\app\\Controllers\\PostController.php', 762)
 2 SYSTEMPATH\CodeIgniter.php(934): App\Controllers\PostController->quizeform()
 3 SYSTEMPATH\CodeIgniter.php(499): CodeIgniter\CodeIgniter->runController(Object(App\Controllers\PostController))
 4 SYSTEMPATH\CodeIgniter.php(368): CodeIgniter\CodeIgniter->handleRequest(null, Object(Config\Cache), false)
 5 FCPATH\index.php(67): CodeIgniter\CodeIgniter->run()
CRITICAL - 2023-08-07 12:36:19 --> Undefined variable $rowNo
in APPPATH\Controllers\PostController.php on line 692.
 1 APPPATH\Controllers\PostController.php(692): CodeIgniter\Debug\Exceptions->errorHandler(2, 'Undefined variable $rowNo', 'C:\\xampp\\htdocs\\variant\\app\\Controllers\\PostController.php', 692)
 2 SYSTEMPATH\CodeIgniter.php(934): App\Controllers\PostController->quizeform()
 3 SYSTEMPATH\CodeIgniter.php(499): CodeIgniter\CodeIgniter->runController(Object(App\Controllers\PostController))
 4 SYSTEMPATH\CodeIgniter.php(368): CodeIgniter\CodeIgniter->handleRequest(null, Object(Config\Cache), false)
 5 FCPATH\index.php(67): CodeIgniter\CodeIgniter->run()
