CRITICAL - 2023-07-08 05:35:00 --> Undefined variable $photoName
in APPPATH\Controllers\EbookController.php on line 235.
 1 APPPATH\Controllers\EbookController.php(235): CodeIgniter\Debug\Exceptions->errorHandler(2, 'Undefined variable $photoName', 'C:\\xampp\\htdocs\\ebook\\app\\Controllers\\EbookController.php', 235)
 2 SYSTEMPATH\CodeIgniter.php(934): App\Controllers\EbookController->updateebook('21')
 3 SYSTEMPATH\CodeIgniter.php(499): CodeIgniter\CodeIgniter->runController(Object(App\Controllers\EbookController))
 4 SYSTEMPATH\CodeIgniter.php(368): CodeIgniter\CodeIgniter->handleRequest(null, Object(Config\Cache), false)
 5 FCPATH\index.php(67): CodeIgniter\CodeIgniter->run()
CRITICAL - 2023-07-08 05:59:43 --> Undefined variable $ebookname
in APPPATH\Views\ebookshow\ebooktable.php on line 278.
 1 APPPATH\Views\ebookshow\ebooktable.php(278): CodeIgniter\Debug\Exceptions->errorHandler(2, 'Undefined variable $ebookname', 'C:\\xampp\\htdocs\\ebook\\app\\Views\\ebookshow\\ebooktable.php', 278)
 2 SYSTEMPATH\View\View.php(213): include('C:\\xampp\\htdocs\\ebook\\app\\Views\\ebookshow\\ebooktable.php')
 3 SYSTEMPATH\View\View.php(216): CodeIgniter\View\View->CodeIgniter\View\{closure}()
 4 SYSTEMPATH\Common.php(1184): CodeIgniter\View\View->render('ebookshow/ebooktable', [], true)
 5 APPPATH\Controllers\EbookController.php(159): view('ebookshow/ebooktable', [...])
 6 SYSTEMPATH\CodeIgniter.php(934): App\Controllers\EbookController->ebookformsubmit()
 7 SYSTEMPATH\CodeIgniter.php(499): CodeIgniter\CodeIgniter->runController(Object(App\Controllers\EbookController))
 8 SYSTEMPATH\CodeIgniter.php(368): CodeIgniter\CodeIgniter->handleRequest(null, Object(Config\Cache), false)
 9 FCPATH\index.php(67): CodeIgniter\CodeIgniter->run()
INFO - 2023-07-08 06:32:49 --> Session: Class initialized using 'CodeIgniter\Session\Handlers\FileHandler' driver.
INFO - 2023-07-08 06:38:34 --> Session: Class initialized using 'CodeIgniter\Session\Handlers\FileHandler' driver.
INFO - 2023-07-08 06:39:16 --> Session: Class initialized using 'CodeIgniter\Session\Handlers\FileHandler' driver.
INFO - 2023-07-08 06:40:19 --> Session: Class initialized using 'CodeIgniter\Session\Handlers\FileHandler' driver.
INFO - 2023-07-08 06:43:38 --> Session: Class initialized using 'CodeIgniter\Session\Handlers\FileHandler' driver.
CRITICAL - 2023-07-08 08:17:09 --> Unmatched '}'
in APPPATH\Controllers\EbookController.php on line 359.
 1 SYSTEMPATH\Autoloader\Autoloader.php(289): CodeIgniter\Autoloader\Autoloader->includeFile('C:\\xampp\\htdocs\\ebook\\app\\Controllers\\EbookController.php')
 2 SYSTEMPATH\Autoloader\Autoloader.php(267): CodeIgniter\Autoloader\Autoloader->loadInNamespace('App\\Controllers\\EbookController')
 3 [internal function]: CodeIgniter\Autoloader\Autoloader->loadClass('App\\Controllers\\EbookController')
 4 SYSTEMPATH\CodeIgniter.php(892): class_exists('\\App\\Controllers\\EbookController', true)
 5 SYSTEMPATH\CodeIgniter.php(486): CodeIgniter\CodeIgniter->startController()
 6 SYSTEMPATH\CodeIgniter.php(368): CodeIgniter\CodeIgniter->handleRequest(null, Object(Config\Cache), false)
 7 FCPATH\index.php(67): CodeIgniter\CodeIgniter->run()
CRITICAL - 2023-07-08 08:17:57 --> Unmatched '}'
in APPPATH\Controllers\EbookController.php on line 359.
 1 SYSTEMPATH\Autoloader\Autoloader.php(289): CodeIgniter\Autoloader\Autoloader->includeFile('C:\\xampp\\htdocs\\ebook\\app\\Controllers\\EbookController.php')
 2 SYSTEMPATH\Autoloader\Autoloader.php(267): CodeIgniter\Autoloader\Autoloader->loadInNamespace('App\\Controllers\\EbookController')
 3 [internal function]: CodeIgniter\Autoloader\Autoloader->loadClass('App\\Controllers\\EbookController')
 4 SYSTEMPATH\CodeIgniter.php(892): class_exists('\\App\\Controllers\\EbookController', true)
 5 SYSTEMPATH\CodeIgniter.php(486): CodeIgniter\CodeIgniter->startController()
 6 SYSTEMPATH\CodeIgniter.php(368): CodeIgniter\CodeIgniter->handleRequest(null, Object(Config\Cache), false)
 7 FCPATH\index.php(67): CodeIgniter\CodeIgniter->run()
CRITICAL - 2023-07-08 08:18:51 --> Unmatched '}'
in APPPATH\Controllers\EbookController.php on line 359.
 1 SYSTEMPATH\Autoloader\Autoloader.php(289): CodeIgniter\Autoloader\Autoloader->includeFile('C:\\xampp\\htdocs\\ebook\\app\\Controllers\\EbookController.php')
 2 SYSTEMPATH\Autoloader\Autoloader.php(267): CodeIgniter\Autoloader\Autoloader->loadInNamespace('App\\Controllers\\EbookController')
 3 [internal function]: CodeIgniter\Autoloader\Autoloader->loadClass('App\\Controllers\\EbookController')
 4 SYSTEMPATH\CodeIgniter.php(892): class_exists('\\App\\Controllers\\EbookController', true)
 5 SYSTEMPATH\CodeIgniter.php(486): CodeIgniter\CodeIgniter->startController()
 6 SYSTEMPATH\CodeIgniter.php(368): CodeIgniter\CodeIgniter->handleRequest(null, Object(Config\Cache), false)
 7 FCPATH\index.php(67): CodeIgniter\CodeIgniter->run()
CRITICAL - 2023-07-08 08:19:39 --> Call to a member function getRandomName() on null
in APPPATH\Controllers\EbookController.php on line 306.
 1 SYSTEMPATH\CodeIgniter.php(934): App\Controllers\EbookController->formsubmitwithajax()
 2 SYSTEMPATH\CodeIgniter.php(499): CodeIgniter\CodeIgniter->runController(Object(App\Controllers\EbookController))
 3 SYSTEMPATH\CodeIgniter.php(368): CodeIgniter\CodeIgniter->handleRequest(null, Object(Config\Cache), false)
 4 FCPATH\index.php(67): CodeIgniter\CodeIgniter->run()
CRITICAL - 2023-07-08 08:22:55 --> Call to a member function getRandomName() on null
in APPPATH\Controllers\EbookController.php on line 306.
 1 SYSTEMPATH\CodeIgniter.php(934): App\Controllers\EbookController->formsubmitwithajax()
 2 SYSTEMPATH\CodeIgniter.php(499): CodeIgniter\CodeIgniter->runController(Object(App\Controllers\EbookController))
 3 SYSTEMPATH\CodeIgniter.php(368): CodeIgniter\CodeIgniter->handleRequest(null, Object(Config\Cache), false)
 4 FCPATH\index.php(67): CodeIgniter\CodeIgniter->run()
CRITICAL - 2023-07-08 08:23:19 --> Call to a member function getRandomName() on null
in APPPATH\Controllers\EbookController.php on line 306.
 1 SYSTEMPATH\CodeIgniter.php(934): App\Controllers\EbookController->formsubmitwithajax()
 2 SYSTEMPATH\CodeIgniter.php(499): CodeIgniter\CodeIgniter->runController(Object(App\Controllers\EbookController))
 3 SYSTEMPATH\CodeIgniter.php(368): CodeIgniter\CodeIgniter->handleRequest(null, Object(Config\Cache), false)
 4 FCPATH\index.php(67): CodeIgniter\CodeIgniter->run()
CRITICAL - 2023-07-08 08:25:18 --> Call to a member function getRandomName() on null
in APPPATH\Controllers\EbookController.php on line 306.
 1 SYSTEMPATH\CodeIgniter.php(934): App\Controllers\EbookController->formsubmitwithajax()
 2 SYSTEMPATH\CodeIgniter.php(499): CodeIgniter\CodeIgniter->runController(Object(App\Controllers\EbookController))
 3 SYSTEMPATH\CodeIgniter.php(368): CodeIgniter\CodeIgniter->handleRequest(null, Object(Config\Cache), false)
 4 FCPATH\index.php(67): CodeIgniter\CodeIgniter->run()
CRITICAL - 2023-07-08 08:27:04 --> Call to a member function getRandomName() on null
in APPPATH\Controllers\EbookController.php on line 306.
 1 SYSTEMPATH\CodeIgniter.php(934): App\Controllers\EbookController->formsubmitwithajax()
 2 SYSTEMPATH\CodeIgniter.php(499): CodeIgniter\CodeIgniter->runController(Object(App\Controllers\EbookController))
 3 SYSTEMPATH\CodeIgniter.php(368): CodeIgniter\CodeIgniter->handleRequest(null, Object(Config\Cache), false)
 4 FCPATH\index.php(67): CodeIgniter\CodeIgniter->run()
CRITICAL - 2023-07-08 09:49:08 --> Undefined variable $updateebook
in APPPATH\Controllers\EbookController.php on line 302.
 1 APPPATH\Controllers\EbookController.php(302): CodeIgniter\Debug\Exceptions->errorHandler(2, 'Undefined variable $updateebook', 'C:\\xampp\\htdocs\\ebook\\app\\Controllers\\EbookController.php', 302)
 2 SYSTEMPATH\CodeIgniter.php(934): App\Controllers\EbookController->formsubmitwithajax('36')
 3 SYSTEMPATH\CodeIgniter.php(499): CodeIgniter\CodeIgniter->runController(Object(App\Controllers\EbookController))
 4 SYSTEMPATH\CodeIgniter.php(368): CodeIgniter\CodeIgniter->handleRequest(null, Object(Config\Cache), false)
 5 FCPATH\index.php(67): CodeIgniter\CodeIgniter->run()
CRITICAL - 2023-07-08 09:52:00 --> Undefined variable $updateebook
in APPPATH\Controllers\EbookController.php on line 302.
 1 APPPATH\Controllers\EbookController.php(302): CodeIgniter\Debug\Exceptions->errorHandler(2, 'Undefined variable $updateebook', 'C:\\xampp\\htdocs\\ebook\\app\\Controllers\\EbookController.php', 302)
 2 SYSTEMPATH\CodeIgniter.php(934): App\Controllers\EbookController->formsubmitwithajax('36')
 3 SYSTEMPATH\CodeIgniter.php(499): CodeIgniter\CodeIgniter->runController(Object(App\Controllers\EbookController))
 4 SYSTEMPATH\CodeIgniter.php(368): CodeIgniter\CodeIgniter->handleRequest(null, Object(Config\Cache), false)
 5 FCPATH\index.php(67): CodeIgniter\CodeIgniter->run()
CRITICAL - 2023-07-08 09:55:43 --> Undefined variable $updateebook
in APPPATH\Controllers\EbookController.php on line 327.
 1 APPPATH\Controllers\EbookController.php(327): CodeIgniter\Debug\Exceptions->errorHandler(2, 'Undefined variable $updateebook', 'C:\\xampp\\htdocs\\ebook\\app\\Controllers\\EbookController.php', 327)
 2 SYSTEMPATH\CodeIgniter.php(934): App\Controllers\EbookController->formsubmitwithajax('36')
 3 SYSTEMPATH\CodeIgniter.php(499): CodeIgniter\CodeIgniter->runController(Object(App\Controllers\EbookController))
 4 SYSTEMPATH\CodeIgniter.php(368): CodeIgniter\CodeIgniter->handleRequest(null, Object(Config\Cache), false)
 5 FCPATH\index.php(67): CodeIgniter\CodeIgniter->run()
CRITICAL - 2023-07-08 09:59:40 --> Undefined variable $updateebook
in APPPATH\Controllers\EbookController.php on line 327.
 1 APPPATH\Controllers\EbookController.php(327): CodeIgniter\Debug\Exceptions->errorHandler(2, 'Undefined variable $updateebook', 'C:\\xampp\\htdocs\\ebook\\app\\Controllers\\EbookController.php', 327)
 2 SYSTEMPATH\CodeIgniter.php(934): App\Controllers\EbookController->formsubmitwithajax('42')
 3 SYSTEMPATH\CodeIgniter.php(499): CodeIgniter\CodeIgniter->runController(Object(App\Controllers\EbookController))
 4 SYSTEMPATH\CodeIgniter.php(368): CodeIgniter\CodeIgniter->handleRequest(null, Object(Config\Cache), false)
 5 FCPATH\index.php(67): CodeIgniter\CodeIgniter->run()
CRITICAL - 2023-07-08 10:02:16 --> Undefined variable $updateebook
in APPPATH\Controllers\EbookController.php on line 320.
 1 APPPATH\Controllers\EbookController.php(320): CodeIgniter\Debug\Exceptions->errorHandler(2, 'Undefined variable $updateebook', 'C:\\xampp\\htdocs\\ebook\\app\\Controllers\\EbookController.php', 320)
 2 SYSTEMPATH\CodeIgniter.php(934): App\Controllers\EbookController->formsubmitwithajax('48')
 3 SYSTEMPATH\CodeIgniter.php(499): CodeIgniter\CodeIgniter->runController(Object(App\Controllers\EbookController))
 4 SYSTEMPATH\CodeIgniter.php(368): CodeIgniter\CodeIgniter->handleRequest(null, Object(Config\Cache), false)
 5 FCPATH\index.php(67): CodeIgniter\CodeIgniter->run()
CRITICAL - 2023-07-08 10:03:26 --> Undefined variable $ebookdata
in APPPATH\Controllers\EbookController.php on line 324.
 1 APPPATH\Controllers\EbookController.php(324): CodeIgniter\Debug\Exceptions->errorHandler(2, 'Undefined variable $ebookdata', 'C:\\xampp\\htdocs\\ebook\\app\\Controllers\\EbookController.php', 324)
 2 SYSTEMPATH\CodeIgniter.php(934): App\Controllers\EbookController->formsubmitwithajax('48')
 3 SYSTEMPATH\CodeIgniter.php(499): CodeIgniter\CodeIgniter->runController(Object(App\Controllers\EbookController))
 4 SYSTEMPATH\CodeIgniter.php(368): CodeIgniter\CodeIgniter->handleRequest(null, Object(Config\Cache), false)
 5 FCPATH\index.php(67): CodeIgniter\CodeIgniter->run()
CRITICAL - 2023-07-08 10:08:38 --> Undefined variable $ebookdata
in APPPATH\Controllers\EbookController.php on line 326.
 1 APPPATH\Controllers\EbookController.php(326): CodeIgniter\Debug\Exceptions->errorHandler(2, 'Undefined variable $ebookdata', 'C:\\xampp\\htdocs\\ebook\\app\\Controllers\\EbookController.php', 326)
 2 SYSTEMPATH\CodeIgniter.php(934): App\Controllers\EbookController->formsubmitwithajax('48')
 3 SYSTEMPATH\CodeIgniter.php(499): CodeIgniter\CodeIgniter->runController(Object(App\Controllers\EbookController))
 4 SYSTEMPATH\CodeIgniter.php(368): CodeIgniter\CodeIgniter->handleRequest(null, Object(Config\Cache), false)
 5 FCPATH\index.php(67): CodeIgniter\CodeIgniter->run()
CRITICAL - 2023-07-08 10:10:35 --> Undefined variable $ebookdata
in APPPATH\Controllers\EbookController.php on line 326.
 1 APPPATH\Controllers\EbookController.php(326): CodeIgniter\Debug\Exceptions->errorHandler(2, 'Undefined variable $ebookdata', 'C:\\xampp\\htdocs\\ebook\\app\\Controllers\\EbookController.php', 326)
 2 SYSTEMPATH\CodeIgniter.php(934): App\Controllers\EbookController->formsubmitwithajax('48')
 3 SYSTEMPATH\CodeIgniter.php(499): CodeIgniter\CodeIgniter->runController(Object(App\Controllers\EbookController))
 4 SYSTEMPATH\CodeIgniter.php(368): CodeIgniter\CodeIgniter->handleRequest(null, Object(Config\Cache), false)
 5 FCPATH\index.php(67): CodeIgniter\CodeIgniter->run()
CRITICAL - 2023-07-08 10:11:19 --> Undefined variable $ebookdata
in APPPATH\Controllers\EbookController.php on line 326.
 1 APPPATH\Controllers\EbookController.php(326): CodeIgniter\Debug\Exceptions->errorHandler(2, 'Undefined variable $ebookdata', 'C:\\xampp\\htdocs\\ebook\\app\\Controllers\\EbookController.php', 326)
 2 SYSTEMPATH\CodeIgniter.php(934): App\Controllers\EbookController->formsubmitwithajax('48')
 3 SYSTEMPATH\CodeIgniter.php(499): CodeIgniter\CodeIgniter->runController(Object(App\Controllers\EbookController))
 4 SYSTEMPATH\CodeIgniter.php(368): CodeIgniter\CodeIgniter->handleRequest(null, Object(Config\Cache), false)
 5 FCPATH\index.php(67): CodeIgniter\CodeIgniter->run()
CRITICAL - 2023-07-08 12:00:53 --> Unsupported operand types: string + string
in APPPATH\Views\ebookshow\ebooktable.php on line 351.
 1 SYSTEMPATH\View\View.php(213): include()
 2 SYSTEMPATH\View\View.php(216): CodeIgniter\View\View->CodeIgniter\View\{closure}()
 3 SYSTEMPATH\Common.php(1184): CodeIgniter\View\View->render('ebookshow/ebooktable', [], true)
 4 APPPATH\Controllers\EbookController.php(159): view('ebookshow/ebooktable', [...])
 5 SYSTEMPATH\CodeIgniter.php(934): App\Controllers\EbookController->ebookformsubmit()
 6 SYSTEMPATH\CodeIgniter.php(499): CodeIgniter\CodeIgniter->runController(Object(App\Controllers\EbookController))
 7 SYSTEMPATH\CodeIgniter.php(368): CodeIgniter\CodeIgniter->handleRequest(null, Object(Config\Cache), false)
 8 FCPATH\index.php(67): CodeIgniter\CodeIgniter->run()
CRITICAL - 2023-07-08 12:03:17 --> Undefined constant "id"
in APPPATH\Views\ebookshow\ebooktable.php on line 351.
 1 SYSTEMPATH\View\View.php(213): include()
 2 SYSTEMPATH\View\View.php(216): CodeIgniter\View\View->CodeIgniter\View\{closure}()
 3 SYSTEMPATH\Common.php(1184): CodeIgniter\View\View->render('ebookshow/ebooktable', [], true)
 4 APPPATH\Controllers\EbookController.php(159): view('ebookshow/ebooktable', [...])
 5 SYSTEMPATH\CodeIgniter.php(934): App\Controllers\EbookController->ebookformsubmit()
 6 SYSTEMPATH\CodeIgniter.php(499): CodeIgniter\CodeIgniter->runController(Object(App\Controllers\EbookController))
 7 SYSTEMPATH\CodeIgniter.php(368): CodeIgniter\CodeIgniter->handleRequest(null, Object(Config\Cache), false)
 8 FCPATH\index.php(67): CodeIgniter\CodeIgniter->run()
INFO - 2023-07-08 13:18:25 --> Session: Class initialized using 'CodeIgniter\Session\Handlers\FileHandler' driver.
INFO - 2023-07-08 13:18:42 --> Session: Class initialized using 'CodeIgniter\Session\Handlers\FileHandler' driver.
INFO - 2023-07-08 13:19:19 --> Session: Class initialized using 'CodeIgniter\Session\Handlers\FileHandler' driver.
INFO - 2023-07-08 13:23:19 --> Session: Class initialized using 'CodeIgniter\Session\Handlers\FileHandler' driver.
