CRITICAL - 2023-08-05 05:02:55 --> Undefined array key "language"
in APPPATH\Views\addpost\allpost.php on line 45.
 1 APPPATH\Views\addpost\allpost.php(45): CodeIgniter\Debug\Exceptions->errorHandler(2, 'Undefined array key "language"', 'C:\\xampp\\htdocs\\variant\\app\\Views\\addpost\\allpost.php', 45)
 2 SYSTEMPATH\View\View.php(213): include('C:\\xampp\\htdocs\\variant\\app\\Views\\addpost\\allpost.php')
 3 SYSTEMPATH\View\View.php(216): CodeIgniter\View\View->CodeIgniter\View\{closure}()
 4 SYSTEMPATH\Common.php(1184): CodeIgniter\View\View->render('addpost/allpost', [], true)
 5 APPPATH\Controllers\PostController.php(43): view('addpost/allpost', [...])
 6 SYSTEMPATH\CodeIgniter.php(934): App\Controllers\PostController->allpost()
 7 SYSTEMPATH\CodeIgniter.php(499): CodeIgniter\CodeIgniter->runController(Object(App\Controllers\PostController))
 8 SYSTEMPATH\CodeIgniter.php(368): CodeIgniter\CodeIgniter->handleRequest(null, Object(Config\Cache), false)
 9 FCPATH\index.php(67): CodeIgniter\CodeIgniter->run()
ERROR - 2023-08-05 06:03:04 --> mysqli_sql_exception: Cannot add or update a child row: a foreign key constraint fails (`variant`.`articletable`, CONSTRAINT `testrelation` FOREIGN KEY (`language_id`) REFERENCES `languagetable` (`id`) ON DELETE CASCADE ON UPDATE CASCADE) in C:\xampp\htdocs\variant\system\Database\MySQLi\Connection.php:295
Stack trace:
#0 C:\xampp\htdocs\variant\system\Database\MySQLi\Connection.php(295): mysqli->query('INSERT INTO `ar...', 0)
#1 C:\xampp\htdocs\variant\system\Database\BaseConnection.php(692): CodeIgniter\Database\MySQLi\Connection->execute('INSERT INTO `ar...')
#2 C:\xampp\htdocs\variant\system\Database\BaseConnection.php(606): CodeIgniter\Database\BaseConnection->simpleQuery('INSERT INTO `ar...')
#3 C:\xampp\htdocs\variant\system\Database\BaseBuilder.php(2309): CodeIgniter\Database\BaseConnection->query('INSERT INTO `ar...', Array, false)
#4 C:\xampp\htdocs\variant\system\Model.php(330): CodeIgniter\Database\BaseBuilder->insert()
#5 C:\xampp\htdocs\variant\system\BaseModel.php(782): CodeIgniter\Model->doInsert(Array)
#6 C:\xampp\htdocs\variant\system\Model.php(730): CodeIgniter\BaseModel->insert(Array, true)
#7 C:\xampp\htdocs\variant\app\Controllers\PostController.php(256): CodeIgniter\Model->insert(Array)
#8 C:\xampp\htdocs\variant\system\CodeIgniter.php(934): App\Controllers\PostController->articleform()
#9 C:\xampp\htdocs\variant\system\CodeIgniter.php(499): CodeIgniter\CodeIgniter->runController(Object(App\Controllers\PostController))
#10 C:\xampp\htdocs\variant\system\CodeIgniter.php(368): CodeIgniter\CodeIgniter->handleRequest(NULL, Object(Config\Cache), false)
#11 C:\xampp\htdocs\variant\index.php(67): CodeIgniter\CodeIgniter->run()
#12 {main}
CRITICAL - 2023-08-05 06:03:04 --> Cannot add or update a child row: a foreign key constraint fails (`variant`.`articletable`, CONSTRAINT `testrelation` FOREIGN KEY (`language_id`) REFERENCES `languagetable` (`id`) ON DELETE CASCADE ON UPDATE CASCADE)
in SYSTEMPATH\Database\MySQLi\Connection.php on line 295.
 1 SYSTEMPATH\Database\MySQLi\Connection.php(295): mysqli->query('INSERT INTO `articletable` (`type`, `title`, `Slug`, `Summary`, `Keywords`, `visibility`, `Featured`, `Breaking`, `Slider`, `Recommended`, `Registered`, `tags`, `OptionalUrl`, `content`, `ImageUrl`, `ImageDescription`, `AdditionalImages`, `Files`, `language`, `category`, `subcategory`, `datePublished`) VALUES (\'article\', \'art\', \'art\', \'art\', \'art\', \'show\', \'1\', NULL, \'1\', NULL, \'1\', \'art\', \'art\', \'<p>art<br></p>\', \'article\', \'art\', \'1691215384_26ba06432de4b97ac649.jpg\', \'no file\', \'3\', \'1\', \'5\', \'2023-08-01\')', 0)
 2 SYSTEMPATH\Database\BaseConnection.php(692): CodeIgniter\Database\MySQLi\Connection->execute('INSERT INTO `articletable` (`type`, `title`, `Slug`, `Summary`, `Keywords`, `visibility`, `Featured`, `Breaking`, `Slider`, `Recommended`, `Registered`, `tags`, `OptionalUrl`, `content`, `ImageUrl`, `ImageDescription`, `AdditionalImages`, `Files`, `language`, `category`, `subcategory`, `datePublished`) VALUES (\'article\', \'art\', \'art\', \'art\', \'art\', \'show\', \'1\', NULL, \'1\', NULL, \'1\', \'art\', \'art\', \'<p>art<br></p>\', \'article\', \'art\', \'1691215384_26ba06432de4b97ac649.jpg\', \'no file\', \'3\', \'1\', \'5\', \'2023-08-01\')')
 3 SYSTEMPATH\Database\BaseConnection.php(606): CodeIgniter\Database\BaseConnection->simpleQuery('INSERT INTO `articletable` (`type`, `title`, `Slug`, `Summary`, `Keywords`, `visibility`, `Featured`, `Breaking`, `Slider`, `Recommended`, `Registered`, `tags`, `OptionalUrl`, `content`, `ImageUrl`, `ImageDescription`, `AdditionalImages`, `Files`, `language`, `category`, `subcategory`, `datePublished`) VALUES (\'article\', \'art\', \'art\', \'art\', \'art\', \'show\', \'1\', NULL, \'1\', NULL, \'1\', \'art\', \'art\', \'<p>art<br></p>\', \'article\', \'art\', \'1691215384_26ba06432de4b97ac649.jpg\', \'no file\', \'3\', \'1\', \'5\', \'2023-08-01\')')
 4 SYSTEMPATH\Database\BaseBuilder.php(2309): CodeIgniter\Database\BaseConnection->query('INSERT INTO `articletable` (`type`, `title`, `Slug`, `Summary`, `Keywords`, `visibility`, `Featured`, `Breaking`, `Slider`, `Recommended`, `Registered`, `tags`, `OptionalUrl`, `content`, `ImageUrl`, `ImageDescription`, `AdditionalImages`, `Files`, `language`, `category`, `subcategory`, `datePublished`) VALUES (:type:, :title:, :Slug:, :Summary:, :Keywords:, :visibility:, :Featured:, :Breaking:, :Slider:, :Recommended:, :Registered:, :tags:, :OptionalUrl:, :content:, :ImageUrl:, :ImageDescription:, :AdditionalImages:, :Files:, :language:, :category:, :subcategory:, :datePublished:)', [...], false)
 5 SYSTEMPATH\Model.php(330): CodeIgniter\Database\BaseBuilder->insert()
 6 SYSTEMPATH\BaseModel.php(782): CodeIgniter\Model->doInsert([...])
 7 SYSTEMPATH\Model.php(730): CodeIgniter\BaseModel->insert([...], true)
 8 APPPATH\Controllers\PostController.php(256): CodeIgniter\Model->insert([...])
 9 SYSTEMPATH\CodeIgniter.php(934): App\Controllers\PostController->articleform()
10 SYSTEMPATH\CodeIgniter.php(499): CodeIgniter\CodeIgniter->runController(Object(App\Controllers\PostController))
11 SYSTEMPATH\CodeIgniter.php(368): CodeIgniter\CodeIgniter->handleRequest(null, Object(Config\Cache), false)
12 FCPATH\index.php(67): CodeIgniter\CodeIgniter->run()
ERROR - 2023-08-05 06:08:09 --> mysqli_sql_exception: Cannot add or update a child row: a foreign key constraint fails (`variant`.`articletable`, CONSTRAINT `testrelation` FOREIGN KEY (`language_id`) REFERENCES `languagetable` (`id`) ON DELETE CASCADE ON UPDATE CASCADE) in C:\xampp\htdocs\variant\system\Database\MySQLi\Connection.php:295
Stack trace:
#0 C:\xampp\htdocs\variant\system\Database\MySQLi\Connection.php(295): mysqli->query('INSERT INTO `ar...', 0)
#1 C:\xampp\htdocs\variant\system\Database\BaseConnection.php(692): CodeIgniter\Database\MySQLi\Connection->execute('INSERT INTO `ar...')
#2 C:\xampp\htdocs\variant\system\Database\BaseConnection.php(606): CodeIgniter\Database\BaseConnection->simpleQuery('INSERT INTO `ar...')
#3 C:\xampp\htdocs\variant\system\Database\BaseBuilder.php(2309): CodeIgniter\Database\BaseConnection->query('INSERT INTO `ar...', Array, false)
#4 C:\xampp\htdocs\variant\system\Model.php(330): CodeIgniter\Database\BaseBuilder->insert()
#5 C:\xampp\htdocs\variant\system\BaseModel.php(782): CodeIgniter\Model->doInsert(Array)
#6 C:\xampp\htdocs\variant\system\Model.php(730): CodeIgniter\BaseModel->insert(Array, true)
#7 C:\xampp\htdocs\variant\app\Controllers\PostController.php(256): CodeIgniter\Model->insert(Array)
#8 C:\xampp\htdocs\variant\system\CodeIgniter.php(934): App\Controllers\PostController->articleform()
#9 C:\xampp\htdocs\variant\system\CodeIgniter.php(499): CodeIgniter\CodeIgniter->runController(Object(App\Controllers\PostController))
#10 C:\xampp\htdocs\variant\system\CodeIgniter.php(368): CodeIgniter\CodeIgniter->handleRequest(NULL, Object(Config\Cache), false)
#11 C:\xampp\htdocs\variant\index.php(67): CodeIgniter\CodeIgniter->run()
#12 {main}
CRITICAL - 2023-08-05 06:08:09 --> Cannot add or update a child row: a foreign key constraint fails (`variant`.`articletable`, CONSTRAINT `testrelation` FOREIGN KEY (`language_id`) REFERENCES `languagetable` (`id`) ON DELETE CASCADE ON UPDATE CASCADE)
in SYSTEMPATH\Database\MySQLi\Connection.php on line 295.
 1 SYSTEMPATH\Database\MySQLi\Connection.php(295): mysqli->query('INSERT INTO `articletable` (`type`, `title`, `Slug`, `Summary`, `Keywords`, `visibility`, `Featured`, `Breaking`, `Slider`, `Recommended`, `Registered`, `tags`, `OptionalUrl`, `content`, `ImageUrl`, `ImageDescription`, `AdditionalImages`, `Files`, `language`, `category`, `subcategory`, `datePublished`) VALUES (\'article\', \'art\', \'art\', \'art\', \'art\', \'show\', \'1\', \'1\', \'1\', \'1\', \'1\', \'art\', \'art\', \'<p>art<br></p>\', \'art\', \'art\', \'1691215689_f9627d87d9c61f5b11a3.jpg\', \'1691215689_0d514d3cf7356ae96658.pdf\', \'3\', \'1\', \'5\', \'2023-08-01\')', 0)
 2 SYSTEMPATH\Database\BaseConnection.php(692): CodeIgniter\Database\MySQLi\Connection->execute('INSERT INTO `articletable` (`type`, `title`, `Slug`, `Summary`, `Keywords`, `visibility`, `Featured`, `Breaking`, `Slider`, `Recommended`, `Registered`, `tags`, `OptionalUrl`, `content`, `ImageUrl`, `ImageDescription`, `AdditionalImages`, `Files`, `language`, `category`, `subcategory`, `datePublished`) VALUES (\'article\', \'art\', \'art\', \'art\', \'art\', \'show\', \'1\', \'1\', \'1\', \'1\', \'1\', \'art\', \'art\', \'<p>art<br></p>\', \'art\', \'art\', \'1691215689_f9627d87d9c61f5b11a3.jpg\', \'1691215689_0d514d3cf7356ae96658.pdf\', \'3\', \'1\', \'5\', \'2023-08-01\')')
 3 SYSTEMPATH\Database\BaseConnection.php(606): CodeIgniter\Database\BaseConnection->simpleQuery('INSERT INTO `articletable` (`type`, `title`, `Slug`, `Summary`, `Keywords`, `visibility`, `Featured`, `Breaking`, `Slider`, `Recommended`, `Registered`, `tags`, `OptionalUrl`, `content`, `ImageUrl`, `ImageDescription`, `AdditionalImages`, `Files`, `language`, `category`, `subcategory`, `datePublished`) VALUES (\'article\', \'art\', \'art\', \'art\', \'art\', \'show\', \'1\', \'1\', \'1\', \'1\', \'1\', \'art\', \'art\', \'<p>art<br></p>\', \'art\', \'art\', \'1691215689_f9627d87d9c61f5b11a3.jpg\', \'1691215689_0d514d3cf7356ae96658.pdf\', \'3\', \'1\', \'5\', \'2023-08-01\')')
 4 SYSTEMPATH\Database\BaseBuilder.php(2309): CodeIgniter\Database\BaseConnection->query('INSERT INTO `articletable` (`type`, `title`, `Slug`, `Summary`, `Keywords`, `visibility`, `Featured`, `Breaking`, `Slider`, `Recommended`, `Registered`, `tags`, `OptionalUrl`, `content`, `ImageUrl`, `ImageDescription`, `AdditionalImages`, `Files`, `language`, `category`, `subcategory`, `datePublished`) VALUES (:type:, :title:, :Slug:, :Summary:, :Keywords:, :visibility:, :Featured:, :Breaking:, :Slider:, :Recommended:, :Registered:, :tags:, :OptionalUrl:, :content:, :ImageUrl:, :ImageDescription:, :AdditionalImages:, :Files:, :language:, :category:, :subcategory:, :datePublished:)', [...], false)
 5 SYSTEMPATH\Model.php(330): CodeIgniter\Database\BaseBuilder->insert()
 6 SYSTEMPATH\BaseModel.php(782): CodeIgniter\Model->doInsert([...])
 7 SYSTEMPATH\Model.php(730): CodeIgniter\BaseModel->insert([...], true)
 8 APPPATH\Controllers\PostController.php(256): CodeIgniter\Model->insert([...])
 9 SYSTEMPATH\CodeIgniter.php(934): App\Controllers\PostController->articleform()
10 SYSTEMPATH\CodeIgniter.php(499): CodeIgniter\CodeIgniter->runController(Object(App\Controllers\PostController))
11 SYSTEMPATH\CodeIgniter.php(368): CodeIgniter\CodeIgniter->handleRequest(null, Object(Config\Cache), false)
12 FCPATH\index.php(67): CodeIgniter\CodeIgniter->run()
ERROR - 2023-08-05 06:30:26 --> mysqli_sql_exception: Cannot add or update a child row: a foreign key constraint fails (`variant`.`articletable`, CONSTRAINT `testrelation` FOREIGN KEY (`language_id`) REFERENCES `languagetable` (`id`) ON DELETE CASCADE ON UPDATE CASCADE) in C:\xampp\htdocs\variant\system\Database\MySQLi\Connection.php:295
Stack trace:
#0 C:\xampp\htdocs\variant\system\Database\MySQLi\Connection.php(295): mysqli->query('INSERT INTO `ar...', 0)
#1 C:\xampp\htdocs\variant\system\Database\BaseConnection.php(692): CodeIgniter\Database\MySQLi\Connection->execute('INSERT INTO `ar...')
#2 C:\xampp\htdocs\variant\system\Database\BaseConnection.php(606): CodeIgniter\Database\BaseConnection->simpleQuery('INSERT INTO `ar...')
#3 C:\xampp\htdocs\variant\system\Database\BaseBuilder.php(2309): CodeIgniter\Database\BaseConnection->query('INSERT INTO `ar...', Array, false)
#4 C:\xampp\htdocs\variant\system\Model.php(330): CodeIgniter\Database\BaseBuilder->insert()
#5 C:\xampp\htdocs\variant\system\BaseModel.php(782): CodeIgniter\Model->doInsert(Array)
#6 C:\xampp\htdocs\variant\system\Model.php(730): CodeIgniter\BaseModel->insert(Array, true)
#7 C:\xampp\htdocs\variant\app\Controllers\PostController.php(256): CodeIgniter\Model->insert(Array)
#8 C:\xampp\htdocs\variant\system\CodeIgniter.php(934): App\Controllers\PostController->articleform()
#9 C:\xampp\htdocs\variant\system\CodeIgniter.php(499): CodeIgniter\CodeIgniter->runController(Object(App\Controllers\PostController))
#10 C:\xampp\htdocs\variant\system\CodeIgniter.php(368): CodeIgniter\CodeIgniter->handleRequest(NULL, Object(Config\Cache), false)
#11 C:\xampp\htdocs\variant\index.php(67): CodeIgniter\CodeIgniter->run()
#12 {main}
CRITICAL - 2023-08-05 06:30:26 --> Cannot add or update a child row: a foreign key constraint fails (`variant`.`articletable`, CONSTRAINT `testrelation` FOREIGN KEY (`language_id`) REFERENCES `languagetable` (`id`) ON DELETE CASCADE ON UPDATE CASCADE)
in SYSTEMPATH\Database\MySQLi\Connection.php on line 295.
 1 SYSTEMPATH\Database\MySQLi\Connection.php(295): mysqli->query('INSERT INTO `articletable` (`type`, `title`, `Slug`, `Summary`, `Keywords`, `visibility`, `Featured`, `Breaking`, `Slider`, `Recommended`, `Registered`, `tags`, `OptionalUrl`, `content`, `ImageUrl`, `ImageDescription`, `AdditionalImages`, `Files`, `language`, `category`, `subcategory`, `datePublished`) VALUES (\'article\', \'art\', \'art\', \'art\', \'art\', \'show\', \'1\', \'1\', \'1\', \'1\', \'1\', \'art\', \'art\', \'<p>art<br></p>\', \'art\', \'art\', \'1691217026_b5922a2e24fb8fa86d37.jpg\', \'1691217026_347606296066d27984c1.pdf\', \'3\', \'1\', \'5\', \'2023-08-02\')', 0)
 2 SYSTEMPATH\Database\BaseConnection.php(692): CodeIgniter\Database\MySQLi\Connection->execute('INSERT INTO `articletable` (`type`, `title`, `Slug`, `Summary`, `Keywords`, `visibility`, `Featured`, `Breaking`, `Slider`, `Recommended`, `Registered`, `tags`, `OptionalUrl`, `content`, `ImageUrl`, `ImageDescription`, `AdditionalImages`, `Files`, `language`, `category`, `subcategory`, `datePublished`) VALUES (\'article\', \'art\', \'art\', \'art\', \'art\', \'show\', \'1\', \'1\', \'1\', \'1\', \'1\', \'art\', \'art\', \'<p>art<br></p>\', \'art\', \'art\', \'1691217026_b5922a2e24fb8fa86d37.jpg\', \'1691217026_347606296066d27984c1.pdf\', \'3\', \'1\', \'5\', \'2023-08-02\')')
 3 SYSTEMPATH\Database\BaseConnection.php(606): CodeIgniter\Database\BaseConnection->simpleQuery('INSERT INTO `articletable` (`type`, `title`, `Slug`, `Summary`, `Keywords`, `visibility`, `Featured`, `Breaking`, `Slider`, `Recommended`, `Registered`, `tags`, `OptionalUrl`, `content`, `ImageUrl`, `ImageDescription`, `AdditionalImages`, `Files`, `language`, `category`, `subcategory`, `datePublished`) VALUES (\'article\', \'art\', \'art\', \'art\', \'art\', \'show\', \'1\', \'1\', \'1\', \'1\', \'1\', \'art\', \'art\', \'<p>art<br></p>\', \'art\', \'art\', \'1691217026_b5922a2e24fb8fa86d37.jpg\', \'1691217026_347606296066d27984c1.pdf\', \'3\', \'1\', \'5\', \'2023-08-02\')')
 4 SYSTEMPATH\Database\BaseBuilder.php(2309): CodeIgniter\Database\BaseConnection->query('INSERT INTO `articletable` (`type`, `title`, `Slug`, `Summary`, `Keywords`, `visibility`, `Featured`, `Breaking`, `Slider`, `Recommended`, `Registered`, `tags`, `OptionalUrl`, `content`, `ImageUrl`, `ImageDescription`, `AdditionalImages`, `Files`, `language`, `category`, `subcategory`, `datePublished`) VALUES (:type:, :title:, :Slug:, :Summary:, :Keywords:, :visibility:, :Featured:, :Breaking:, :Slider:, :Recommended:, :Registered:, :tags:, :OptionalUrl:, :content:, :ImageUrl:, :ImageDescription:, :AdditionalImages:, :Files:, :language:, :category:, :subcategory:, :datePublished:)', [...], false)
 5 SYSTEMPATH\Model.php(330): CodeIgniter\Database\BaseBuilder->insert()
 6 SYSTEMPATH\BaseModel.php(782): CodeIgniter\Model->doInsert([...])
 7 SYSTEMPATH\Model.php(730): CodeIgniter\BaseModel->insert([...], true)
 8 APPPATH\Controllers\PostController.php(256): CodeIgniter\Model->insert([...])
 9 SYSTEMPATH\CodeIgniter.php(934): App\Controllers\PostController->articleform()
10 SYSTEMPATH\CodeIgniter.php(499): CodeIgniter\CodeIgniter->runController(Object(App\Controllers\PostController))
11 SYSTEMPATH\CodeIgniter.php(368): CodeIgniter\CodeIgniter->handleRequest(null, Object(Config\Cache), false)
12 FCPATH\index.php(67): CodeIgniter\CodeIgniter->run()
CRITICAL - 2023-08-05 09:46:20 --> Undefined variable $articlerow
in APPPATH\Controllers\PostController.php on line 41.
 1 APPPATH\Controllers\PostController.php(41): CodeIgniter\Debug\Exceptions->errorHandler(2, 'Undefined variable $articlerow', 'C:\\xampp\\htdocs\\variant\\app\\Controllers\\PostController.php', 41)
 2 SYSTEMPATH\CodeIgniter.php(934): App\Controllers\PostController->allpost()
 3 SYSTEMPATH\CodeIgniter.php(499): CodeIgniter\CodeIgniter->runController(Object(App\Controllers\PostController))
 4 SYSTEMPATH\CodeIgniter.php(368): CodeIgniter\CodeIgniter->handleRequest(null, Object(Config\Cache), false)
 5 FCPATH\index.php(67): CodeIgniter\CodeIgniter->run()
CRITICAL - 2023-08-05 09:48:01 --> Undefined variable $cattable
in APPPATH\Controllers\PostController.php on line 48.
 1 APPPATH\Controllers\PostController.php(48): CodeIgniter\Debug\Exceptions->errorHandler(2, 'Undefined variable $cattable', 'C:\\xampp\\htdocs\\variant\\app\\Controllers\\PostController.php', 48)
 2 SYSTEMPATH\CodeIgniter.php(934): App\Controllers\PostController->allpost()
 3 SYSTEMPATH\CodeIgniter.php(499): CodeIgniter\CodeIgniter->runController(Object(App\Controllers\PostController))
 4 SYSTEMPATH\CodeIgniter.php(368): CodeIgniter\CodeIgniter->handleRequest(null, Object(Config\Cache), false)
 5 FCPATH\index.php(67): CodeIgniter\CodeIgniter->run()
CRITICAL - 2023-08-05 09:50:45 --> Undefined variable $value
in APPPATH\Views\addpost\allpost.php on line 45.
 1 APPPATH\Views\addpost\allpost.php(45): CodeIgniter\Debug\Exceptions->errorHandler(2, 'Undefined variable $value', 'C:\\xampp\\htdocs\\variant\\app\\Views\\addpost\\allpost.php', 45)
 2 SYSTEMPATH\View\View.php(213): include('C:\\xampp\\htdocs\\variant\\app\\Views\\addpost\\allpost.php')
 3 SYSTEMPATH\View\View.php(216): CodeIgniter\View\View->CodeIgniter\View\{closure}()
 4 SYSTEMPATH\Common.php(1184): CodeIgniter\View\View->render('addpost/allpost', [], true)
 5 APPPATH\Controllers\PostController.php(48): view('addpost/allpost', [...])
 6 SYSTEMPATH\CodeIgniter.php(934): App\Controllers\PostController->allpost()
 7 SYSTEMPATH\CodeIgniter.php(499): CodeIgniter\CodeIgniter->runController(Object(App\Controllers\PostController))
 8 SYSTEMPATH\CodeIgniter.php(368): CodeIgniter\CodeIgniter->handleRequest(null, Object(Config\Cache), false)
 9 FCPATH\index.php(67): CodeIgniter\CodeIgniter->run()
CRITICAL - 2023-08-05 09:51:52 --> Undefined array key "language"
in APPPATH\Views\addpost\allpost.php on line 109.
 1 APPPATH\Views\addpost\allpost.php(109): CodeIgniter\Debug\Exceptions->errorHandler(2, 'Undefined array key "language"', 'C:\\xampp\\htdocs\\variant\\app\\Views\\addpost\\allpost.php', 109)
 2 SYSTEMPATH\View\View.php(213): include('C:\\xampp\\htdocs\\variant\\app\\Views\\addpost\\allpost.php')
 3 SYSTEMPATH\View\View.php(216): CodeIgniter\View\View->CodeIgniter\View\{closure}()
 4 SYSTEMPATH\Common.php(1184): CodeIgniter\View\View->render('addpost/allpost', [], true)
 5 APPPATH\Controllers\PostController.php(48): view('addpost/allpost', [...])
 6 SYSTEMPATH\CodeIgniter.php(934): App\Controllers\PostController->allpost()
 7 SYSTEMPATH\CodeIgniter.php(499): CodeIgniter\CodeIgniter->runController(Object(App\Controllers\PostController))
 8 SYSTEMPATH\CodeIgniter.php(368): CodeIgniter\CodeIgniter->handleRequest(null, Object(Config\Cache), false)
 9 FCPATH\index.php(67): CodeIgniter\CodeIgniter->run()
CRITICAL - 2023-08-05 09:53:03 --> Undefined array key "parentCat"
in APPPATH\Views\addpost\gallerypage.php on line 165.
 1 APPPATH\Views\addpost\gallerypage.php(165): CodeIgniter\Debug\Exceptions->errorHandler(2, 'Undefined array key "parentCat"', 'C:\\xampp\\htdocs\\variant\\app\\Views\\addpost\\gallerypage.php', 165)
 2 SYSTEMPATH\View\View.php(213): include('C:\\xampp\\htdocs\\variant\\app\\Views\\addpost\\gallerypage.php')
 3 SYSTEMPATH\View\View.php(216): CodeIgniter\View\View->CodeIgniter\View\{closure}()
 4 SYSTEMPATH\Common.php(1184): CodeIgniter\View\View->render('addpost/gallerypage', [], true)
 5 APPPATH\Controllers\PostController.php(268): view('addpost/gallerypage', [...])
 6 SYSTEMPATH\CodeIgniter.php(934): App\Controllers\PostController->gallery()
 7 SYSTEMPATH\CodeIgniter.php(499): CodeIgniter\CodeIgniter->runController(Object(App\Controllers\PostController))
 8 SYSTEMPATH\CodeIgniter.php(368): CodeIgniter\CodeIgniter->handleRequest(null, Object(Config\Cache), false)
 9 FCPATH\index.php(67): CodeIgniter\CodeIgniter->run()
CRITICAL - 2023-08-05 10:03:45 --> Undefined array key "parentCat"
in APPPATH\Views\addpost\audiopage.php on line 136.
 1 APPPATH\Views\addpost\audiopage.php(136): CodeIgniter\Debug\Exceptions->errorHandler(2, 'Undefined array key "parentCat"', 'C:\\xampp\\htdocs\\variant\\app\\Views\\addpost\\audiopage.php', 136)
 2 SYSTEMPATH\View\View.php(213): include('C:\\xampp\\htdocs\\variant\\app\\Views\\addpost\\audiopage.php')
 3 SYSTEMPATH\View\View.php(216): CodeIgniter\View\View->CodeIgniter\View\{closure}()
 4 SYSTEMPATH\Common.php(1184): CodeIgniter\View\View->render('addpost/audiopage', [], true)
 5 APPPATH\Controllers\PostController.php(514): view('addpost/audiopage', [...])
 6 SYSTEMPATH\CodeIgniter.php(934): App\Controllers\PostController->audiopage()
 7 SYSTEMPATH\CodeIgniter.php(499): CodeIgniter\CodeIgniter->runController(Object(App\Controllers\PostController))
 8 SYSTEMPATH\CodeIgniter.php(368): CodeIgniter\CodeIgniter->handleRequest(null, Object(Config\Cache), false)
 9 FCPATH\index.php(67): CodeIgniter\CodeIgniter->run()
ERROR - 2023-08-05 10:11:04 --> mysqli_sql_exception: Unknown column 'language' in 'field list' in C:\xampp\htdocs\variant\system\Database\MySQLi\Connection.php:295
Stack trace:
#0 C:\xampp\htdocs\variant\system\Database\MySQLi\Connection.php(295): mysqli->query('INSERT INTO `ar...', 0)
#1 C:\xampp\htdocs\variant\system\Database\BaseConnection.php(692): CodeIgniter\Database\MySQLi\Connection->execute('INSERT INTO `ar...')
#2 C:\xampp\htdocs\variant\system\Database\BaseConnection.php(606): CodeIgniter\Database\BaseConnection->simpleQuery('INSERT INTO `ar...')
#3 C:\xampp\htdocs\variant\system\Database\BaseBuilder.php(2309): CodeIgniter\Database\BaseConnection->query('INSERT INTO `ar...', Array, false)
#4 C:\xampp\htdocs\variant\system\Model.php(330): CodeIgniter\Database\BaseBuilder->insert()
#5 C:\xampp\htdocs\variant\system\BaseModel.php(782): CodeIgniter\Model->doInsert(Array)
#6 C:\xampp\htdocs\variant\system\Model.php(730): CodeIgniter\BaseModel->insert(Array, true)
#7 C:\xampp\htdocs\variant\app\Controllers\PostController.php(501): CodeIgniter\Model->insert(Array)
#8 C:\xampp\htdocs\variant\system\CodeIgniter.php(934): App\Controllers\PostController->videoform()
#9 C:\xampp\htdocs\variant\system\CodeIgniter.php(499): CodeIgniter\CodeIgniter->runController(Object(App\Controllers\PostController))
#10 C:\xampp\htdocs\variant\system\CodeIgniter.php(368): CodeIgniter\CodeIgniter->handleRequest(NULL, Object(Config\Cache), false)
#11 C:\xampp\htdocs\variant\index.php(67): CodeIgniter\CodeIgniter->run()
#12 {main}
CRITICAL - 2023-08-05 10:11:04 --> Unknown column 'language' in 'field list'
in SYSTEMPATH\Database\MySQLi\Connection.php on line 295.
 1 SYSTEMPATH\Database\MySQLi\Connection.php(295): mysqli->query('INSERT INTO `articletable` (`type`, `title`, `Slug`, `Summary`, `Keywords`, `visibility`, `Featured`, `Breaking`, `Slider`, `Recommended`, `Registered`, `tags`, `OptionalUrl`, `ImageUrl`, `ImageDescription`, `AdditionalImages`, `Files`, `language`, `category`, `subcategory`, `datePublished`) VALUES (\'Video\', \'video\', \'video\', \'video\', \'video\', \'show\', \'1\', \'1\', \'1\', \'1\', \'1\', \'video\', \'video\', \'video\', \'video\', \'1691230264_e9a81cda63641a911d89.mp4\', \'1691230264_83abff30e36e2ff3061b.pdf\', \'Bangla\', \'cricket\', \'Cricket\', \'2023-08-02\')', 0)
 2 SYSTEMPATH\Database\BaseConnection.php(692): CodeIgniter\Database\MySQLi\Connection->execute('INSERT INTO `articletable` (`type`, `title`, `Slug`, `Summary`, `Keywords`, `visibility`, `Featured`, `Breaking`, `Slider`, `Recommended`, `Registered`, `tags`, `OptionalUrl`, `ImageUrl`, `ImageDescription`, `AdditionalImages`, `Files`, `language`, `category`, `subcategory`, `datePublished`) VALUES (\'Video\', \'video\', \'video\', \'video\', \'video\', \'show\', \'1\', \'1\', \'1\', \'1\', \'1\', \'video\', \'video\', \'video\', \'video\', \'1691230264_e9a81cda63641a911d89.mp4\', \'1691230264_83abff30e36e2ff3061b.pdf\', \'Bangla\', \'cricket\', \'Cricket\', \'2023-08-02\')')
 3 SYSTEMPATH\Database\BaseConnection.php(606): CodeIgniter\Database\BaseConnection->simpleQuery('INSERT INTO `articletable` (`type`, `title`, `Slug`, `Summary`, `Keywords`, `visibility`, `Featured`, `Breaking`, `Slider`, `Recommended`, `Registered`, `tags`, `OptionalUrl`, `ImageUrl`, `ImageDescription`, `AdditionalImages`, `Files`, `language`, `category`, `subcategory`, `datePublished`) VALUES (\'Video\', \'video\', \'video\', \'video\', \'video\', \'show\', \'1\', \'1\', \'1\', \'1\', \'1\', \'video\', \'video\', \'video\', \'video\', \'1691230264_e9a81cda63641a911d89.mp4\', \'1691230264_83abff30e36e2ff3061b.pdf\', \'Bangla\', \'cricket\', \'Cricket\', \'2023-08-02\')')
 4 SYSTEMPATH\Database\BaseBuilder.php(2309): CodeIgniter\Database\BaseConnection->query('INSERT INTO `articletable` (`type`, `title`, `Slug`, `Summary`, `Keywords`, `visibility`, `Featured`, `Breaking`, `Slider`, `Recommended`, `Registered`, `tags`, `OptionalUrl`, `ImageUrl`, `ImageDescription`, `AdditionalImages`, `Files`, `language`, `category`, `subcategory`, `datePublished`) VALUES (:type:, :title:, :Slug:, :Summary:, :Keywords:, :visibility:, :Featured:, :Breaking:, :Slider:, :Recommended:, :Registered:, :tags:, :OptionalUrl:, :ImageUrl:, :ImageDescription:, :AdditionalImages:, :Files:, :language:, :category:, :subcategory:, :datePublished:)', [...], false)
 5 SYSTEMPATH\Model.php(330): CodeIgniter\Database\BaseBuilder->insert()
 6 SYSTEMPATH\BaseModel.php(782): CodeIgniter\Model->doInsert([...])
 7 SYSTEMPATH\Model.php(730): CodeIgniter\BaseModel->insert([...], true)
 8 APPPATH\Controllers\PostController.php(501): CodeIgniter\Model->insert([...])
 9 SYSTEMPATH\CodeIgniter.php(934): App\Controllers\PostController->videoform()
10 SYSTEMPATH\CodeIgniter.php(499): CodeIgniter\CodeIgniter->runController(Object(App\Controllers\PostController))
11 SYSTEMPATH\CodeIgniter.php(368): CodeIgniter\CodeIgniter->handleRequest(null, Object(Config\Cache), false)
12 FCPATH\index.php(67): CodeIgniter\CodeIgniter->run()
ERROR - 2023-08-05 10:12:45 --> mysqli_sql_exception: Cannot add or update a child row: a foreign key constraint fails (`variant`.`articletable`, CONSTRAINT `testrelation` FOREIGN KEY (`language_id`) REFERENCES `languagetable` (`id`) ON DELETE CASCADE ON UPDATE CASCADE) in C:\xampp\htdocs\variant\system\Database\MySQLi\Connection.php:295
Stack trace:
#0 C:\xampp\htdocs\variant\system\Database\MySQLi\Connection.php(295): mysqli->query('INSERT INTO `ar...', 0)
#1 C:\xampp\htdocs\variant\system\Database\BaseConnection.php(692): CodeIgniter\Database\MySQLi\Connection->execute('INSERT INTO `ar...')
#2 C:\xampp\htdocs\variant\system\Database\BaseConnection.php(606): CodeIgniter\Database\BaseConnection->simpleQuery('INSERT INTO `ar...')
#3 C:\xampp\htdocs\variant\system\Database\BaseBuilder.php(2309): CodeIgniter\Database\BaseConnection->query('INSERT INTO `ar...', Array, false)
#4 C:\xampp\htdocs\variant\system\Model.php(330): CodeIgniter\Database\BaseBuilder->insert()
#5 C:\xampp\htdocs\variant\system\BaseModel.php(782): CodeIgniter\Model->doInsert(Array)
#6 C:\xampp\htdocs\variant\system\Model.php(730): CodeIgniter\BaseModel->insert(Array, true)
#7 C:\xampp\htdocs\variant\app\Controllers\PostController.php(501): CodeIgniter\Model->insert(Array)
#8 C:\xampp\htdocs\variant\system\CodeIgniter.php(934): App\Controllers\PostController->videoform()
#9 C:\xampp\htdocs\variant\system\CodeIgniter.php(499): CodeIgniter\CodeIgniter->runController(Object(App\Controllers\PostController))
#10 C:\xampp\htdocs\variant\system\CodeIgniter.php(368): CodeIgniter\CodeIgniter->handleRequest(NULL, Object(Config\Cache), false)
#11 C:\xampp\htdocs\variant\index.php(67): CodeIgniter\CodeIgniter->run()
#12 {main}
CRITICAL - 2023-08-05 10:12:45 --> Cannot add or update a child row: a foreign key constraint fails (`variant`.`articletable`, CONSTRAINT `testrelation` FOREIGN KEY (`language_id`) REFERENCES `languagetable` (`id`) ON DELETE CASCADE ON UPDATE CASCADE)
in SYSTEMPATH\Database\MySQLi\Connection.php on line 295.
 1 SYSTEMPATH\Database\MySQLi\Connection.php(295): mysqli->query('INSERT INTO `articletable` (`type`, `title`, `Slug`, `Summary`, `Keywords`, `visibility`, `Featured`, `Breaking`, `Slider`, `Recommended`, `Registered`, `tags`, `OptionalUrl`, `ImageUrl`, `ImageDescription`, `AdditionalImages`, `Files`, `category`, `subcategory`, `datePublished`) VALUES (\'Video\', \'video\', \'video\', \'video\', \'video\', \'show\', \'1\', \'1\', \'1\', \'1\', \'1\', \'video\', \'video\', \'video\', \'video\', \'1691230364_19d1265d8d1b6be47cb5.mp4\', \'1691230364_9795d8e3daf9d053f261.pdf\', \'cricket\', \'Cricket\', \'2023-08-02\')', 0)
 2 SYSTEMPATH\Database\BaseConnection.php(692): CodeIgniter\Database\MySQLi\Connection->execute('INSERT INTO `articletable` (`type`, `title`, `Slug`, `Summary`, `Keywords`, `visibility`, `Featured`, `Breaking`, `Slider`, `Recommended`, `Registered`, `tags`, `OptionalUrl`, `ImageUrl`, `ImageDescription`, `AdditionalImages`, `Files`, `category`, `subcategory`, `datePublished`) VALUES (\'Video\', \'video\', \'video\', \'video\', \'video\', \'show\', \'1\', \'1\', \'1\', \'1\', \'1\', \'video\', \'video\', \'video\', \'video\', \'1691230364_19d1265d8d1b6be47cb5.mp4\', \'1691230364_9795d8e3daf9d053f261.pdf\', \'cricket\', \'Cricket\', \'2023-08-02\')')
 3 SYSTEMPATH\Database\BaseConnection.php(606): CodeIgniter\Database\BaseConnection->simpleQuery('INSERT INTO `articletable` (`type`, `title`, `Slug`, `Summary`, `Keywords`, `visibility`, `Featured`, `Breaking`, `Slider`, `Recommended`, `Registered`, `tags`, `OptionalUrl`, `ImageUrl`, `ImageDescription`, `AdditionalImages`, `Files`, `category`, `subcategory`, `datePublished`) VALUES (\'Video\', \'video\', \'video\', \'video\', \'video\', \'show\', \'1\', \'1\', \'1\', \'1\', \'1\', \'video\', \'video\', \'video\', \'video\', \'1691230364_19d1265d8d1b6be47cb5.mp4\', \'1691230364_9795d8e3daf9d053f261.pdf\', \'cricket\', \'Cricket\', \'2023-08-02\')')
 4 SYSTEMPATH\Database\BaseBuilder.php(2309): CodeIgniter\Database\BaseConnection->query('INSERT INTO `articletable` (`type`, `title`, `Slug`, `Summary`, `Keywords`, `visibility`, `Featured`, `Breaking`, `Slider`, `Recommended`, `Registered`, `tags`, `OptionalUrl`, `ImageUrl`, `ImageDescription`, `AdditionalImages`, `Files`, `category`, `subcategory`, `datePublished`) VALUES (:type:, :title:, :Slug:, :Summary:, :Keywords:, :visibility:, :Featured:, :Breaking:, :Slider:, :Recommended:, :Registered:, :tags:, :OptionalUrl:, :ImageUrl:, :ImageDescription:, :AdditionalImages:, :Files:, :category:, :subcategory:, :datePublished:)', [...], false)
 5 SYSTEMPATH\Model.php(330): CodeIgniter\Database\BaseBuilder->insert()
 6 SYSTEMPATH\BaseModel.php(782): CodeIgniter\Model->doInsert([...])
 7 SYSTEMPATH\Model.php(730): CodeIgniter\BaseModel->insert([...], true)
 8 APPPATH\Controllers\PostController.php(501): CodeIgniter\Model->insert([...])
 9 SYSTEMPATH\CodeIgniter.php(934): App\Controllers\PostController->videoform()
10 SYSTEMPATH\CodeIgniter.php(499): CodeIgniter\CodeIgniter->runController(Object(App\Controllers\PostController))
11 SYSTEMPATH\CodeIgniter.php(368): CodeIgniter\CodeIgniter->handleRequest(null, Object(Config\Cache), false)
12 FCPATH\index.php(67): CodeIgniter\CodeIgniter->run()
ERROR - 2023-08-05 10:17:14 --> mysqli_sql_exception: Cannot add or update a child row: a foreign key constraint fails (`variant`.`articletable`, CONSTRAINT `testrelation` FOREIGN KEY (`language_id`) REFERENCES `languagetable` (`id`) ON DELETE CASCADE ON UPDATE CASCADE) in C:\xampp\htdocs\variant\system\Database\MySQLi\Connection.php:295
Stack trace:
#0 C:\xampp\htdocs\variant\system\Database\MySQLi\Connection.php(295): mysqli->query('INSERT INTO `ar...', 0)
#1 C:\xampp\htdocs\variant\system\Database\BaseConnection.php(692): CodeIgniter\Database\MySQLi\Connection->execute('INSERT INTO `ar...')
#2 C:\xampp\htdocs\variant\system\Database\BaseConnection.php(606): CodeIgniter\Database\BaseConnection->simpleQuery('INSERT INTO `ar...')
#3 C:\xampp\htdocs\variant\system\Database\BaseBuilder.php(2309): CodeIgniter\Database\BaseConnection->query('INSERT INTO `ar...', Array, false)
#4 C:\xampp\htdocs\variant\system\Model.php(330): CodeIgniter\Database\BaseBuilder->insert()
#5 C:\xampp\htdocs\variant\system\BaseModel.php(782): CodeIgniter\Model->doInsert(Array)
#6 C:\xampp\htdocs\variant\system\Model.php(730): CodeIgniter\BaseModel->insert(Array, true)
#7 C:\xampp\htdocs\variant\app\Controllers\PostController.php(501): CodeIgniter\Model->insert(Array)
#8 C:\xampp\htdocs\variant\system\CodeIgniter.php(934): App\Controllers\PostController->videoform()
#9 C:\xampp\htdocs\variant\system\CodeIgniter.php(499): CodeIgniter\CodeIgniter->runController(Object(App\Controllers\PostController))
#10 C:\xampp\htdocs\variant\system\CodeIgniter.php(368): CodeIgniter\CodeIgniter->handleRequest(NULL, Object(Config\Cache), false)
#11 C:\xampp\htdocs\variant\index.php(67): CodeIgniter\CodeIgniter->run()
#12 {main}
CRITICAL - 2023-08-05 10:17:14 --> Cannot add or update a child row: a foreign key constraint fails (`variant`.`articletable`, CONSTRAINT `testrelation` FOREIGN KEY (`language_id`) REFERENCES `languagetable` (`id`) ON DELETE CASCADE ON UPDATE CASCADE)
in SYSTEMPATH\Database\MySQLi\Connection.php on line 295.
 1 SYSTEMPATH\Database\MySQLi\Connection.php(295): mysqli->query('INSERT INTO `articletable` (`type`, `title`, `Slug`, `Summary`, `Keywords`, `visibility`, `Featured`, `Breaking`, `Slider`, `Recommended`, `Registered`, `tags`, `OptionalUrl`, `ImageUrl`, `ImageDescription`, `AdditionalImages`, `Files`, `category`, `subcategory`, `datePublished`) VALUES (\'Video\', \'video\', \'video\', \'video\', \'video\', \'show\', \'1\', \'1\', \'1\', \'1\', \'1\', \'video\', \'video\', \'video\', \'video\', \'1691230634_99ba1d8215b8ee97952e.mp4\', \'1691230634_405e268b48a2f5d496d0.pdf\', \'cricket\', \'Cricket\', \'2023-08-02\')', 0)
 2 SYSTEMPATH\Database\BaseConnection.php(692): CodeIgniter\Database\MySQLi\Connection->execute('INSERT INTO `articletable` (`type`, `title`, `Slug`, `Summary`, `Keywords`, `visibility`, `Featured`, `Breaking`, `Slider`, `Recommended`, `Registered`, `tags`, `OptionalUrl`, `ImageUrl`, `ImageDescription`, `AdditionalImages`, `Files`, `category`, `subcategory`, `datePublished`) VALUES (\'Video\', \'video\', \'video\', \'video\', \'video\', \'show\', \'1\', \'1\', \'1\', \'1\', \'1\', \'video\', \'video\', \'video\', \'video\', \'1691230634_99ba1d8215b8ee97952e.mp4\', \'1691230634_405e268b48a2f5d496d0.pdf\', \'cricket\', \'Cricket\', \'2023-08-02\')')
 3 SYSTEMPATH\Database\BaseConnection.php(606): CodeIgniter\Database\BaseConnection->simpleQuery('INSERT INTO `articletable` (`type`, `title`, `Slug`, `Summary`, `Keywords`, `visibility`, `Featured`, `Breaking`, `Slider`, `Recommended`, `Registered`, `tags`, `OptionalUrl`, `ImageUrl`, `ImageDescription`, `AdditionalImages`, `Files`, `category`, `subcategory`, `datePublished`) VALUES (\'Video\', \'video\', \'video\', \'video\', \'video\', \'show\', \'1\', \'1\', \'1\', \'1\', \'1\', \'video\', \'video\', \'video\', \'video\', \'1691230634_99ba1d8215b8ee97952e.mp4\', \'1691230634_405e268b48a2f5d496d0.pdf\', \'cricket\', \'Cricket\', \'2023-08-02\')')
 4 SYSTEMPATH\Database\BaseBuilder.php(2309): CodeIgniter\Database\BaseConnection->query('INSERT INTO `articletable` (`type`, `title`, `Slug`, `Summary`, `Keywords`, `visibility`, `Featured`, `Breaking`, `Slider`, `Recommended`, `Registered`, `tags`, `OptionalUrl`, `ImageUrl`, `ImageDescription`, `AdditionalImages`, `Files`, `category`, `subcategory`, `datePublished`) VALUES (:type:, :title:, :Slug:, :Summary:, :Keywords:, :visibility:, :Featured:, :Breaking:, :Slider:, :Recommended:, :Registered:, :tags:, :OptionalUrl:, :ImageUrl:, :ImageDescription:, :AdditionalImages:, :Files:, :category:, :subcategory:, :datePublished:)', [...], false)
 5 SYSTEMPATH\Model.php(330): CodeIgniter\Database\BaseBuilder->insert()
 6 SYSTEMPATH\BaseModel.php(782): CodeIgniter\Model->doInsert([...])
 7 SYSTEMPATH\Model.php(730): CodeIgniter\BaseModel->insert([...], true)
 8 APPPATH\Controllers\PostController.php(501): CodeIgniter\Model->insert([...])
 9 SYSTEMPATH\CodeIgniter.php(934): App\Controllers\PostController->videoform()
10 SYSTEMPATH\CodeIgniter.php(499): CodeIgniter\CodeIgniter->runController(Object(App\Controllers\PostController))
11 SYSTEMPATH\CodeIgniter.php(368): CodeIgniter\CodeIgniter->handleRequest(null, Object(Config\Cache), false)
12 FCPATH\index.php(67): CodeIgniter\CodeIgniter->run()
ERROR - 2023-08-05 10:30:28 --> mysqli_sql_exception: Cannot add or update a child row: a foreign key constraint fails (`variant`.`articletable`, CONSTRAINT `testrelation` FOREIGN KEY (`language_id`) REFERENCES `languagetable` (`id`) ON DELETE CASCADE ON UPDATE CASCADE) in C:\xampp\htdocs\variant\system\Database\MySQLi\Connection.php:295
Stack trace:
#0 C:\xampp\htdocs\variant\system\Database\MySQLi\Connection.php(295): mysqli->query('INSERT INTO `ar...', 0)
#1 C:\xampp\htdocs\variant\system\Database\BaseConnection.php(692): CodeIgniter\Database\MySQLi\Connection->execute('INSERT INTO `ar...')
#2 C:\xampp\htdocs\variant\system\Database\BaseConnection.php(606): CodeIgniter\Database\BaseConnection->simpleQuery('INSERT INTO `ar...')
#3 C:\xampp\htdocs\variant\system\Database\BaseBuilder.php(2309): CodeIgniter\Database\BaseConnection->query('INSERT INTO `ar...', Array, false)
#4 C:\xampp\htdocs\variant\system\Model.php(330): CodeIgniter\Database\BaseBuilder->insert()
#5 C:\xampp\htdocs\variant\system\BaseModel.php(782): CodeIgniter\Model->doInsert(Array)
#6 C:\xampp\htdocs\variant\system\Model.php(730): CodeIgniter\BaseModel->insert(Array, true)
#7 C:\xampp\htdocs\variant\app\Controllers\PostController.php(501): CodeIgniter\Model->insert(Array)
#8 C:\xampp\htdocs\variant\system\CodeIgniter.php(934): App\Controllers\PostController->videoform()
#9 C:\xampp\htdocs\variant\system\CodeIgniter.php(499): CodeIgniter\CodeIgniter->runController(Object(App\Controllers\PostController))
#10 C:\xampp\htdocs\variant\system\CodeIgniter.php(368): CodeIgniter\CodeIgniter->handleRequest(NULL, Object(Config\Cache), false)
#11 C:\xampp\htdocs\variant\index.php(67): CodeIgniter\CodeIgniter->run()
#12 {main}
CRITICAL - 2023-08-05 10:30:28 --> Cannot add or update a child row: a foreign key constraint fails (`variant`.`articletable`, CONSTRAINT `testrelation` FOREIGN KEY (`language_id`) REFERENCES `languagetable` (`id`) ON DELETE CASCADE ON UPDATE CASCADE)
in SYSTEMPATH\Database\MySQLi\Connection.php on line 295.
 1 SYSTEMPATH\Database\MySQLi\Connection.php(295): mysqli->query('INSERT INTO `articletable` (`type`, `title`, `Slug`, `Summary`, `Keywords`, `visibility`, `Featured`, `Breaking`, `Slider`, `Recommended`, `Registered`, `tags`, `OptionalUrl`, `ImageUrl`, `ImageDescription`, `AdditionalImages`, `Files`, `language_id`, `category`, `subcategory`, `datePublished`) VALUES (\'Video\', \'video\', \'video\', \'video\', \'video\', \'show\', \'1\', \'1\', \'1\', \'1\', \'1\', \'video\', \'video\', \'video\', \'video\', \'1691231428_61d92df54acf85d0580c.mp4\', \'1691231428_a84abc4d2c25718532a6.pdf\', \'Bangla\', \'cricket\', \'Cricket\', \'2023-08-02\')', 0)
 2 SYSTEMPATH\Database\BaseConnection.php(692): CodeIgniter\Database\MySQLi\Connection->execute('INSERT INTO `articletable` (`type`, `title`, `Slug`, `Summary`, `Keywords`, `visibility`, `Featured`, `Breaking`, `Slider`, `Recommended`, `Registered`, `tags`, `OptionalUrl`, `ImageUrl`, `ImageDescription`, `AdditionalImages`, `Files`, `language_id`, `category`, `subcategory`, `datePublished`) VALUES (\'Video\', \'video\', \'video\', \'video\', \'video\', \'show\', \'1\', \'1\', \'1\', \'1\', \'1\', \'video\', \'video\', \'video\', \'video\', \'1691231428_61d92df54acf85d0580c.mp4\', \'1691231428_a84abc4d2c25718532a6.pdf\', \'Bangla\', \'cricket\', \'Cricket\', \'2023-08-02\')')
 3 SYSTEMPATH\Database\BaseConnection.php(606): CodeIgniter\Database\BaseConnection->simpleQuery('INSERT INTO `articletable` (`type`, `title`, `Slug`, `Summary`, `Keywords`, `visibility`, `Featured`, `Breaking`, `Slider`, `Recommended`, `Registered`, `tags`, `OptionalUrl`, `ImageUrl`, `ImageDescription`, `AdditionalImages`, `Files`, `language_id`, `category`, `subcategory`, `datePublished`) VALUES (\'Video\', \'video\', \'video\', \'video\', \'video\', \'show\', \'1\', \'1\', \'1\', \'1\', \'1\', \'video\', \'video\', \'video\', \'video\', \'1691231428_61d92df54acf85d0580c.mp4\', \'1691231428_a84abc4d2c25718532a6.pdf\', \'Bangla\', \'cricket\', \'Cricket\', \'2023-08-02\')')
 4 SYSTEMPATH\Database\BaseBuilder.php(2309): CodeIgniter\Database\BaseConnection->query('INSERT INTO `articletable` (`type`, `title`, `Slug`, `Summary`, `Keywords`, `visibility`, `Featured`, `Breaking`, `Slider`, `Recommended`, `Registered`, `tags`, `OptionalUrl`, `ImageUrl`, `ImageDescription`, `AdditionalImages`, `Files`, `language_id`, `category`, `subcategory`, `datePublished`) VALUES (:type:, :title:, :Slug:, :Summary:, :Keywords:, :visibility:, :Featured:, :Breaking:, :Slider:, :Recommended:, :Registered:, :tags:, :OptionalUrl:, :ImageUrl:, :ImageDescription:, :AdditionalImages:, :Files:, :language_id:, :category:, :subcategory:, :datePublished:)', [...], false)
 5 SYSTEMPATH\Model.php(330): CodeIgniter\Database\BaseBuilder->insert()
 6 SYSTEMPATH\BaseModel.php(782): CodeIgniter\Model->doInsert([...])
 7 SYSTEMPATH\Model.php(730): CodeIgniter\BaseModel->insert([...], true)
 8 APPPATH\Controllers\PostController.php(501): CodeIgniter\Model->insert([...])
 9 SYSTEMPATH\CodeIgniter.php(934): App\Controllers\PostController->videoform()
10 SYSTEMPATH\CodeIgniter.php(499): CodeIgniter\CodeIgniter->runController(Object(App\Controllers\PostController))
11 SYSTEMPATH\CodeIgniter.php(368): CodeIgniter\CodeIgniter->handleRequest(null, Object(Config\Cache), false)
12 FCPATH\index.php(67): CodeIgniter\CodeIgniter->run()
ERROR - 2023-08-05 10:33:07 --> mysqli_sql_exception: Cannot add or update a child row: a foreign key constraint fails (`variant`.`articletable`, CONSTRAINT `testrelation` FOREIGN KEY (`language_id`) REFERENCES `languagetable` (`id`) ON DELETE CASCADE ON UPDATE CASCADE) in C:\xampp\htdocs\variant\system\Database\MySQLi\Connection.php:295
Stack trace:
#0 C:\xampp\htdocs\variant\system\Database\MySQLi\Connection.php(295): mysqli->query('INSERT INTO `ar...', 0)
#1 C:\xampp\htdocs\variant\system\Database\BaseConnection.php(692): CodeIgniter\Database\MySQLi\Connection->execute('INSERT INTO `ar...')
#2 C:\xampp\htdocs\variant\system\Database\BaseConnection.php(606): CodeIgniter\Database\BaseConnection->simpleQuery('INSERT INTO `ar...')
#3 C:\xampp\htdocs\variant\system\Database\BaseBuilder.php(2309): CodeIgniter\Database\BaseConnection->query('INSERT INTO `ar...', Array, false)
#4 C:\xampp\htdocs\variant\system\Model.php(330): CodeIgniter\Database\BaseBuilder->insert()
#5 C:\xampp\htdocs\variant\system\BaseModel.php(782): CodeIgniter\Model->doInsert(Array)
#6 C:\xampp\htdocs\variant\system\Model.php(730): CodeIgniter\BaseModel->insert(Array, true)
#7 C:\xampp\htdocs\variant\app\Controllers\PostController.php(501): CodeIgniter\Model->insert(Array)
#8 C:\xampp\htdocs\variant\system\CodeIgniter.php(934): App\Controllers\PostController->videoform()
#9 C:\xampp\htdocs\variant\system\CodeIgniter.php(499): CodeIgniter\CodeIgniter->runController(Object(App\Controllers\PostController))
#10 C:\xampp\htdocs\variant\system\CodeIgniter.php(368): CodeIgniter\CodeIgniter->handleRequest(NULL, Object(Config\Cache), false)
#11 C:\xampp\htdocs\variant\index.php(67): CodeIgniter\CodeIgniter->run()
#12 {main}
CRITICAL - 2023-08-05 10:33:07 --> Cannot add or update a child row: a foreign key constraint fails (`variant`.`articletable`, CONSTRAINT `testrelation` FOREIGN KEY (`language_id`) REFERENCES `languagetable` (`id`) ON DELETE CASCADE ON UPDATE CASCADE)
in SYSTEMPATH\Database\MySQLi\Connection.php on line 295.
 1 SYSTEMPATH\Database\MySQLi\Connection.php(295): mysqli->query('INSERT INTO `articletable` (`type`, `title`, `Slug`, `Summary`, `Keywords`, `visibility`, `Featured`, `Breaking`, `Slider`, `Recommended`, `Registered`, `tags`, `OptionalUrl`, `ImageUrl`, `ImageDescription`, `AdditionalImages`, `Files`, `language_id`, `category`, `subcategory`, `datePublished`) VALUES (\'Video\', \'video\', \'video\', \'video\', \'video\', \'show\', \'1\', \'1\', \'1\', \'1\', \'1\', \'video\', \'video\', \'video\', \'video\', \'1691231587_86c89f6b929178f57505.mp4\', \'1691231587_26e7dc435d95f914ed3b.pdf\', \'Bangla\', \'cricket\', \'Cricket\', \'2023-08-02\')', 0)
 2 SYSTEMPATH\Database\BaseConnection.php(692): CodeIgniter\Database\MySQLi\Connection->execute('INSERT INTO `articletable` (`type`, `title`, `Slug`, `Summary`, `Keywords`, `visibility`, `Featured`, `Breaking`, `Slider`, `Recommended`, `Registered`, `tags`, `OptionalUrl`, `ImageUrl`, `ImageDescription`, `AdditionalImages`, `Files`, `language_id`, `category`, `subcategory`, `datePublished`) VALUES (\'Video\', \'video\', \'video\', \'video\', \'video\', \'show\', \'1\', \'1\', \'1\', \'1\', \'1\', \'video\', \'video\', \'video\', \'video\', \'1691231587_86c89f6b929178f57505.mp4\', \'1691231587_26e7dc435d95f914ed3b.pdf\', \'Bangla\', \'cricket\', \'Cricket\', \'2023-08-02\')')
 3 SYSTEMPATH\Database\BaseConnection.php(606): CodeIgniter\Database\BaseConnection->simpleQuery('INSERT INTO `articletable` (`type`, `title`, `Slug`, `Summary`, `Keywords`, `visibility`, `Featured`, `Breaking`, `Slider`, `Recommended`, `Registered`, `tags`, `OptionalUrl`, `ImageUrl`, `ImageDescription`, `AdditionalImages`, `Files`, `language_id`, `category`, `subcategory`, `datePublished`) VALUES (\'Video\', \'video\', \'video\', \'video\', \'video\', \'show\', \'1\', \'1\', \'1\', \'1\', \'1\', \'video\', \'video\', \'video\', \'video\', \'1691231587_86c89f6b929178f57505.mp4\', \'1691231587_26e7dc435d95f914ed3b.pdf\', \'Bangla\', \'cricket\', \'Cricket\', \'2023-08-02\')')
 4 SYSTEMPATH\Database\BaseBuilder.php(2309): CodeIgniter\Database\BaseConnection->query('INSERT INTO `articletable` (`type`, `title`, `Slug`, `Summary`, `Keywords`, `visibility`, `Featured`, `Breaking`, `Slider`, `Recommended`, `Registered`, `tags`, `OptionalUrl`, `ImageUrl`, `ImageDescription`, `AdditionalImages`, `Files`, `language_id`, `category`, `subcategory`, `datePublished`) VALUES (:type:, :title:, :Slug:, :Summary:, :Keywords:, :visibility:, :Featured:, :Breaking:, :Slider:, :Recommended:, :Registered:, :tags:, :OptionalUrl:, :ImageUrl:, :ImageDescription:, :AdditionalImages:, :Files:, :language_id:, :category:, :subcategory:, :datePublished:)', [...], false)
 5 SYSTEMPATH\Model.php(330): CodeIgniter\Database\BaseBuilder->insert()
 6 SYSTEMPATH\BaseModel.php(782): CodeIgniter\Model->doInsert([...])
 7 SYSTEMPATH\Model.php(730): CodeIgniter\BaseModel->insert([...], true)
 8 APPPATH\Controllers\PostController.php(501): CodeIgniter\Model->insert([...])
 9 SYSTEMPATH\CodeIgniter.php(934): App\Controllers\PostController->videoform()
10 SYSTEMPATH\CodeIgniter.php(499): CodeIgniter\CodeIgniter->runController(Object(App\Controllers\PostController))
11 SYSTEMPATH\CodeIgniter.php(368): CodeIgniter\CodeIgniter->handleRequest(null, Object(Config\Cache), false)
12 FCPATH\index.php(67): CodeIgniter\CodeIgniter->run()
