CRITICAL - 2023-07-26 03:23:48 --> Undefined variable $maindata
in APPPATH\Views\general\general.php on line 230.
 1 APPPATH\Views\general\general.php(230): CodeIgniter\Debug\Exceptions->errorHandler(2, 'Undefined variable $maindata', 'C:\\xampp\\htdocs\\variant\\app\\Views\\general\\general.php', 230)
 2 SYSTEMPATH\View\View.php(213): include('C:\\xampp\\htdocs\\variant\\app\\Views\\general\\general.php')
 3 SYSTEMPATH\View\View.php(216): CodeIgniter\View\View->CodeIgniter\View\{closure}()
 4 SYSTEMPATH\Common.php(1184): CodeIgniter\View\View->render('general/general', [], true)
 5 APPPATH\Controllers\GeneralController.php(56): view('general/general', [...])
 6 SYSTEMPATH\CodeIgniter.php(934): App\Controllers\GeneralController->general()
 7 SYSTEMPATH\CodeIgniter.php(499): CodeIgniter\CodeIgniter->runController(Object(App\Controllers\GeneralController))
 8 SYSTEMPATH\CodeIgniter.php(368): CodeIgniter\CodeIgniter->handleRequest(null, Object(Config\Cache), false)
 9 FCPATH\index.php(67): CodeIgniter\CodeIgniter->run()
CRITICAL - 2023-07-26 04:35:19 --> Undefined array key "language"
in APPPATH\Views\addpost\articlepage.php on line 122.
 1 APPPATH\Views\addpost\articlepage.php(122): CodeIgniter\Debug\Exceptions->errorHandler(2, 'Undefined array key "language"', 'C:\\xampp\\htdocs\\variant\\app\\Views\\addpost\\articlepage.php', 122)
 2 SYSTEMPATH\View\View.php(213): include('C:\\xampp\\htdocs\\variant\\app\\Views\\addpost\\articlepage.php')
 3 SYSTEMPATH\View\View.php(216): CodeIgniter\View\View->CodeIgniter\View\{closure}()
 4 SYSTEMPATH\Common.php(1184): CodeIgniter\View\View->render('addpost/articlepage', [], true)
 5 APPPATH\Controllers\PostController.php(44): view('addpost/articlepage', [...])
 6 SYSTEMPATH\CodeIgniter.php(934): App\Controllers\PostController->article()
 7 SYSTEMPATH\CodeIgniter.php(499): CodeIgniter\CodeIgniter->runController(Object(App\Controllers\PostController))
 8 SYSTEMPATH\CodeIgniter.php(368): CodeIgniter\CodeIgniter->handleRequest(null, Object(Config\Cache), false)
 9 FCPATH\index.php(67): CodeIgniter\CodeIgniter->run()
CRITICAL - 2023-07-26 04:51:34 --> Class "App\Models\CategoryModel" not found
in APPPATH\Controllers\PostController.php on line 42.
 1 SYSTEMPATH\CodeIgniter.php(934): App\Controllers\PostController->article()
 2 SYSTEMPATH\CodeIgniter.php(499): CodeIgniter\CodeIgniter->runController(Object(App\Controllers\PostController))
 3 SYSTEMPATH\CodeIgniter.php(368): CodeIgniter\CodeIgniter->handleRequest(null, Object(Config\Cache), false)
 4 FCPATH\index.php(67): CodeIgniter\CodeIgniter->run()
CRITICAL - 2023-07-26 05:18:20 --> Undefined variable $cattable
in APPPATH\Views\variantcategory\variantcategory.php on line 44.
 1 APPPATH\Views\variantcategory\variantcategory.php(44): CodeIgniter\Debug\Exceptions->errorHandler(2, 'Undefined variable $cattable', 'C:\\xampp\\htdocs\\variant\\app\\Views\\variantcategory\\variantcategory.php', 44)
 2 SYSTEMPATH\View\View.php(213): include('C:\\xampp\\htdocs\\variant\\app\\Views\\variantcategory\\variantcategory.php')
 3 SYSTEMPATH\View\View.php(216): CodeIgniter\View\View->CodeIgniter\View\{closure}()
 4 SYSTEMPATH\Common.php(1184): CodeIgniter\View\View->render('variantcategory/variantcategory', [], true)
 5 APPPATH\Controllers\VcategoriesController.php(76): view('variantcategory/variantcategory')
 6 SYSTEMPATH\CodeIgniter.php(934): App\Controllers\VcategoriesController->deletecategory('2')
 7 SYSTEMPATH\CodeIgniter.php(499): CodeIgniter\CodeIgniter->runController(Object(App\Controllers\VcategoriesController))
 8 SYSTEMPATH\CodeIgniter.php(368): CodeIgniter\CodeIgniter->handleRequest(null, Object(Config\Cache), false)
 9 FCPATH\index.php(67): CodeIgniter\CodeIgniter->run()
CRITICAL - 2023-07-26 05:19:56 --> Undefined variable $cattable
in APPPATH\Views\variantcategory\variantcategory.php on line 44.
 1 APPPATH\Views\variantcategory\variantcategory.php(44): CodeIgniter\Debug\Exceptions->errorHandler(2, 'Undefined variable $cattable', 'C:\\xampp\\htdocs\\variant\\app\\Views\\variantcategory\\variantcategory.php', 44)
 2 SYSTEMPATH\View\View.php(213): include('C:\\xampp\\htdocs\\variant\\app\\Views\\variantcategory\\variantcategory.php')
 3 SYSTEMPATH\View\View.php(216): CodeIgniter\View\View->CodeIgniter\View\{closure}()
 4 SYSTEMPATH\Common.php(1184): CodeIgniter\View\View->render('variantcategory/variantcategory', [], true)
 5 APPPATH\Controllers\VcategoriesController.php(76): view('variantcategory/variantcategory')
 6 SYSTEMPATH\CodeIgniter.php(934): App\Controllers\VcategoriesController->deletecategory('4')
 7 SYSTEMPATH\CodeIgniter.php(499): CodeIgniter\CodeIgniter->runController(Object(App\Controllers\VcategoriesController))
 8 SYSTEMPATH\CodeIgniter.php(368): CodeIgniter\CodeIgniter->handleRequest(null, Object(Config\Cache), false)
 9 FCPATH\index.php(67): CodeIgniter\CodeIgniter->run()
CRITICAL - 2023-07-26 05:20:53 --> Undefined variable $cattable
in APPPATH\Views\variantcategory\variantcategory.php on line 44.
 1 APPPATH\Views\variantcategory\variantcategory.php(44): CodeIgniter\Debug\Exceptions->errorHandler(2, 'Undefined variable $cattable', 'C:\\xampp\\htdocs\\variant\\app\\Views\\variantcategory\\variantcategory.php', 44)
 2 SYSTEMPATH\View\View.php(213): include('C:\\xampp\\htdocs\\variant\\app\\Views\\variantcategory\\variantcategory.php')
 3 SYSTEMPATH\View\View.php(216): CodeIgniter\View\View->CodeIgniter\View\{closure}()
 4 SYSTEMPATH\Common.php(1184): CodeIgniter\View\View->render('variantcategory/variantcategory', [], true)
 5 APPPATH\Controllers\VcategoriesController.php(76): view('variantcategory/variantcategory')
 6 SYSTEMPATH\CodeIgniter.php(934): App\Controllers\VcategoriesController->deletecategory('5')
 7 SYSTEMPATH\CodeIgniter.php(499): CodeIgniter\CodeIgniter->runController(Object(App\Controllers\VcategoriesController))
 8 SYSTEMPATH\CodeIgniter.php(368): CodeIgniter\CodeIgniter->handleRequest(null, Object(Config\Cache), false)
 9 FCPATH\index.php(67): CodeIgniter\CodeIgniter->run()
ERROR - 2023-07-26 07:41:56 --> mysqli_sql_exception: Column 'Breaking' cannot be null in C:\xampp\htdocs\variant\system\Database\MySQLi\Connection.php:295
Stack trace:
#0 C:\xampp\htdocs\variant\system\Database\MySQLi\Connection.php(295): mysqli->query('INSERT INTO `ar...', 0)
#1 C:\xampp\htdocs\variant\system\Database\BaseConnection.php(692): CodeIgniter\Database\MySQLi\Connection->execute('INSERT INTO `ar...')
#2 C:\xampp\htdocs\variant\system\Database\BaseConnection.php(606): CodeIgniter\Database\BaseConnection->simpleQuery('INSERT INTO `ar...')
#3 C:\xampp\htdocs\variant\system\Database\BaseBuilder.php(2309): CodeIgniter\Database\BaseConnection->query('INSERT INTO `ar...', Array, false)
#4 C:\xampp\htdocs\variant\system\Model.php(330): CodeIgniter\Database\BaseBuilder->insert()
#5 C:\xampp\htdocs\variant\system\BaseModel.php(782): CodeIgniter\Model->doInsert(Array)
#6 C:\xampp\htdocs\variant\system\Model.php(730): CodeIgniter\BaseModel->insert(Array, true)
#7 C:\xampp\htdocs\variant\app\Controllers\PostController.php(106): CodeIgniter\Model->insert(Array)
#8 C:\xampp\htdocs\variant\system\CodeIgniter.php(934): App\Controllers\PostController->articleform()
#9 C:\xampp\htdocs\variant\system\CodeIgniter.php(499): CodeIgniter\CodeIgniter->runController(Object(App\Controllers\PostController))
#10 C:\xampp\htdocs\variant\system\CodeIgniter.php(368): CodeIgniter\CodeIgniter->handleRequest(NULL, Object(Config\Cache), false)
#11 C:\xampp\htdocs\variant\index.php(67): CodeIgniter\CodeIgniter->run()
#12 {main}
CRITICAL - 2023-07-26 07:41:56 --> Column 'Breaking' cannot be null
in SYSTEMPATH\Database\MySQLi\Connection.php on line 295.
 1 SYSTEMPATH\Database\MySQLi\Connection.php(295): mysqli->query('INSERT INTO `articletable` (`title`, `Slug`, `Summary`, `Keywords`, `visibility`, `Featured`, `Breaking`, `Slider`, `Recommended`, `Registered`, `tags`, `OptionalUrl`, `ImageUrl`, `ImageDescription`, `AdditionalImages`, `Files`, `language`, `category`, `subcategory`, `datePublished`) VALUES (\'q\', \'q\', \'q\', \'q\', \'show\', \'1\', NULL, \'1\', NULL, \'1\', \'q\', \'q\', \'q\', \'q\', \'1690357316_baf087d1cb87663635ac.mp4\', \'1690357316_82d49b7e22d09a31ba9f.pdf\', \'2\', \'3\', \'Cricket\', \'2023-07-31\')', 0)
 2 SYSTEMPATH\Database\BaseConnection.php(692): CodeIgniter\Database\MySQLi\Connection->execute('INSERT INTO `articletable` (`title`, `Slug`, `Summary`, `Keywords`, `visibility`, `Featured`, `Breaking`, `Slider`, `Recommended`, `Registered`, `tags`, `OptionalUrl`, `ImageUrl`, `ImageDescription`, `AdditionalImages`, `Files`, `language`, `category`, `subcategory`, `datePublished`) VALUES (\'q\', \'q\', \'q\', \'q\', \'show\', \'1\', NULL, \'1\', NULL, \'1\', \'q\', \'q\', \'q\', \'q\', \'1690357316_baf087d1cb87663635ac.mp4\', \'1690357316_82d49b7e22d09a31ba9f.pdf\', \'2\', \'3\', \'Cricket\', \'2023-07-31\')')
 3 SYSTEMPATH\Database\BaseConnection.php(606): CodeIgniter\Database\BaseConnection->simpleQuery('INSERT INTO `articletable` (`title`, `Slug`, `Summary`, `Keywords`, `visibility`, `Featured`, `Breaking`, `Slider`, `Recommended`, `Registered`, `tags`, `OptionalUrl`, `ImageUrl`, `ImageDescription`, `AdditionalImages`, `Files`, `language`, `category`, `subcategory`, `datePublished`) VALUES (\'q\', \'q\', \'q\', \'q\', \'show\', \'1\', NULL, \'1\', NULL, \'1\', \'q\', \'q\', \'q\', \'q\', \'1690357316_baf087d1cb87663635ac.mp4\', \'1690357316_82d49b7e22d09a31ba9f.pdf\', \'2\', \'3\', \'Cricket\', \'2023-07-31\')')
 4 SYSTEMPATH\Database\BaseBuilder.php(2309): CodeIgniter\Database\BaseConnection->query('INSERT INTO `articletable` (`title`, `Slug`, `Summary`, `Keywords`, `visibility`, `Featured`, `Breaking`, `Slider`, `Recommended`, `Registered`, `tags`, `OptionalUrl`, `ImageUrl`, `ImageDescription`, `AdditionalImages`, `Files`, `language`, `category`, `subcategory`, `datePublished`) VALUES (:title:, :Slug:, :Summary:, :Keywords:, :visibility:, :Featured:, :Breaking:, :Slider:, :Recommended:, :Registered:, :tags:, :OptionalUrl:, :ImageUrl:, :ImageDescription:, :AdditionalImages:, :Files:, :language:, :category:, :subcategory:, :datePublished:)', [...], false)
 5 SYSTEMPATH\Model.php(330): CodeIgniter\Database\BaseBuilder->insert()
 6 SYSTEMPATH\BaseModel.php(782): CodeIgniter\Model->doInsert([...])
 7 SYSTEMPATH\Model.php(730): CodeIgniter\BaseModel->insert([...], true)
 8 APPPATH\Controllers\PostController.php(106): CodeIgniter\Model->insert([...])
 9 SYSTEMPATH\CodeIgniter.php(934): App\Controllers\PostController->articleform()
10 SYSTEMPATH\CodeIgniter.php(499): CodeIgniter\CodeIgniter->runController(Object(App\Controllers\PostController))
11 SYSTEMPATH\CodeIgniter.php(368): CodeIgniter\CodeIgniter->handleRequest(null, Object(Config\Cache), false)
12 FCPATH\index.php(67): CodeIgniter\CodeIgniter->run()
CRITICAL - 2023-07-26 09:56:03 --> Undefined variable $cattable
in APPPATH\Views\variantcategory\variantcategory.php on line 44.
 1 APPPATH\Views\variantcategory\variantcategory.php(44): CodeIgniter\Debug\Exceptions->errorHandler(2, 'Undefined variable $cattable', 'C:\\xampp\\htdocs\\variant\\app\\Views\\variantcategory\\variantcategory.php', 44)
 2 SYSTEMPATH\View\View.php(213): include('C:\\xampp\\htdocs\\variant\\app\\Views\\variantcategory\\variantcategory.php')
 3 SYSTEMPATH\View\View.php(216): CodeIgniter\View\View->CodeIgniter\View\{closure}()
 4 SYSTEMPATH\Common.php(1184): CodeIgniter\View\View->render('variantcategory/variantcategory', [], true)
 5 APPPATH\Controllers\VcategoriesController.php(76): view('variantcategory/variantcategory')
 6 SYSTEMPATH\CodeIgniter.php(934): App\Controllers\VcategoriesController->deletecategory('6')
 7 SYSTEMPATH\CodeIgniter.php(499): CodeIgniter\CodeIgniter->runController(Object(App\Controllers\VcategoriesController))
 8 SYSTEMPATH\CodeIgniter.php(368): CodeIgniter\CodeIgniter->handleRequest(null, Object(Config\Cache), false)
 9 FCPATH\index.php(67): CodeIgniter\CodeIgniter->run()
CRITICAL - 2023-07-26 11:08:49 --> Undefined array key ""
in APPPATH\Views\addpost\allpost.php on line 101.
 1 APPPATH\Views\addpost\allpost.php(101): CodeIgniter\Debug\Exceptions->errorHandler(2, 'Undefined array key ""', 'C:\\xampp\\htdocs\\variant\\app\\Views\\addpost\\allpost.php', 101)
 2 SYSTEMPATH\View\View.php(213): include('C:\\xampp\\htdocs\\variant\\app\\Views\\addpost\\allpost.php')
 3 SYSTEMPATH\View\View.php(216): CodeIgniter\View\View->CodeIgniter\View\{closure}()
 4 SYSTEMPATH\Common.php(1184): CodeIgniter\View\View->render('addpost/allpost', [], true)
 5 APPPATH\Controllers\PostController.php(43): view('addpost/allpost', [...])
 6 SYSTEMPATH\CodeIgniter.php(934): App\Controllers\PostController->allpost()
 7 SYSTEMPATH\CodeIgniter.php(499): CodeIgniter\CodeIgniter->runController(Object(App\Controllers\PostController))
 8 SYSTEMPATH\CodeIgniter.php(368): CodeIgniter\CodeIgniter->handleRequest(null, Object(Config\Cache), false)
 9 FCPATH\index.php(67): CodeIgniter\CodeIgniter->run()
CRITICAL - 2023-07-26 12:34:22 --> Undefined variable $cattable
in APPPATH\Views\variantcategory\variantcategory.php on line 44.
 1 APPPATH\Views\variantcategory\variantcategory.php(44): CodeIgniter\Debug\Exceptions->errorHandler(2, 'Undefined variable $cattable', 'C:\\xampp\\htdocs\\variant\\app\\Views\\variantcategory\\variantcategory.php', 44)
 2 SYSTEMPATH\View\View.php(213): include('C:\\xampp\\htdocs\\variant\\app\\Views\\variantcategory\\variantcategory.php')
 3 SYSTEMPATH\View\View.php(216): CodeIgniter\View\View->CodeIgniter\View\{closure}()
 4 SYSTEMPATH\Common.php(1184): CodeIgniter\View\View->render('variantcategory/variantcategory', [], true)
 5 APPPATH\Controllers\VcategoriesController.php(76): view('variantcategory/variantcategory')
 6 SYSTEMPATH\CodeIgniter.php(934): App\Controllers\VcategoriesController->deletecategory('11')
 7 SYSTEMPATH\CodeIgniter.php(499): CodeIgniter\CodeIgniter->runController(Object(App\Controllers\VcategoriesController))
 8 SYSTEMPATH\CodeIgniter.php(368): CodeIgniter\CodeIgniter->handleRequest(null, Object(Config\Cache), false)
 9 FCPATH\index.php(67): CodeIgniter\CodeIgniter->run()
CRITICAL - 2023-07-26 12:47:24 --> Undefined variable $cattable
in APPPATH\Views\variantcategory\variantcategory.php on line 44.
 1 APPPATH\Views\variantcategory\variantcategory.php(44): CodeIgniter\Debug\Exceptions->errorHandler(2, 'Undefined variable $cattable', 'C:\\xampp\\htdocs\\variant\\app\\Views\\variantcategory\\variantcategory.php', 44)
 2 SYSTEMPATH\View\View.php(213): include('C:\\xampp\\htdocs\\variant\\app\\Views\\variantcategory\\variantcategory.php')
 3 SYSTEMPATH\View\View.php(216): CodeIgniter\View\View->CodeIgniter\View\{closure}()
 4 SYSTEMPATH\Common.php(1184): CodeIgniter\View\View->render('variantcategory/variantcategory', [], true)
 5 APPPATH\Controllers\VcategoriesController.php(118): view('variantcategory/variantcategory')
 6 SYSTEMPATH\CodeIgniter.php(934): App\Controllers\VcategoriesController->updatevarcategory('1')
 7 SYSTEMPATH\CodeIgniter.php(499): CodeIgniter\CodeIgniter->runController(Object(App\Controllers\VcategoriesController))
 8 SYSTEMPATH\CodeIgniter.php(368): CodeIgniter\CodeIgniter->handleRequest(null, Object(Config\Cache), false)
 9 FCPATH\index.php(67): CodeIgniter\CodeIgniter->run()
ERROR - 2023-07-26 13:26:19 --> mysqli_sql_exception: Column 'Recommended' cannot be null in C:\xampp\htdocs\variant\system\Database\MySQLi\Connection.php:295
Stack trace:
#0 C:\xampp\htdocs\variant\system\Database\MySQLi\Connection.php(295): mysqli->query('INSERT INTO `ar...', 0)
#1 C:\xampp\htdocs\variant\system\Database\BaseConnection.php(692): CodeIgniter\Database\MySQLi\Connection->execute('INSERT INTO `ar...')
#2 C:\xampp\htdocs\variant\system\Database\BaseConnection.php(606): CodeIgniter\Database\BaseConnection->simpleQuery('INSERT INTO `ar...')
#3 C:\xampp\htdocs\variant\system\Database\BaseBuilder.php(2309): CodeIgniter\Database\BaseConnection->query('INSERT INTO `ar...', Array, false)
#4 C:\xampp\htdocs\variant\system\Model.php(330): CodeIgniter\Database\BaseBuilder->insert()
#5 C:\xampp\htdocs\variant\system\BaseModel.php(782): CodeIgniter\Model->doInsert(Array)
#6 C:\xampp\htdocs\variant\system\Model.php(730): CodeIgniter\BaseModel->insert(Array, true)
#7 C:\xampp\htdocs\variant\app\Controllers\PostController.php(204): CodeIgniter\Model->insert(Array)
#8 C:\xampp\htdocs\variant\system\CodeIgniter.php(934): App\Controllers\PostController->galleryform()
#9 C:\xampp\htdocs\variant\system\CodeIgniter.php(499): CodeIgniter\CodeIgniter->runController(Object(App\Controllers\PostController))
#10 C:\xampp\htdocs\variant\system\CodeIgniter.php(368): CodeIgniter\CodeIgniter->handleRequest(NULL, Object(Config\Cache), false)
#11 C:\xampp\htdocs\variant\index.php(67): CodeIgniter\CodeIgniter->run()
#12 {main}
CRITICAL - 2023-07-26 13:26:19 --> Column 'Recommended' cannot be null
in SYSTEMPATH\Database\MySQLi\Connection.php on line 295.
 1 SYSTEMPATH\Database\MySQLi\Connection.php(295): mysqli->query('INSERT INTO `articletable` (`title`, `Slug`, `Summary`, `Keywords`, `visibility`, `Featured`, `Breaking`, `Slider`, `Recommended`, `Registered`, `tags`, `OptionalUrl`, `ImageUrl`, `ImageDescription`, `AdditionalImages`, `Files`, `language`, `category`, `subcategory`, `datePublished`) VALUES (\'GALLERY\', \'GALLERY\', \'GALLERY\', \'GALLERY\', \'show\', \'1\', \'1\', \'1\', NULL, NULL, \'GALLERY\', \'GALLERY\', \'GALLERY\', \'GALLERY\', \'1690377979_3e37346a808c46a7e89c.jpg\', \'1690377979_3cd096f56a499b0b1dd4.pdf\', \'3\', \'8\', \'Football\', \'2023-07-18\')', 0)
 2 SYSTEMPATH\Database\BaseConnection.php(692): CodeIgniter\Database\MySQLi\Connection->execute('INSERT INTO `articletable` (`title`, `Slug`, `Summary`, `Keywords`, `visibility`, `Featured`, `Breaking`, `Slider`, `Recommended`, `Registered`, `tags`, `OptionalUrl`, `ImageUrl`, `ImageDescription`, `AdditionalImages`, `Files`, `language`, `category`, `subcategory`, `datePublished`) VALUES (\'GALLERY\', \'GALLERY\', \'GALLERY\', \'GALLERY\', \'show\', \'1\', \'1\', \'1\', NULL, NULL, \'GALLERY\', \'GALLERY\', \'GALLERY\', \'GALLERY\', \'1690377979_3e37346a808c46a7e89c.jpg\', \'1690377979_3cd096f56a499b0b1dd4.pdf\', \'3\', \'8\', \'Football\', \'2023-07-18\')')
 3 SYSTEMPATH\Database\BaseConnection.php(606): CodeIgniter\Database\BaseConnection->simpleQuery('INSERT INTO `articletable` (`title`, `Slug`, `Summary`, `Keywords`, `visibility`, `Featured`, `Breaking`, `Slider`, `Recommended`, `Registered`, `tags`, `OptionalUrl`, `ImageUrl`, `ImageDescription`, `AdditionalImages`, `Files`, `language`, `category`, `subcategory`, `datePublished`) VALUES (\'GALLERY\', \'GALLERY\', \'GALLERY\', \'GALLERY\', \'show\', \'1\', \'1\', \'1\', NULL, NULL, \'GALLERY\', \'GALLERY\', \'GALLERY\', \'GALLERY\', \'1690377979_3e37346a808c46a7e89c.jpg\', \'1690377979_3cd096f56a499b0b1dd4.pdf\', \'3\', \'8\', \'Football\', \'2023-07-18\')')
 4 SYSTEMPATH\Database\BaseBuilder.php(2309): CodeIgniter\Database\BaseConnection->query('INSERT INTO `articletable` (`title`, `Slug`, `Summary`, `Keywords`, `visibility`, `Featured`, `Breaking`, `Slider`, `Recommended`, `Registered`, `tags`, `OptionalUrl`, `ImageUrl`, `ImageDescription`, `AdditionalImages`, `Files`, `language`, `category`, `subcategory`, `datePublished`) VALUES (:title:, :Slug:, :Summary:, :Keywords:, :visibility:, :Featured:, :Breaking:, :Slider:, :Recommended:, :Registered:, :tags:, :OptionalUrl:, :ImageUrl:, :ImageDescription:, :AdditionalImages:, :Files:, :language:, :category:, :subcategory:, :datePublished:)', [...], false)
 5 SYSTEMPATH\Model.php(330): CodeIgniter\Database\BaseBuilder->insert()
 6 SYSTEMPATH\BaseModel.php(782): CodeIgniter\Model->doInsert([...])
 7 SYSTEMPATH\Model.php(730): CodeIgniter\BaseModel->insert([...], true)
 8 APPPATH\Controllers\PostController.php(204): CodeIgniter\Model->insert([...])
 9 SYSTEMPATH\CodeIgniter.php(934): App\Controllers\PostController->galleryform()
10 SYSTEMPATH\CodeIgniter.php(499): CodeIgniter\CodeIgniter->runController(Object(App\Controllers\PostController))
11 SYSTEMPATH\CodeIgniter.php(368): CodeIgniter\CodeIgniter->handleRequest(null, Object(Config\Cache), false)
12 FCPATH\index.php(67): CodeIgniter\CodeIgniter->run()
